This file contains any messages produced by compilers while
running configure, to aid debugging if configure makes a mistake.

It was created by configure, which was
generated by GNU Autoconf 2.67.  Invocation command line was

  $ ./configure --build=i686-linux --host=mips-linux --enable-ipv6 --disable-client --with-protocols=rip

## --------- ##
## Platform. ##
## --------- ##

hostname = lynnpu-vbox
uname -m = i686
uname -r = 3.2.0-23-generic
uname -s = Linux
uname -v = #36-Ubuntu SMP Tue Apr 10 20:41:14 UTC 2012

/usr/bin/uname -p = unknown
/bin/uname -X     = unknown

/bin/arch              = unknown
/usr/bin/arch -k       = unknown
/usr/convex/getsysinfo = unknown
/usr/bin/hostinfo      = unknown
/bin/machine           = unknown
/usr/bin/oslevel       = unknown
/bin/universe          = unknown

PATH: /rlxwork/branch-rtl819x-sdk-v3.4/toolchain/rsdk-1.5.5-5281-EB-2.6.30-0.9.30.3-110714/bin
PATH: /rlxwork/branch-rtl819x-sdk-v3.4.6/toolchain/rsdk-1.3.6-4181-EB-2.6.30-0.9.30/bin
PATH: /usr/local/sbin
PATH: /usr/local/bin
PATH: /usr/sbin
PATH: /usr/bin
PATH: /sbin
PATH: /bin
PATH: /usr/games


## ----------- ##
## Core tests. ##
## ----------- ##

configure:2396: checking for mips-linux-gcc
configure:2412: found /rlxwork/branch-rtl819x-sdk-v3.4/toolchain/rsdk-1.5.5-5281-EB-2.6.30-0.9.30.3-110714/bin/mips-linux-gcc
configure:2423: result: mips-linux-gcc
configure:2692: checking for C compiler version
configure:2701: mips-linux-gcc --version >&5
mips-linux-xgcc (GCC) 4.4.5-1.5.5p4
Copyright (C) 2010 Free Software Foundation, Inc.
This is free software; see the source for copying conditions.  There is NO
warranty; not even for MERCHANTABILITY or FITNESS FOR A PARTICULAR PURPOSE.

configure:2712: $? = 0
configure:2701: mips-linux-gcc -v >&5
Using built-in specs.
Target: mips-linux
Configured with: RSDK Builder release 1.5
Thread model: posix
gcc version 4.4.5-1.5.5p4 (GCC) 
configure:2712: $? = 0
configure:2701: mips-linux-gcc -V >&5
mips-linux-xgcc: '-V' must come at the start of the command line
configure:2712: $? = 1
configure:2701: mips-linux-gcc -qversion >&5
mips-linux-xgcc: unrecognized option '-qversion'
mips-linux-xgcc: no input files
configure:2712: $? = 1
configure:2732: checking whether the C compiler works
configure:2754: mips-linux-gcc    conftest.c  >&5
configure:2758: $? = 0
configure:2806: result: yes
configure:2809: checking for C compiler default output file name
configure:2811: result: a.out
configure:2817: checking for suffix of executables
configure:2824: mips-linux-gcc -o conftest    conftest.c  >&5
configure:2828: $? = 0
configure:2850: result: 
configure:2872: checking whether we are cross compiling
configure:2910: result: yes
configure:2915: checking for suffix of object files
configure:2937: mips-linux-gcc -c   conftest.c >&5
configure:2941: $? = 0
configure:2962: result: o
configure:2966: checking whether we are using the GNU C compiler
configure:2985: mips-linux-gcc -c   conftest.c >&5
configure:2985: $? = 0
configure:2994: result: yes
configure:3003: checking whether mips-linux-gcc accepts -g
configure:3023: mips-linux-gcc -c -g  conftest.c >&5
configure:3023: $? = 0
configure:3064: result: yes
configure:3081: checking for mips-linux-gcc option to accept ISO C89
configure:3145: mips-linux-gcc  -c -g -O2  conftest.c >&5
configure:3145: $? = 0
configure:3158: result: none needed
configure:3179: checking for library containing clock_gettime
configure:3210: mips-linux-gcc -o conftest -g -O2   conftest.c  >&5
configure:3210: $? = 0
configure:3227: result: none required
configure:3240: checking build system type
configure:3254: result: i686-pc-linux-gnu
configure:3274: checking host system type
configure:3287: result: mips-unknown-linux-gnu
configure:3321: checking for mips-linux-gcc
configure:3348: result: mips-linux-gcc
configure:3617: checking for C compiler version
configure:3626: mips-linux-gcc --version >&5
mips-linux-xgcc (GCC) 4.4.5-1.5.5p4
Copyright (C) 2010 Free Software Foundation, Inc.
This is free software; see the source for copying conditions.  There is NO
warranty; not even for MERCHANTABILITY or FITNESS FOR A PARTICULAR PURPOSE.

configure:3637: $? = 0
configure:3626: mips-linux-gcc -v >&5
Using built-in specs.
Target: mips-linux
Configured with: RSDK Builder release 1.5
Thread model: posix
gcc version 4.4.5-1.5.5p4 (GCC) 
configure:3637: $? = 0
configure:3626: mips-linux-gcc -V >&5
mips-linux-xgcc: '-V' must come at the start of the command line
configure:3637: $? = 1
configure:3626: mips-linux-gcc -qversion >&5
mips-linux-xgcc: unrecognized option '-qversion'
mips-linux-xgcc: no input files
configure:3637: $? = 1
configure:3641: checking whether we are using the GNU C compiler
configure:3669: result: yes
configure:3678: checking whether mips-linux-gcc accepts -g
configure:3739: result: yes
configure:3756: checking for mips-linux-gcc option to accept ISO C89
configure:3833: result: none needed
configure:3870: checking whether POSIX threads are available
configure:3886: mips-linux-gcc -o conftest -g -O2 -pthread   conftest.c  >&5
configure:3886: $? = 0
configure:3894: result: yes
configure:3920: checking whether CC supports -Wno-pointer-sign
configure:3936: mips-linux-gcc -c -Wall -Wno-pointer-sign  conftest.c >&5
configure:3936: $? = 0
configure:3943: result: yes
configure:3952: checking whether CC supports -fno-strict-aliasing
configure:3968: mips-linux-gcc -c  -fno-strict-aliasing  conftest.c >&5
configure:3968: $? = 0
configure:3975: result: yes
configure:3984: checking whether CC supports -fno-strict-overflow
configure:4000: mips-linux-gcc -c  -fno-strict-overflow  conftest.c >&5
configure:4000: $? = 0
configure:4007: result: yes
configure:4030: checking CFLAGS
configure:4032: result: -g -O2 -pthread -Wall -Wstrict-prototypes -Wno-parentheses -Wno-pointer-sign -fno-strict-aliasing -fno-strict-overflow
configure:4041: checking how to run the C preprocessor
configure:4072: mips-linux-gcc -E  conftest.c
configure:4072: $? = 0
configure:4086: mips-linux-gcc -E  conftest.c
conftest.c:10:28: error: ac_nonexistent.h: No such file or directory
configure:4086: $? = 1
configure: failed program was:
| /* confdefs.h */
| #define PACKAGE_NAME ""
| #define PACKAGE_TARNAME ""
| #define PACKAGE_VERSION ""
| #define PACKAGE_STRING ""
| #define PACKAGE_BUGREPORT ""
| #define PACKAGE_URL ""
| #define USE_PTHREADS 1
| /* end confdefs.h.  */
| #include <ac_nonexistent.h>
configure:4111: result: mips-linux-gcc -E
configure:4131: mips-linux-gcc -E  conftest.c
configure:4131: $? = 0
configure:4145: mips-linux-gcc -E  conftest.c
conftest.c:10:28: error: ac_nonexistent.h: No such file or directory
configure:4145: $? = 1
configure: failed program was:
| /* confdefs.h */
| #define PACKAGE_NAME ""
| #define PACKAGE_TARNAME ""
| #define PACKAGE_VERSION ""
| #define PACKAGE_STRING ""
| #define PACKAGE_BUGREPORT ""
| #define PACKAGE_URL ""
| #define USE_PTHREADS 1
| /* end confdefs.h.  */
| #include <ac_nonexistent.h>
configure:4187: checking for a BSD-compatible install
configure:4255: result: /usr/bin/install -c
configure:4269: checking for mips-linux-ranlib
configure:4285: found /rlxwork/branch-rtl819x-sdk-v3.4/toolchain/rsdk-1.5.5-5281-EB-2.6.30-0.9.30.3-110714/bin/mips-linux-ranlib
configure:4296: result: mips-linux-ranlib
configure:4360: checking for flex
configure:4376: found /usr/bin/flex
configure:4387: result: flex
configure:4397: checking for bison
configure:4413: found /usr/bin/bison
configure:4424: result: bison
configure:4436: checking for gm4
configure:4466: result: no
configure:4436: checking for m4
configure:4452: found /usr/bin/m4
configure:4463: result: m4
configure:4535: checking which OS configuration should we use
configure:4537: result: ./sysdep/cf/linux-v6.h
configure:4548: checking system-dependent directories
configure:4551: result: sysdep/linux sysdep/unix  lib
configure:4571: checking protocols
configure:4586: result: ok
configure:4592: checking for linux/rtnetlink.h
configure:4592: mips-linux-gcc -c -g -O2 -pthread -Wall -Wstrict-prototypes -Wno-parentheses -Wno-pointer-sign -fno-strict-aliasing -fno-strict-overflow  conftest.c >&5
configure:4592: $? = 0
configure:4592: result: yes
configure:4608: checking for grep that handles long lines and -e
configure:4666: result: /bin/grep
configure:4671: checking for egrep
configure:4733: result: /bin/grep -E
configure:4738: checking for ANSI C header files
configure:4758: mips-linux-gcc -c -g -O2 -pthread -Wall -Wstrict-prototypes -Wno-parentheses -Wno-pointer-sign -fno-strict-aliasing -fno-strict-overflow  conftest.c >&5
conftest.c:19: warning: function declaration isn't a prototype
configure:4758: $? = 0
configure:4842: result: yes
configure:4855: checking for sys/types.h
configure:4855: mips-linux-gcc -c -g -O2 -pthread -Wall -Wstrict-prototypes -Wno-parentheses -Wno-pointer-sign -fno-strict-aliasing -fno-strict-overflow  conftest.c >&5
configure:4855: $? = 0
configure:4855: result: yes
configure:4855: checking for sys/stat.h
configure:4855: mips-linux-gcc -c -g -O2 -pthread -Wall -Wstrict-prototypes -Wno-parentheses -Wno-pointer-sign -fno-strict-aliasing -fno-strict-overflow  conftest.c >&5
configure:4855: $? = 0
configure:4855: result: yes
configure:4855: checking for stdlib.h
configure:4855: mips-linux-gcc -c -g -O2 -pthread -Wall -Wstrict-prototypes -Wno-parentheses -Wno-pointer-sign -fno-strict-aliasing -fno-strict-overflow  conftest.c >&5
configure:4855: $? = 0
configure:4855: result: yes
configure:4855: checking for string.h
configure:4855: mips-linux-gcc -c -g -O2 -pthread -Wall -Wstrict-prototypes -Wno-parentheses -Wno-pointer-sign -fno-strict-aliasing -fno-strict-overflow  conftest.c >&5
configure:4855: $? = 0
configure:4855: result: yes
configure:4855: checking for memory.h
configure:4855: mips-linux-gcc -c -g -O2 -pthread -Wall -Wstrict-prototypes -Wno-parentheses -Wno-pointer-sign -fno-strict-aliasing -fno-strict-overflow  conftest.c >&5
configure:4855: $? = 0
configure:4855: result: yes
configure:4855: checking for strings.h
configure:4855: mips-linux-gcc -c -g -O2 -pthread -Wall -Wstrict-prototypes -Wno-parentheses -Wno-pointer-sign -fno-strict-aliasing -fno-strict-overflow  conftest.c >&5
configure:4855: $? = 0
configure:4855: result: yes
configure:4855: checking for inttypes.h
configure:4855: mips-linux-gcc -c -g -O2 -pthread -Wall -Wstrict-prototypes -Wno-parentheses -Wno-pointer-sign -fno-strict-aliasing -fno-strict-overflow  conftest.c >&5
configure:4855: $? = 0
configure:4855: result: yes
configure:4855: checking for stdint.h
configure:4855: mips-linux-gcc -c -g -O2 -pthread -Wall -Wstrict-prototypes -Wno-parentheses -Wno-pointer-sign -fno-strict-aliasing -fno-strict-overflow  conftest.c >&5
configure:4855: $? = 0
configure:4855: result: yes
configure:4855: checking for unistd.h
configure:4855: mips-linux-gcc -c -g -O2 -pthread -Wall -Wstrict-prototypes -Wno-parentheses -Wno-pointer-sign -fno-strict-aliasing -fno-strict-overflow  conftest.c >&5
configure:4855: $? = 0
configure:4855: result: yes
configure:4867: checking syslog.h usability
configure:4867: mips-linux-gcc -c -g -O2 -pthread -Wall -Wstrict-prototypes -Wno-parentheses -Wno-pointer-sign -fno-strict-aliasing -fno-strict-overflow  conftest.c >&5
configure:4867: $? = 0
configure:4867: result: yes
configure:4867: checking syslog.h presence
configure:4867: mips-linux-gcc -E  conftest.c
configure:4867: $? = 0
configure:4867: result: yes
configure:4867: checking for syslog.h
configure:4867: result: yes
configure:4874: checking alloca.h usability
configure:4874: mips-linux-gcc -c -g -O2 -pthread -Wall -Wstrict-prototypes -Wno-parentheses -Wno-pointer-sign -fno-strict-aliasing -fno-strict-overflow  conftest.c >&5
configure:4874: $? = 0
configure:4874: result: yes
configure:4874: checking alloca.h presence
configure:4874: mips-linux-gcc -E  conftest.c
configure:4874: $? = 0
configure:4874: result: yes
configure:4874: checking for alloca.h
configure:4874: result: yes
configure:4881: checking whether 'struct sockaddr' has sa_len
configure:4896: mips-linux-gcc -c -g -O2 -pthread -Wall -Wstrict-prototypes -Wno-parentheses -Wno-pointer-sign -fno-strict-aliasing -fno-strict-overflow  conftest.c >&5
conftest.c:29: warning: function declaration isn't a prototype
conftest.c: In function 'main':
conftest.c:30: error: 'struct sockaddr' has no member named 'sa_len'
conftest.c:30: warning: unused variable 'i'
configure:4896: $? = 1
configure: failed program was:
| /* confdefs.h */
| #define PACKAGE_NAME ""
| #define PACKAGE_TARNAME ""
| #define PACKAGE_VERSION ""
| #define PACKAGE_STRING ""
| #define PACKAGE_BUGREPORT ""
| #define PACKAGE_URL ""
| #define USE_PTHREADS 1
| #define SYSCONF_INCLUDE "./sysdep/cf/linux-v6.h"
| #define CONFIG_RIP 1
| #define STDC_HEADERS 1
| #define HAVE_SYS_TYPES_H 1
| #define HAVE_SYS_STAT_H 1
| #define HAVE_STDLIB_H 1
| #define HAVE_STRING_H 1
| #define HAVE_MEMORY_H 1
| #define HAVE_STRINGS_H 1
| #define HAVE_INTTYPES_H 1
| #define HAVE_STDINT_H 1
| #define HAVE_UNISTD_H 1
| #define HAVE_SYSLOG 1
| #define HAVE_ALLOCA_H 1
| /* end confdefs.h.  */
| #include <sys/types.h>
|   #include <sys/socket.h>
| 
| int
| main ()
| {
| static struct sockaddr sa; int i = sizeof(sa.sa_len);
|   ;
|   return 0;
| }
configure:4903: result: no
configure:4908: checking whether byte ordering is bigendian
configure:4923: mips-linux-gcc -c -g -O2 -pthread -Wall -Wstrict-prototypes -Wno-parentheses -Wno-pointer-sign -fno-strict-aliasing -fno-strict-overflow  conftest.c >&5
conftest.c:25: error: expected '=', ',', ';', 'asm' or '__attribute__' before 'a'
configure:4923: $? = 1
configure: failed program was:
| /* confdefs.h */
| #define PACKAGE_NAME ""
| #define PACKAGE_TARNAME ""
| #define PACKAGE_VERSION ""
| #define PACKAGE_STRING ""
| #define PACKAGE_BUGREPORT ""
| #define PACKAGE_URL ""
| #define USE_PTHREADS 1
| #define SYSCONF_INCLUDE "./sysdep/cf/linux-v6.h"
| #define CONFIG_RIP 1
| #define STDC_HEADERS 1
| #define HAVE_SYS_TYPES_H 1
| #define HAVE_SYS_STAT_H 1
| #define HAVE_STDLIB_H 1
| #define HAVE_STRING_H 1
| #define HAVE_MEMORY_H 1
| #define HAVE_STRINGS_H 1
| #define HAVE_INTTYPES_H 1
| #define HAVE_STDINT_H 1
| #define HAVE_UNISTD_H 1
| #define HAVE_SYSLOG 1
| #define HAVE_ALLOCA_H 1
| /* end confdefs.h.  */
| #ifndef __APPLE_CC__
| 	       not a universal capable compiler
| 	     #endif
| 	     typedef int dummy;
| 
configure:4968: mips-linux-gcc -c -g -O2 -pthread -Wall -Wstrict-prototypes -Wno-parentheses -Wno-pointer-sign -fno-strict-aliasing -fno-strict-overflow  conftest.c >&5
conftest.c:29: warning: function declaration isn't a prototype
configure:4968: $? = 0
configure:4986: mips-linux-gcc -c -g -O2 -pthread -Wall -Wstrict-prototypes -Wno-parentheses -Wno-pointer-sign -fno-strict-aliasing -fno-strict-overflow  conftest.c >&5
conftest.c:29: warning: function declaration isn't a prototype
configure:4986: $? = 0
configure:5114: result: yes
configure:5137: checking size of char
configure:5142: mips-linux-gcc -c -g -O2 -pthread -Wall -Wstrict-prototypes -Wno-parentheses -Wno-pointer-sign -fno-strict-aliasing -fno-strict-overflow  conftest.c >&5
conftest.c:60: warning: function declaration isn't a prototype
configure:5142: $? = 0
configure:5142: mips-linux-gcc -c -g -O2 -pthread -Wall -Wstrict-prototypes -Wno-parentheses -Wno-pointer-sign -fno-strict-aliasing -fno-strict-overflow  conftest.c >&5
conftest.c:60: warning: function declaration isn't a prototype
conftest.c: In function 'main':
conftest.c:61: error: size of array 'test_array' is negative
configure:5142: $? = 1
configure: failed program was:
| /* confdefs.h */
| #define PACKAGE_NAME ""
| #define PACKAGE_TARNAME ""
| #define PACKAGE_VERSION ""
| #define PACKAGE_STRING ""
| #define PACKAGE_BUGREPORT ""
| #define PACKAGE_URL ""
| #define USE_PTHREADS 1
| #define SYSCONF_INCLUDE "./sysdep/cf/linux-v6.h"
| #define CONFIG_RIP 1
| #define STDC_HEADERS 1
| #define HAVE_SYS_TYPES_H 1
| #define HAVE_SYS_STAT_H 1
| #define HAVE_STDLIB_H 1
| #define HAVE_STRING_H 1
| #define HAVE_MEMORY_H 1
| #define HAVE_STRINGS_H 1
| #define HAVE_INTTYPES_H 1
| #define HAVE_STDINT_H 1
| #define HAVE_UNISTD_H 1
| #define HAVE_SYSLOG 1
| #define HAVE_ALLOCA_H 1
| #define CPU_BIG_ENDIAN 1
| /* end confdefs.h.  */
| #include <stdio.h>
| #ifdef HAVE_SYS_TYPES_H
| # include <sys/types.h>
| #endif
| #ifdef HAVE_SYS_STAT_H
| # include <sys/stat.h>
| #endif
| #ifdef STDC_HEADERS
| # include <stdlib.h>
| # include <stddef.h>
| #else
| # ifdef HAVE_STDLIB_H
| #  include <stdlib.h>
| # endif
| #endif
| #ifdef HAVE_STRING_H
| # if !defined STDC_HEADERS && defined HAVE_MEMORY_H
| #  include <memory.h>
| # endif
| # include <string.h>
| #endif
| #ifdef HAVE_STRINGS_H
| # include <strings.h>
| #endif
| #ifdef HAVE_INTTYPES_H
| # include <inttypes.h>
| #endif
| #ifdef HAVE_STDINT_H
| # include <stdint.h>
| #endif
| #ifdef HAVE_UNISTD_H
| # include <unistd.h>
| #endif
| int
| main ()
| {
| static int test_array [1 - 2 * !(((long int) (sizeof (char))) <= 0)];
| test_array [0] = 0
| 
|   ;
|   return 0;
| }
configure:5142: mips-linux-gcc -c -g -O2 -pthread -Wall -Wstrict-prototypes -Wno-parentheses -Wno-pointer-sign -fno-strict-aliasing -fno-strict-overflow  conftest.c >&5
conftest.c:60: warning: function declaration isn't a prototype
configure:5142: $? = 0
configure:5156: result: 1
configure:5170: checking size of short int
configure:5175: mips-linux-gcc -c -g -O2 -pthread -Wall -Wstrict-prototypes -Wno-parentheses -Wno-pointer-sign -fno-strict-aliasing -fno-strict-overflow  conftest.c >&5
conftest.c:61: warning: function declaration isn't a prototype
configure:5175: $? = 0
configure:5175: mips-linux-gcc -c -g -O2 -pthread -Wall -Wstrict-prototypes -Wno-parentheses -Wno-pointer-sign -fno-strict-aliasing -fno-strict-overflow  conftest.c >&5
conftest.c:61: warning: function declaration isn't a prototype
conftest.c: In function 'main':
conftest.c:62: error: size of array 'test_array' is negative
configure:5175: $? = 1
configure: failed program was:
| /* confdefs.h */
| #define PACKAGE_NAME ""
| #define PACKAGE_TARNAME ""
| #define PACKAGE_VERSION ""
| #define PACKAGE_STRING ""
| #define PACKAGE_BUGREPORT ""
| #define PACKAGE_URL ""
| #define USE_PTHREADS 1
| #define SYSCONF_INCLUDE "./sysdep/cf/linux-v6.h"
| #define CONFIG_RIP 1
| #define STDC_HEADERS 1
| #define HAVE_SYS_TYPES_H 1
| #define HAVE_SYS_STAT_H 1
| #define HAVE_STDLIB_H 1
| #define HAVE_STRING_H 1
| #define HAVE_MEMORY_H 1
| #define HAVE_STRINGS_H 1
| #define HAVE_INTTYPES_H 1
| #define HAVE_STDINT_H 1
| #define HAVE_UNISTD_H 1
| #define HAVE_SYSLOG 1
| #define HAVE_ALLOCA_H 1
| #define CPU_BIG_ENDIAN 1
| #define SIZEOF_CHAR 1
| /* end confdefs.h.  */
| #include <stdio.h>
| #ifdef HAVE_SYS_TYPES_H
| # include <sys/types.h>
| #endif
| #ifdef HAVE_SYS_STAT_H
| # include <sys/stat.h>
| #endif
| #ifdef STDC_HEADERS
| # include <stdlib.h>
| # include <stddef.h>
| #else
| # ifdef HAVE_STDLIB_H
| #  include <stdlib.h>
| # endif
| #endif
| #ifdef HAVE_STRING_H
| # if !defined STDC_HEADERS && defined HAVE_MEMORY_H
| #  include <memory.h>
| # endif
| # include <string.h>
| #endif
| #ifdef HAVE_STRINGS_H
| # include <strings.h>
| #endif
| #ifdef HAVE_INTTYPES_H
| # include <inttypes.h>
| #endif
| #ifdef HAVE_STDINT_H
| # include <stdint.h>
| #endif
| #ifdef HAVE_UNISTD_H
| # include <unistd.h>
| #endif
| int
| main ()
| {
| static int test_array [1 - 2 * !(((long int) (sizeof (short int))) <= 0)];
| test_array [0] = 0
| 
|   ;
|   return 0;
| }
configure:5175: mips-linux-gcc -c -g -O2 -pthread -Wall -Wstrict-prototypes -Wno-parentheses -Wno-pointer-sign -fno-strict-aliasing -fno-strict-overflow  conftest.c >&5
conftest.c:61: warning: function declaration isn't a prototype
conftest.c: In function 'main':
conftest.c:62: error: size of array 'test_array' is negative
configure:5175: $? = 1
configure: failed program was:
| /* confdefs.h */
| #define PACKAGE_NAME ""
| #define PACKAGE_TARNAME ""
| #define PACKAGE_VERSION ""
| #define PACKAGE_STRING ""
| #define PACKAGE_BUGREPORT ""
| #define PACKAGE_URL ""
| #define USE_PTHREADS 1
| #define SYSCONF_INCLUDE "./sysdep/cf/linux-v6.h"
| #define CONFIG_RIP 1
| #define STDC_HEADERS 1
| #define HAVE_SYS_TYPES_H 1
| #define HAVE_SYS_STAT_H 1
| #define HAVE_STDLIB_H 1
| #define HAVE_STRING_H 1
| #define HAVE_MEMORY_H 1
| #define HAVE_STRINGS_H 1
| #define HAVE_INTTYPES_H 1
| #define HAVE_STDINT_H 1
| #define HAVE_UNISTD_H 1
| #define HAVE_SYSLOG 1
| #define HAVE_ALLOCA_H 1
| #define CPU_BIG_ENDIAN 1
| #define SIZEOF_CHAR 1
| /* end confdefs.h.  */
| #include <stdio.h>
| #ifdef HAVE_SYS_TYPES_H
| # include <sys/types.h>
| #endif
| #ifdef HAVE_SYS_STAT_H
| # include <sys/stat.h>
| #endif
| #ifdef STDC_HEADERS
| # include <stdlib.h>
| # include <stddef.h>
| #else
| # ifdef HAVE_STDLIB_H
| #  include <stdlib.h>
| # endif
| #endif
| #ifdef HAVE_STRING_H
| # if !defined STDC_HEADERS && defined HAVE_MEMORY_H
| #  include <memory.h>
| # endif
| # include <string.h>
| #endif
| #ifdef HAVE_STRINGS_H
| # include <strings.h>
| #endif
| #ifdef HAVE_INTTYPES_H
| # include <inttypes.h>
| #endif
| #ifdef HAVE_STDINT_H
| # include <stdint.h>
| #endif
| #ifdef HAVE_UNISTD_H
| # include <unistd.h>
| #endif
| int
| main ()
| {
| static int test_array [1 - 2 * !(((long int) (sizeof (short int))) <= 1)];
| test_array [0] = 0
| 
|   ;
|   return 0;
| }
configure:5175: mips-linux-gcc -c -g -O2 -pthread -Wall -Wstrict-prototypes -Wno-parentheses -Wno-pointer-sign -fno-strict-aliasing -fno-strict-overflow  conftest.c >&5
conftest.c:61: warning: function declaration isn't a prototype
configure:5175: $? = 0
configure:5175: mips-linux-gcc -c -g -O2 -pthread -Wall -Wstrict-prototypes -Wno-parentheses -Wno-pointer-sign -fno-strict-aliasing -fno-strict-overflow  conftest.c >&5
conftest.c:61: warning: function declaration isn't a prototype
configure:5175: $? = 0
configure:5189: result: 2
configure:5203: checking size of int
configure:5208: mips-linux-gcc -c -g -O2 -pthread -Wall -Wstrict-prototypes -Wno-parentheses -Wno-pointer-sign -fno-strict-aliasing -fno-strict-overflow  conftest.c >&5
conftest.c:62: warning: function declaration isn't a prototype
configure:5208: $? = 0
configure:5208: mips-linux-gcc -c -g -O2 -pthread -Wall -Wstrict-prototypes -Wno-parentheses -Wno-pointer-sign -fno-strict-aliasing -fno-strict-overflow  conftest.c >&5
conftest.c:62: warning: function declaration isn't a prototype
conftest.c: In function 'main':
conftest.c:63: error: size of array 'test_array' is negative
configure:5208: $? = 1
configure: failed program was:
| /* confdefs.h */
| #define PACKAGE_NAME ""
| #define PACKAGE_TARNAME ""
| #define PACKAGE_VERSION ""
| #define PACKAGE_STRING ""
| #define PACKAGE_BUGREPORT ""
| #define PACKAGE_URL ""
| #define USE_PTHREADS 1
| #define SYSCONF_INCLUDE "./sysdep/cf/linux-v6.h"
| #define CONFIG_RIP 1
| #define STDC_HEADERS 1
| #define HAVE_SYS_TYPES_H 1
| #define HAVE_SYS_STAT_H 1
| #define HAVE_STDLIB_H 1
| #define HAVE_STRING_H 1
| #define HAVE_MEMORY_H 1
| #define HAVE_STRINGS_H 1
| #define HAVE_INTTYPES_H 1
| #define HAVE_STDINT_H 1
| #define HAVE_UNISTD_H 1
| #define HAVE_SYSLOG 1
| #define HAVE_ALLOCA_H 1
| #define CPU_BIG_ENDIAN 1
| #define SIZEOF_CHAR 1
| #define SIZEOF_SHORT_INT 2
| /* end confdefs.h.  */
| #include <stdio.h>
| #ifdef HAVE_SYS_TYPES_H
| # include <sys/types.h>
| #endif
| #ifdef HAVE_SYS_STAT_H
| # include <sys/stat.h>
| #endif
| #ifdef STDC_HEADERS
| # include <stdlib.h>
| # include <stddef.h>
| #else
| # ifdef HAVE_STDLIB_H
| #  include <stdlib.h>
| # endif
| #endif
| #ifdef HAVE_STRING_H
| # if !defined STDC_HEADERS && defined HAVE_MEMORY_H
| #  include <memory.h>
| # endif
| # include <string.h>
| #endif
| #ifdef HAVE_STRINGS_H
| # include <strings.h>
| #endif
| #ifdef HAVE_INTTYPES_H
| # include <inttypes.h>
| #endif
| #ifdef HAVE_STDINT_H
| # include <stdint.h>
| #endif
| #ifdef HAVE_UNISTD_H
| # include <unistd.h>
| #endif
| int
| main ()
| {
| static int test_array [1 - 2 * !(((long int) (sizeof (int))) <= 0)];
| test_array [0] = 0
| 
|   ;
|   return 0;
| }
configure:5208: mips-linux-gcc -c -g -O2 -pthread -Wall -Wstrict-prototypes -Wno-parentheses -Wno-pointer-sign -fno-strict-aliasing -fno-strict-overflow  conftest.c >&5
conftest.c:62: warning: function declaration isn't a prototype
conftest.c: In function 'main':
conftest.c:63: error: size of array 'test_array' is negative
configure:5208: $? = 1
configure: failed program was:
| /* confdefs.h */
| #define PACKAGE_NAME ""
| #define PACKAGE_TARNAME ""
| #define PACKAGE_VERSION ""
| #define PACKAGE_STRING ""
| #define PACKAGE_BUGREPORT ""
| #define PACKAGE_URL ""
| #define USE_PTHREADS 1
| #define SYSCONF_INCLUDE "./sysdep/cf/linux-v6.h"
| #define CONFIG_RIP 1
| #define STDC_HEADERS 1
| #define HAVE_SYS_TYPES_H 1
| #define HAVE_SYS_STAT_H 1
| #define HAVE_STDLIB_H 1
| #define HAVE_STRING_H 1
| #define HAVE_MEMORY_H 1
| #define HAVE_STRINGS_H 1
| #define HAVE_INTTYPES_H 1
| #define HAVE_STDINT_H 1
| #define HAVE_UNISTD_H 1
| #define HAVE_SYSLOG 1
| #define HAVE_ALLOCA_H 1
| #define CPU_BIG_ENDIAN 1
| #define SIZEOF_CHAR 1
| #define SIZEOF_SHORT_INT 2
| /* end confdefs.h.  */
| #include <stdio.h>
| #ifdef HAVE_SYS_TYPES_H
| # include <sys/types.h>
| #endif
| #ifdef HAVE_SYS_STAT_H
| # include <sys/stat.h>
| #endif
| #ifdef STDC_HEADERS
| # include <stdlib.h>
| # include <stddef.h>
| #else
| # ifdef HAVE_STDLIB_H
| #  include <stdlib.h>
| # endif
| #endif
| #ifdef HAVE_STRING_H
| # if !defined STDC_HEADERS && defined HAVE_MEMORY_H
| #  include <memory.h>
| # endif
| # include <string.h>
| #endif
| #ifdef HAVE_STRINGS_H
| # include <strings.h>
| #endif
| #ifdef HAVE_INTTYPES_H
| # include <inttypes.h>
| #endif
| #ifdef HAVE_STDINT_H
| # include <stdint.h>
| #endif
| #ifdef HAVE_UNISTD_H
| # include <unistd.h>
| #endif
| int
| main ()
| {
| static int test_array [1 - 2 * !(((long int) (sizeof (int))) <= 1)];
| test_array [0] = 0
| 
|   ;
|   return 0;
| }
configure:5208: mips-linux-gcc -c -g -O2 -pthread -Wall -Wstrict-prototypes -Wno-parentheses -Wno-pointer-sign -fno-strict-aliasing -fno-strict-overflow  conftest.c >&5
conftest.c:62: warning: function declaration isn't a prototype
conftest.c: In function 'main':
conftest.c:63: error: size of array 'test_array' is negative
configure:5208: $? = 1
configure: failed program was:
| /* confdefs.h */
| #define PACKAGE_NAME ""
| #define PACKAGE_TARNAME ""
| #define PACKAGE_VERSION ""
| #define PACKAGE_STRING ""
| #define PACKAGE_BUGREPORT ""
| #define PACKAGE_URL ""
| #define USE_PTHREADS 1
| #define SYSCONF_INCLUDE "./sysdep/cf/linux-v6.h"
| #define CONFIG_RIP 1
| #define STDC_HEADERS 1
| #define HAVE_SYS_TYPES_H 1
| #define HAVE_SYS_STAT_H 1
| #define HAVE_STDLIB_H 1
| #define HAVE_STRING_H 1
| #define HAVE_MEMORY_H 1
| #define HAVE_STRINGS_H 1
| #define HAVE_INTTYPES_H 1
| #define HAVE_STDINT_H 1
| #define HAVE_UNISTD_H 1
| #define HAVE_SYSLOG 1
| #define HAVE_ALLOCA_H 1
| #define CPU_BIG_ENDIAN 1
| #define SIZEOF_CHAR 1
| #define SIZEOF_SHORT_INT 2
| /* end confdefs.h.  */
| #include <stdio.h>
| #ifdef HAVE_SYS_TYPES_H
| # include <sys/types.h>
| #endif
| #ifdef HAVE_SYS_STAT_H
| # include <sys/stat.h>
| #endif
| #ifdef STDC_HEADERS
| # include <stdlib.h>
| # include <stddef.h>
| #else
| # ifdef HAVE_STDLIB_H
| #  include <stdlib.h>
| # endif
| #endif
| #ifdef HAVE_STRING_H
| # if !defined STDC_HEADERS && defined HAVE_MEMORY_H
| #  include <memory.h>
| # endif
| # include <string.h>
| #endif
| #ifdef HAVE_STRINGS_H
| # include <strings.h>
| #endif
| #ifdef HAVE_INTTYPES_H
| # include <inttypes.h>
| #endif
| #ifdef HAVE_STDINT_H
| # include <stdint.h>
| #endif
| #ifdef HAVE_UNISTD_H
| # include <unistd.h>
| #endif
| int
| main ()
| {
| static int test_array [1 - 2 * !(((long int) (sizeof (int))) <= 3)];
| test_array [0] = 0
| 
|   ;
|   return 0;
| }
configure:5208: mips-linux-gcc -c -g -O2 -pthread -Wall -Wstrict-prototypes -Wno-parentheses -Wno-pointer-sign -fno-strict-aliasing -fno-strict-overflow  conftest.c >&5
conftest.c:62: warning: function declaration isn't a prototype
configure:5208: $? = 0
configure:5208: mips-linux-gcc -c -g -O2 -pthread -Wall -Wstrict-prototypes -Wno-parentheses -Wno-pointer-sign -fno-strict-aliasing -fno-strict-overflow  conftest.c >&5
conftest.c:62: warning: function declaration isn't a prototype
configure:5208: $? = 0
configure:5208: mips-linux-gcc -c -g -O2 -pthread -Wall -Wstrict-prototypes -Wno-parentheses -Wno-pointer-sign -fno-strict-aliasing -fno-strict-overflow  conftest.c >&5
conftest.c:62: warning: function declaration isn't a prototype
configure:5208: $? = 0
configure:5222: result: 4
configure:5236: checking size of long int
configure:5241: mips-linux-gcc -c -g -O2 -pthread -Wall -Wstrict-prototypes -Wno-parentheses -Wno-pointer-sign -fno-strict-aliasing -fno-strict-overflow  conftest.c >&5
conftest.c:63: warning: function declaration isn't a prototype
configure:5241: $? = 0
configure:5241: mips-linux-gcc -c -g -O2 -pthread -Wall -Wstrict-prototypes -Wno-parentheses -Wno-pointer-sign -fno-strict-aliasing -fno-strict-overflow  conftest.c >&5
conftest.c:63: warning: function declaration isn't a prototype
conftest.c: In function 'main':
conftest.c:64: error: size of array 'test_array' is negative
configure:5241: $? = 1
configure: failed program was:
| /* confdefs.h */
| #define PACKAGE_NAME ""
| #define PACKAGE_TARNAME ""
| #define PACKAGE_VERSION ""
| #define PACKAGE_STRING ""
| #define PACKAGE_BUGREPORT ""
| #define PACKAGE_URL ""
| #define USE_PTHREADS 1
| #define SYSCONF_INCLUDE "./sysdep/cf/linux-v6.h"
| #define CONFIG_RIP 1
| #define STDC_HEADERS 1
| #define HAVE_SYS_TYPES_H 1
| #define HAVE_SYS_STAT_H 1
| #define HAVE_STDLIB_H 1
| #define HAVE_STRING_H 1
| #define HAVE_MEMORY_H 1
| #define HAVE_STRINGS_H 1
| #define HAVE_INTTYPES_H 1
| #define HAVE_STDINT_H 1
| #define HAVE_UNISTD_H 1
| #define HAVE_SYSLOG 1
| #define HAVE_ALLOCA_H 1
| #define CPU_BIG_ENDIAN 1
| #define SIZEOF_CHAR 1
| #define SIZEOF_SHORT_INT 2
| #define SIZEOF_INT 4
| /* end confdefs.h.  */
| #include <stdio.h>
| #ifdef HAVE_SYS_TYPES_H
| # include <sys/types.h>
| #endif
| #ifdef HAVE_SYS_STAT_H
| # include <sys/stat.h>
| #endif
| #ifdef STDC_HEADERS
| # include <stdlib.h>
| # include <stddef.h>
| #else
| # ifdef HAVE_STDLIB_H
| #  include <stdlib.h>
| # endif
| #endif
| #ifdef HAVE_STRING_H
| # if !defined STDC_HEADERS && defined HAVE_MEMORY_H
| #  include <memory.h>
| # endif
| # include <string.h>
| #endif
| #ifdef HAVE_STRINGS_H
| # include <strings.h>
| #endif
| #ifdef HAVE_INTTYPES_H
| # include <inttypes.h>
| #endif
| #ifdef HAVE_STDINT_H
| # include <stdint.h>
| #endif
| #ifdef HAVE_UNISTD_H
| # include <unistd.h>
| #endif
| int
| main ()
| {
| static int test_array [1 - 2 * !(((long int) (sizeof (long int))) <= 0)];
| test_array [0] = 0
| 
|   ;
|   return 0;
| }
configure:5241: mips-linux-gcc -c -g -O2 -pthread -Wall -Wstrict-prototypes -Wno-parentheses -Wno-pointer-sign -fno-strict-aliasing -fno-strict-overflow  conftest.c >&5
conftest.c:63: warning: function declaration isn't a prototype
conftest.c: In function 'main':
conftest.c:64: error: size of array 'test_array' is negative
configure:5241: $? = 1
configure: failed program was:
| /* confdefs.h */
| #define PACKAGE_NAME ""
| #define PACKAGE_TARNAME ""
| #define PACKAGE_VERSION ""
| #define PACKAGE_STRING ""
| #define PACKAGE_BUGREPORT ""
| #define PACKAGE_URL ""
| #define USE_PTHREADS 1
| #define SYSCONF_INCLUDE "./sysdep/cf/linux-v6.h"
| #define CONFIG_RIP 1
| #define STDC_HEADERS 1
| #define HAVE_SYS_TYPES_H 1
| #define HAVE_SYS_STAT_H 1
| #define HAVE_STDLIB_H 1
| #define HAVE_STRING_H 1
| #define HAVE_MEMORY_H 1
| #define HAVE_STRINGS_H 1
| #define HAVE_INTTYPES_H 1
| #define HAVE_STDINT_H 1
| #define HAVE_UNISTD_H 1
| #define HAVE_SYSLOG 1
| #define HAVE_ALLOCA_H 1
| #define CPU_BIG_ENDIAN 1
| #define SIZEOF_CHAR 1
| #define SIZEOF_SHORT_INT 2
| #define SIZEOF_INT 4
| /* end confdefs.h.  */
| #include <stdio.h>
| #ifdef HAVE_SYS_TYPES_H
| # include <sys/types.h>
| #endif
| #ifdef HAVE_SYS_STAT_H
| # include <sys/stat.h>
| #endif
| #ifdef STDC_HEADERS
| # include <stdlib.h>
| # include <stddef.h>
| #else
| # ifdef HAVE_STDLIB_H
| #  include <stdlib.h>
| # endif
| #endif
| #ifdef HAVE_STRING_H
| # if !defined STDC_HEADERS && defined HAVE_MEMORY_H
| #  include <memory.h>
| # endif
| # include <string.h>
| #endif
| #ifdef HAVE_STRINGS_H
| # include <strings.h>
| #endif
| #ifdef HAVE_INTTYPES_H
| # include <inttypes.h>
| #endif
| #ifdef HAVE_STDINT_H
| # include <stdint.h>
| #endif
| #ifdef HAVE_UNISTD_H
| # include <unistd.h>
| #endif
| int
| main ()
| {
| static int test_array [1 - 2 * !(((long int) (sizeof (long int))) <= 1)];
| test_array [0] = 0
| 
|   ;
|   return 0;
| }
configure:5241: mips-linux-gcc -c -g -O2 -pthread -Wall -Wstrict-prototypes -Wno-parentheses -Wno-pointer-sign -fno-strict-aliasing -fno-strict-overflow  conftest.c >&5
conftest.c:63: warning: function declaration isn't a prototype
conftest.c: In function 'main':
conftest.c:64: error: size of array 'test_array' is negative
configure:5241: $? = 1
configure: failed program was:
| /* confdefs.h */
| #define PACKAGE_NAME ""
| #define PACKAGE_TARNAME ""
| #define PACKAGE_VERSION ""
| #define PACKAGE_STRING ""
| #define PACKAGE_BUGREPORT ""
| #define PACKAGE_URL ""
| #define USE_PTHREADS 1
| #define SYSCONF_INCLUDE "./sysdep/cf/linux-v6.h"
| #define CONFIG_RIP 1
| #define STDC_HEADERS 1
| #define HAVE_SYS_TYPES_H 1
| #define HAVE_SYS_STAT_H 1
| #define HAVE_STDLIB_H 1
| #define HAVE_STRING_H 1
| #define HAVE_MEMORY_H 1
| #define HAVE_STRINGS_H 1
| #define HAVE_INTTYPES_H 1
| #define HAVE_STDINT_H 1
| #define HAVE_UNISTD_H 1
| #define HAVE_SYSLOG 1
| #define HAVE_ALLOCA_H 1
| #define CPU_BIG_ENDIAN 1
| #define SIZEOF_CHAR 1
| #define SIZEOF_SHORT_INT 2
| #define SIZEOF_INT 4
| /* end confdefs.h.  */
| #include <stdio.h>
| #ifdef HAVE_SYS_TYPES_H
| # include <sys/types.h>
| #endif
| #ifdef HAVE_SYS_STAT_H
| # include <sys/stat.h>
| #endif
| #ifdef STDC_HEADERS
| # include <stdlib.h>
| # include <stddef.h>
| #else
| # ifdef HAVE_STDLIB_H
| #  include <stdlib.h>
| # endif
| #endif
| #ifdef HAVE_STRING_H
| # if !defined STDC_HEADERS && defined HAVE_MEMORY_H
| #  include <memory.h>
| # endif
| # include <string.h>
| #endif
| #ifdef HAVE_STRINGS_H
| # include <strings.h>
| #endif
| #ifdef HAVE_INTTYPES_H
| # include <inttypes.h>
| #endif
| #ifdef HAVE_STDINT_H
| # include <stdint.h>
| #endif
| #ifdef HAVE_UNISTD_H
| # include <unistd.h>
| #endif
| int
| main ()
| {
| static int test_array [1 - 2 * !(((long int) (sizeof (long int))) <= 3)];
| test_array [0] = 0
| 
|   ;
|   return 0;
| }
configure:5241: mips-linux-gcc -c -g -O2 -pthread -Wall -Wstrict-prototypes -Wno-parentheses -Wno-pointer-sign -fno-strict-aliasing -fno-strict-overflow  conftest.c >&5
conftest.c:63: warning: function declaration isn't a prototype
configure:5241: $? = 0
configure:5241: mips-linux-gcc -c -g -O2 -pthread -Wall -Wstrict-prototypes -Wno-parentheses -Wno-pointer-sign -fno-strict-aliasing -fno-strict-overflow  conftest.c >&5
conftest.c:63: warning: function declaration isn't a prototype
configure:5241: $? = 0
configure:5241: mips-linux-gcc -c -g -O2 -pthread -Wall -Wstrict-prototypes -Wno-parentheses -Wno-pointer-sign -fno-strict-aliasing -fno-strict-overflow  conftest.c >&5
conftest.c:63: warning: function declaration isn't a prototype
configure:5241: $? = 0
configure:5255: result: 4
configure:5269: checking size of long long int
configure:5274: mips-linux-gcc -c -g -O2 -pthread -Wall -Wstrict-prototypes -Wno-parentheses -Wno-pointer-sign -fno-strict-aliasing -fno-strict-overflow  conftest.c >&5
conftest.c:64: warning: function declaration isn't a prototype
configure:5274: $? = 0
configure:5274: mips-linux-gcc -c -g -O2 -pthread -Wall -Wstrict-prototypes -Wno-parentheses -Wno-pointer-sign -fno-strict-aliasing -fno-strict-overflow  conftest.c >&5
conftest.c:64: warning: function declaration isn't a prototype
conftest.c: In function 'main':
conftest.c:65: error: size of array 'test_array' is negative
configure:5274: $? = 1
configure: failed program was:
| /* confdefs.h */
| #define PACKAGE_NAME ""
| #define PACKAGE_TARNAME ""
| #define PACKAGE_VERSION ""
| #define PACKAGE_STRING ""
| #define PACKAGE_BUGREPORT ""
| #define PACKAGE_URL ""
| #define USE_PTHREADS 1
| #define SYSCONF_INCLUDE "./sysdep/cf/linux-v6.h"
| #define CONFIG_RIP 1
| #define STDC_HEADERS 1
| #define HAVE_SYS_TYPES_H 1
| #define HAVE_SYS_STAT_H 1
| #define HAVE_STDLIB_H 1
| #define HAVE_STRING_H 1
| #define HAVE_MEMORY_H 1
| #define HAVE_STRINGS_H 1
| #define HAVE_INTTYPES_H 1
| #define HAVE_STDINT_H 1
| #define HAVE_UNISTD_H 1
| #define HAVE_SYSLOG 1
| #define HAVE_ALLOCA_H 1
| #define CPU_BIG_ENDIAN 1
| #define SIZEOF_CHAR 1
| #define SIZEOF_SHORT_INT 2
| #define SIZEOF_INT 4
| #define SIZEOF_LONG_INT 4
| /* end confdefs.h.  */
| #include <stdio.h>
| #ifdef HAVE_SYS_TYPES_H
| # include <sys/types.h>
| #endif
| #ifdef HAVE_SYS_STAT_H
| # include <sys/stat.h>
| #endif
| #ifdef STDC_HEADERS
| # include <stdlib.h>
| # include <stddef.h>
| #else
| # ifdef HAVE_STDLIB_H
| #  include <stdlib.h>
| # endif
| #endif
| #ifdef HAVE_STRING_H
| # if !defined STDC_HEADERS && defined HAVE_MEMORY_H
| #  include <memory.h>
| # endif
| # include <string.h>
| #endif
| #ifdef HAVE_STRINGS_H
| # include <strings.h>
| #endif
| #ifdef HAVE_INTTYPES_H
| # include <inttypes.h>
| #endif
| #ifdef HAVE_STDINT_H
| # include <stdint.h>
| #endif
| #ifdef HAVE_UNISTD_H
| # include <unistd.h>
| #endif
| int
| main ()
| {
| static int test_array [1 - 2 * !(((long int) (sizeof (long long int))) <= 0)];
| test_array [0] = 0
| 
|   ;
|   return 0;
| }
configure:5274: mips-linux-gcc -c -g -O2 -pthread -Wall -Wstrict-prototypes -Wno-parentheses -Wno-pointer-sign -fno-strict-aliasing -fno-strict-overflow  conftest.c >&5
conftest.c:64: warning: function declaration isn't a prototype
conftest.c: In function 'main':
conftest.c:65: error: size of array 'test_array' is negative
configure:5274: $? = 1
configure: failed program was:
| /* confdefs.h */
| #define PACKAGE_NAME ""
| #define PACKAGE_TARNAME ""
| #define PACKAGE_VERSION ""
| #define PACKAGE_STRING ""
| #define PACKAGE_BUGREPORT ""
| #define PACKAGE_URL ""
| #define USE_PTHREADS 1
| #define SYSCONF_INCLUDE "./sysdep/cf/linux-v6.h"
| #define CONFIG_RIP 1
| #define STDC_HEADERS 1
| #define HAVE_SYS_TYPES_H 1
| #define HAVE_SYS_STAT_H 1
| #define HAVE_STDLIB_H 1
| #define HAVE_STRING_H 1
| #define HAVE_MEMORY_H 1
| #define HAVE_STRINGS_H 1
| #define HAVE_INTTYPES_H 1
| #define HAVE_STDINT_H 1
| #define HAVE_UNISTD_H 1
| #define HAVE_SYSLOG 1
| #define HAVE_ALLOCA_H 1
| #define CPU_BIG_ENDIAN 1
| #define SIZEOF_CHAR 1
| #define SIZEOF_SHORT_INT 2
| #define SIZEOF_INT 4
| #define SIZEOF_LONG_INT 4
| /* end confdefs.h.  */
| #include <stdio.h>
| #ifdef HAVE_SYS_TYPES_H
| # include <sys/types.h>
| #endif
| #ifdef HAVE_SYS_STAT_H
| # include <sys/stat.h>
| #endif
| #ifdef STDC_HEADERS
| # include <stdlib.h>
| # include <stddef.h>
| #else
| # ifdef HAVE_STDLIB_H
| #  include <stdlib.h>
| # endif
| #endif
| #ifdef HAVE_STRING_H
| # if !defined STDC_HEADERS && defined HAVE_MEMORY_H
| #  include <memory.h>
| # endif
| # include <string.h>
| #endif
| #ifdef HAVE_STRINGS_H
| # include <strings.h>
| #endif
| #ifdef HAVE_INTTYPES_H
| # include <inttypes.h>
| #endif
| #ifdef HAVE_STDINT_H
| # include <stdint.h>
| #endif
| #ifdef HAVE_UNISTD_H
| # include <unistd.h>
| #endif
| int
| main ()
| {
| static int test_array [1 - 2 * !(((long int) (sizeof (long long int))) <= 1)];
| test_array [0] = 0
| 
|   ;
|   return 0;
| }
configure:5274: mips-linux-gcc -c -g -O2 -pthread -Wall -Wstrict-prototypes -Wno-parentheses -Wno-pointer-sign -fno-strict-aliasing -fno-strict-overflow  conftest.c >&5
conftest.c:64: warning: function declaration isn't a prototype
conftest.c: In function 'main':
conftest.c:65: error: size of array 'test_array' is negative
configure:5274: $? = 1
configure: failed program was:
| /* confdefs.h */
| #define PACKAGE_NAME ""
| #define PACKAGE_TARNAME ""
| #define PACKAGE_VERSION ""
| #define PACKAGE_STRING ""
| #define PACKAGE_BUGREPORT ""
| #define PACKAGE_URL ""
| #define USE_PTHREADS 1
| #define SYSCONF_INCLUDE "./sysdep/cf/linux-v6.h"
| #define CONFIG_RIP 1
| #define STDC_HEADERS 1
| #define HAVE_SYS_TYPES_H 1
| #define HAVE_SYS_STAT_H 1
| #define HAVE_STDLIB_H 1
| #define HAVE_STRING_H 1
| #define HAVE_MEMORY_H 1
| #define HAVE_STRINGS_H 1
| #define HAVE_INTTYPES_H 1
| #define HAVE_STDINT_H 1
| #define HAVE_UNISTD_H 1
| #define HAVE_SYSLOG 1
| #define HAVE_ALLOCA_H 1
| #define CPU_BIG_ENDIAN 1
| #define SIZEOF_CHAR 1
| #define SIZEOF_SHORT_INT 2
| #define SIZEOF_INT 4
| #define SIZEOF_LONG_INT 4
| /* end confdefs.h.  */
| #include <stdio.h>
| #ifdef HAVE_SYS_TYPES_H
| # include <sys/types.h>
| #endif
| #ifdef HAVE_SYS_STAT_H
| # include <sys/stat.h>
| #endif
| #ifdef STDC_HEADERS
| # include <stdlib.h>
| # include <stddef.h>
| #else
| # ifdef HAVE_STDLIB_H
| #  include <stdlib.h>
| # endif
| #endif
| #ifdef HAVE_STRING_H
| # if !defined STDC_HEADERS && defined HAVE_MEMORY_H
| #  include <memory.h>
| # endif
| # include <string.h>
| #endif
| #ifdef HAVE_STRINGS_H
| # include <strings.h>
| #endif
| #ifdef HAVE_INTTYPES_H
| # include <inttypes.h>
| #endif
| #ifdef HAVE_STDINT_H
| # include <stdint.h>
| #endif
| #ifdef HAVE_UNISTD_H
| # include <unistd.h>
| #endif
| int
| main ()
| {
| static int test_array [1 - 2 * !(((long int) (sizeof (long long int))) <= 3)];
| test_array [0] = 0
| 
|   ;
|   return 0;
| }
configure:5274: mips-linux-gcc -c -g -O2 -pthread -Wall -Wstrict-prototypes -Wno-parentheses -Wno-pointer-sign -fno-strict-aliasing -fno-strict-overflow  conftest.c >&5
conftest.c:64: warning: function declaration isn't a prototype
conftest.c: In function 'main':
conftest.c:65: error: size of array 'test_array' is negative
configure:5274: $? = 1
configure: failed program was:
| /* confdefs.h */
| #define PACKAGE_NAME ""
| #define PACKAGE_TARNAME ""
| #define PACKAGE_VERSION ""
| #define PACKAGE_STRING ""
| #define PACKAGE_BUGREPORT ""
| #define PACKAGE_URL ""
| #define USE_PTHREADS 1
| #define SYSCONF_INCLUDE "./sysdep/cf/linux-v6.h"
| #define CONFIG_RIP 1
| #define STDC_HEADERS 1
| #define HAVE_SYS_TYPES_H 1
| #define HAVE_SYS_STAT_H 1
| #define HAVE_STDLIB_H 1
| #define HAVE_STRING_H 1
| #define HAVE_MEMORY_H 1
| #define HAVE_STRINGS_H 1
| #define HAVE_INTTYPES_H 1
| #define HAVE_STDINT_H 1
| #define HAVE_UNISTD_H 1
| #define HAVE_SYSLOG 1
| #define HAVE_ALLOCA_H 1
| #define CPU_BIG_ENDIAN 1
| #define SIZEOF_CHAR 1
| #define SIZEOF_SHORT_INT 2
| #define SIZEOF_INT 4
| #define SIZEOF_LONG_INT 4
| /* end confdefs.h.  */
| #include <stdio.h>
| #ifdef HAVE_SYS_TYPES_H
| # include <sys/types.h>
| #endif
| #ifdef HAVE_SYS_STAT_H
| # include <sys/stat.h>
| #endif
| #ifdef STDC_HEADERS
| # include <stdlib.h>
| # include <stddef.h>
| #else
| # ifdef HAVE_STDLIB_H
| #  include <stdlib.h>
| # endif
| #endif
| #ifdef HAVE_STRING_H
| # if !defined STDC_HEADERS && defined HAVE_MEMORY_H
| #  include <memory.h>
| # endif
| # include <string.h>
| #endif
| #ifdef HAVE_STRINGS_H
| # include <strings.h>
| #endif
| #ifdef HAVE_INTTYPES_H
| # include <inttypes.h>
| #endif
| #ifdef HAVE_STDINT_H
| # include <stdint.h>
| #endif
| #ifdef HAVE_UNISTD_H
| # include <unistd.h>
| #endif
| int
| main ()
| {
| static int test_array [1 - 2 * !(((long int) (sizeof (long long int))) <= 7)];
| test_array [0] = 0
| 
|   ;
|   return 0;
| }
configure:5274: mips-linux-gcc -c -g -O2 -pthread -Wall -Wstrict-prototypes -Wno-parentheses -Wno-pointer-sign -fno-strict-aliasing -fno-strict-overflow  conftest.c >&5
conftest.c:64: warning: function declaration isn't a prototype
configure:5274: $? = 0
configure:5274: mips-linux-gcc -c -g -O2 -pthread -Wall -Wstrict-prototypes -Wno-parentheses -Wno-pointer-sign -fno-strict-aliasing -fno-strict-overflow  conftest.c >&5
conftest.c:64: warning: function declaration isn't a prototype
configure:5274: $? = 0
configure:5274: mips-linux-gcc -c -g -O2 -pthread -Wall -Wstrict-prototypes -Wno-parentheses -Wno-pointer-sign -fno-strict-aliasing -fno-strict-overflow  conftest.c >&5
conftest.c:64: warning: function declaration isn't a prototype
configure:5274: $? = 0
configure:5274: mips-linux-gcc -c -g -O2 -pthread -Wall -Wstrict-prototypes -Wno-parentheses -Wno-pointer-sign -fno-strict-aliasing -fno-strict-overflow  conftest.c >&5
conftest.c:64: warning: function declaration isn't a prototype
configure:5274: $? = 0
configure:5288: result: 8
configure:5300: checking for 8-bit type
configure:5317: result: char
configure:5300: checking for 16-bit type
configure:5317: result: short int
configure:5300: checking for 32-bit type
configure:5317: result: int
configure:5300: checking for 64-bit type
configure:5317: result: long long int
configure:5325: checking usual alignment of structures
configure:5368: result: 16
configure:5375: checking characteristics of time_t
configure:5418: result: 32-bit signed
configure:5430: checking for struct ip_mreqn
configure:5449: mips-linux-gcc -c -g -O2 -pthread -Wall -Wstrict-prototypes -Wno-parentheses -Wno-pointer-sign -fno-strict-aliasing -fno-strict-overflow  conftest.c >&5
conftest.c:40: warning: function declaration isn't a prototype
conftest.c: In function 'main':
conftest.c:41: warning: unused variable 'x'
configure:5449: $? = 0
configure:5458: result: yes
configure:6051: creating ./config.status

## ---------------------- ##
## Running config.status. ##
## ---------------------- ##

This file was extended by config.status, which was
generated by GNU Autoconf 2.67.  Invocation command line was

  CONFIG_FILES    = 
  CONFIG_HEADERS  = 
  CONFIG_LINKS    = 
  CONFIG_COMMANDS = 
  $ ./config.status 

on lynnpu-vbox

config.status:866: creating Makefile
config.status:866: creating obj/Makefile
config.status:866: creating obj/Rules
config.status:866: creating obj/sysdep/autoconf.h
config.status:1040: obj/sysdep/autoconf.h is unchanged
config.status:1054: executing merge commands

## ---------------- ##
## Cache variables. ##
## ---------------- ##

ac_cv_build=i686-pc-linux-gnu
ac_cv_c_bigendian=yes
ac_cv_c_compiler_gnu=yes
ac_cv_env_BISON_set=
ac_cv_env_BISON_value=
ac_cv_env_CC_set=
ac_cv_env_CC_value=
ac_cv_env_CFLAGS_set=
ac_cv_env_CFLAGS_value=
ac_cv_env_CPPFLAGS_set=
ac_cv_env_CPPFLAGS_value=
ac_cv_env_CPP_set=
ac_cv_env_CPP_value=
ac_cv_env_FLEX_set=
ac_cv_env_FLEX_value=
ac_cv_env_LDFLAGS_set=
ac_cv_env_LDFLAGS_value=
ac_cv_env_LIBS_set=
ac_cv_env_LIBS_value=
ac_cv_env_M4_set=
ac_cv_env_M4_value=
ac_cv_env_build_alias_set=set
ac_cv_env_build_alias_value=i686-linux
ac_cv_env_host_alias_set=set
ac_cv_env_host_alias_value=mips-linux
ac_cv_env_target_alias_set=
ac_cv_env_target_alias_value=
ac_cv_header_alloca_h=yes
ac_cv_header_inttypes_h=yes
ac_cv_header_linux_rtnetlink_h=yes
ac_cv_header_memory_h=yes
ac_cv_header_stdc=yes
ac_cv_header_stdint_h=yes
ac_cv_header_stdlib_h=yes
ac_cv_header_string_h=yes
ac_cv_header_strings_h=yes
ac_cv_header_sys_stat_h=yes
ac_cv_header_sys_types_h=yes
ac_cv_header_syslog_h=yes
ac_cv_header_unistd_h=yes
ac_cv_host=mips-unknown-linux-gnu
ac_cv_objext=o
ac_cv_path_EGREP='/bin/grep -E'
ac_cv_path_GREP=/bin/grep
ac_cv_path_install='/usr/bin/install -c'
ac_cv_prog_BISON=bison
ac_cv_prog_CC=mips-linux-gcc
ac_cv_prog_CPP='mips-linux-gcc -E'
ac_cv_prog_FLEX=flex
ac_cv_prog_M4=m4
ac_cv_prog_RANLIB=mips-linux-ranlib
ac_cv_prog_cc_c89=
ac_cv_prog_cc_g=yes
ac_cv_search_clock_gettime='none required'
ac_cv_sizeof_char=1
ac_cv_sizeof_int=4
ac_cv_sizeof_long_int=4
ac_cv_sizeof_long_long_int=8
ac_cv_sizeof_short_int=2
bird_cv_c_option_fno_strict_aliasing=yes
bird_cv_c_option_fno_strict_overflow=yes
bird_cv_c_option_wno_pointer_sign=yes
bird_cv_c_struct_align=16
bird_cv_lib_pthreads=yes
bird_cv_struct_ip_mreqn=yes
bird_cv_type_time_t='32-bit signed'

## ----------------- ##
## Output variables. ##
## ----------------- ##

BISON='bison'
CC='mips-linux-gcc'
CFLAGS='-g -O2 -pthread -Wall -Wstrict-prototypes -Wno-parentheses -Wno-pointer-sign -fno-strict-aliasing -fno-strict-overflow'
CLIENT=''
CLIENT_LIBS=''
CONFIG_FILE='$(sysconfdir)/bird6.conf'
CONTROL_SOCKET='$(localstatedir)/run/bird6.ctl'
CPP='mips-linux-gcc -E'
CPPFLAGS=''
DEFS='-DHAVE_CONFIG_H'
ECHO_C=''
ECHO_N='-n'
ECHO_T=''
EGREP='/bin/grep -E'
EXEEXT=''
FLEX='flex'
GREP='/bin/grep'
INSTALL_DATA='${INSTALL} -m 644'
INSTALL_PROGRAM='${INSTALL}'
INSTALL_SCRIPT='${INSTALL}'
LDFLAGS=' -pthread'
LIBOBJS=''
LIBS=''
LTLIBOBJS=''
M4='m4'
OBJEXT='o'
PACKAGE_BUGREPORT=''
PACKAGE_NAME=''
PACKAGE_STRING=''
PACKAGE_TARNAME=''
PACKAGE_URL=''
PACKAGE_VERSION=''
PATH_SEPARATOR=':'
RANLIB='mips-linux-ranlib'
SHELL='/bin/sh'
SUFFIX='6'
ac_ct_CC=''
bindir='${exec_prefix}/bin'
build='i686-pc-linux-gnu'
build_alias='i686-linux'
build_cpu='i686'
build_os='linux-gnu'
build_vendor='pc'
datadir='${datarootdir}'
datarootdir='${prefix}/share'
docdir='${datarootdir}/doc/${PACKAGE}'
dvidir='${docdir}'
exec_prefix='${prefix}'
exedir='..'
host='mips-unknown-linux-gnu'
host_alias='mips-linux'
host_cpu='mips'
host_os='linux-gnu'
host_vendor='unknown'
htmldir='${docdir}'
includedir='${prefix}/include'
infodir='${datarootdir}/info'
iproutedir='/etc/iproute2'
libdir='${exec_prefix}/lib'
libexecdir='${exec_prefix}/libexec'
localedir='${datarootdir}/locale'
localstatedir='${prefix}/var'
mandir='${datarootdir}/man'
objdir='obj'
oldincludedir='/usr/include'
pdfdir='${docdir}'
prefix=''
program_transform_name='s,x,x,'
protocols='rip'
psdir='${docdir}'
runtimedir='$(localstatedir)/run'
sbindir='${exec_prefix}/sbin'
sharedstatedir='${prefix}/com'
srcdir_rel_mf='$(root-rel)..'
sysconfdir='${prefix}/etc'
sysdep_dirs='sysdep/linux sysdep/unix  lib'
target_alias=''

## ----------- ##
## confdefs.h. ##
## ----------- ##

/* confdefs.h */
#define PACKAGE_NAME ""
#define PACKAGE_TARNAME ""
#define PACKAGE_VERSION ""
#define PACKAGE_STRING ""
#define PACKAGE_BUGREPORT ""
#define PACKAGE_URL ""
#define USE_PTHREADS 1
#define SYSCONF_INCLUDE "./sysdep/cf/linux-v6.h"
#define CONFIG_RIP 1
#define STDC_HEADERS 1
#define HAVE_SYS_TYPES_H 1
#define HAVE_SYS_STAT_H 1
#define HAVE_STDLIB_H 1
#define HAVE_STRING_H 1
#define HAVE_MEMORY_H 1
#define HAVE_STRINGS_H 1
#define HAVE_INTTYPES_H 1
#define HAVE_STDINT_H 1
#define HAVE_UNISTD_H 1
#define HAVE_SYSLOG 1
#define HAVE_ALLOCA_H 1
#define CPU_BIG_ENDIAN 1
#define SIZEOF_CHAR 1
#define SIZEOF_SHORT_INT 2
#define SIZEOF_INT 4
#define SIZEOF_LONG_INT 4
#define SIZEOF_LONG_LONG_INT 8
#define INTEGER_8 char
#define INTEGER_16 short int
#define INTEGER_32 int
#define INTEGER_64 long long int
#define CPU_STRUCT_ALIGN 16
#define TIME_T_IS_SIGNED 1
#define HAVE_STRUCT_IP_MREQN 1

configure: exit 0
