This file contains any messages produced by compilers while
running configure, to aid debugging if configure makes a mistake.

It was created by libffi configure 3.0.13, which was
generated by GNU Autoconf 2.69.  Invocation command line was

  $ .././configure --srcdir=.. --enable-builddir=mips-unknown-linux-gnu --host=mips-linux --prefix=/home/hf_shi/release-rtl819x-sdk-v3.4.6.4-23202-20140402/users/lib host_alias=mips-linux

## --------- ##
## Platform. ##
## --------- ##

hostname = 196Server
uname -m = x86_64
uname -r = 2.6.32-279.19.1.el6.x86_64
uname -s = Linux
uname -v = #1 SMP Wed Dec 19 07:05:20 UTC 2012

/usr/bin/uname -p = unknown
/bin/uname -X     = unknown

/bin/arch              = x86_64
/usr/bin/arch -k       = unknown
/usr/convex/getsysinfo = unknown
/usr/bin/hostinfo      = unknown
/bin/machine           = unknown
/usr/bin/oslevel       = unknown
/bin/universe          = unknown

PATH: /home/hf_shi/release-rtl819x-sdk-v3.4.6.4-23202-20140402/toolchain/rsdk-4.4.7-4181-EB-2.6.30-0.9.30-m32u-140129/bin
PATH: /usr/lib64/qt-3.3/bin
PATH: /usr/local/bin
PATH: /bin
PATH: /usr/bin
PATH: /usr/local/sbin
PATH: /usr/sbin
PATH: /sbin
PATH: /home/hf_shi/bin


## ----------- ##
## Core tests. ##
## ----------- ##

configure:2591: checking build system type
configure:2605: result: x86_64-unknown-linux-gnu
configure:2625: checking host system type
configure:2638: result: mips-unknown-linux-gnu
configure:2658: checking target system type
configure:2671: result: mips-unknown-linux-gnu
configure:2763: checking for gsed
configure:2794: result: sed
configure:2822: checking for a BSD-compatible install
configure:2890: result: /usr/bin/install -c
configure:2901: checking whether build environment is sane
configure:2956: result: yes
configure:3012: checking for mips-linux-strip
configure:3039: result: rsdk-linux-strip
configure:3104: checking for a thread-safe mkdir -p
configure:3143: result: /bin/mkdir -p
configure:3150: checking for gawk
configure:3166: found /bin/gawk
configure:3177: result: gawk
configure:3188: checking whether make sets $(MAKE)
configure:3210: result: yes
configure:3315: checking for mips-linux-gcc
configure:3342: result: rsdk-linux-gcc
configure:3611: checking for C compiler version
configure:3620: rsdk-linux-gcc --version >&5
mips-linux-xgcc (Realtek RSDK-4.4.7 Build 1465) 4.4.7
Copyright (C) 2010 Free Software Foundation, Inc.
This is free software; see the source for copying conditions.  There is NO
warranty; not even for MERCHANTABILITY or FITNESS FOR A PARTICULAR PURPOSE.

configure:3631: $? = 0
configure:3620: rsdk-linux-gcc -v >&5
Using built-in specs.
Target: mips-linux-uclibc
Configured with: SDK Builder release 4.4
Thread model: posix
gcc version 4.4.7 (Realtek RSDK-4.4.7 Build 1465) 
configure:3631: $? = 0
configure:3620: rsdk-linux-gcc -V >&5
mips-linux-xgcc: '-V' must come at the start of the command line
configure:3631: $? = 1
configure:3620: rsdk-linux-gcc -qversion >&5
mips-linux-xgcc: unrecognized option '-qversion'
mips-linux-xgcc: no input files
configure:3631: $? = 1
configure:3651: checking whether the C compiler works
configure:3673: rsdk-linux-gcc -fPIC   conftest.c  >&5
configure:3677: $? = 0
configure:3725: result: yes
configure:3728: checking for C compiler default output file name
configure:3730: result: a.out
configure:3736: checking for suffix of executables
configure:3743: rsdk-linux-gcc -o conftest -fPIC   conftest.c  >&5
configure:3747: $? = 0
configure:3769: result: 
configure:3791: checking whether we are cross compiling
configure:3799: rsdk-linux-gcc -o conftest -fPIC   conftest.c  >&5
configure:3803: $? = 0
configure:3810: ./conftest
.././configure: line 3812: ./conftest: cannot execute binary file
configure:3814: $? = 126
configure:3829: result: yes
configure:3834: checking for suffix of object files
configure:3856: rsdk-linux-gcc -c -fPIC  conftest.c >&5
configure:3860: $? = 0
configure:3881: result: o
configure:3885: checking whether we are using the GNU C compiler
configure:3904: rsdk-linux-gcc -c -fPIC  conftest.c >&5
configure:3904: $? = 0
configure:3913: result: yes
configure:3922: checking whether rsdk-linux-gcc accepts -g
configure:3942: rsdk-linux-gcc -c -g  conftest.c >&5
configure:3942: $? = 0
configure:3983: result: yes
configure:4000: checking for rsdk-linux-gcc option to accept ISO C89
configure:4063: rsdk-linux-gcc  -c -fPIC  conftest.c >&5
configure:4063: $? = 0
configure:4076: result: none needed
configure:4107: checking for style of include used by make
configure:4135: result: GNU
configure:4161: checking dependency style of rsdk-linux-gcc
configure:4272: result: gcc3
configure:4302: checking dependency style of rsdk-linux-gcc
configure:4411: result: gcc3
configure:4427: checking whether rsdk-linux-gcc and cc understand -c and -o together
configure:4458: rsdk-linux-gcc -c conftest.c -o conftest2.o >&5
configure:4462: $? = 0
configure:4468: rsdk-linux-gcc -c conftest.c -o conftest2.o >&5
configure:4472: $? = 0
configure:4483: cc -c conftest.c >&5
configure:4487: $? = 0
configure:4495: cc -c conftest.c -o conftest2.o >&5
configure:4499: $? = 0
configure:4505: cc -c conftest.c -o conftest2.o >&5
configure:4509: $? = 0
configure:4527: result: yes
configure:4598: checking how to print strings
configure:4625: result: printf
configure:4646: checking for a sed that does not truncate output
configure:4710: result: /bin/sed
configure:4728: checking for grep that handles long lines and -e
configure:4786: result: /bin/grep
configure:4791: checking for egrep
configure:4853: result: /bin/grep -E
configure:4858: checking for fgrep
configure:4920: result: /bin/grep -F
configure:4955: checking for ld used by rsdk-linux-gcc
configure:5022: result: rsdk-linux-gcc
configure:5029: checking if the linker (rsdk-linux-gcc) is GNU ld
configure:5044: result: no
configure:5056: checking for BSD- or MS-compatible name lister (nm)
configure:5105: result: /home/hf_shi/release-rtl819x-sdk-v3.4.6.4-23202-20140402/toolchain/rsdk-4.4.7-4181-EB-2.6.30-0.9.30-m32u-140129/bin/mips-linux-nm -B
configure:5235: checking the name lister (/home/hf_shi/release-rtl819x-sdk-v3.4.6.4-23202-20140402/toolchain/rsdk-4.4.7-4181-EB-2.6.30-0.9.30-m32u-140129/bin/mips-linux-nm -B) interface
configure:5242: rsdk-linux-gcc -c -fPIC  conftest.c >&5
configure:5245: /home/hf_shi/release-rtl819x-sdk-v3.4.6.4-23202-20140402/toolchain/rsdk-4.4.7-4181-EB-2.6.30-0.9.30-m32u-140129/bin/mips-linux-nm -B "conftest.o"
configure:5248: output
00000000 B some_variable
configure:5255: result: BSD nm
configure:5258: checking whether ln -s works
configure:5262: result: yes
configure:5270: checking the maximum length of command line arguments
configure:5401: result: 1966080
configure:5418: checking whether the shell understands some XSI constructs
configure:5428: result: yes
configure:5432: checking whether the shell understands "+="
configure:5438: result: yes
configure:5473: checking how to convert x86_64-unknown-linux-gnu file names to mips-unknown-linux-gnu format
configure:5513: result: func_convert_file_noop
configure:5520: checking how to convert x86_64-unknown-linux-gnu file names to toolchain format
configure:5540: result: func_convert_file_noop
configure:5547: checking for rsdk-linux-gcc option to reload object files
configure:5554: result: -r
configure:5588: checking for mips-linux-objdump
configure:5604: found /home/hf_shi/release-rtl819x-sdk-v3.4.6.4-23202-20140402/toolchain/rsdk-4.4.7-4181-EB-2.6.30-0.9.30-m32u-140129/bin/mips-linux-objdump
configure:5615: result: mips-linux-objdump
configure:5687: checking how to recognize dependent libraries
configure:5889: result: pass_all
configure:5934: checking for mips-linux-dlltool
configure:5964: result: no
configure:5974: checking for dlltool
configure:6004: result: no
configure:6034: checking how to associate runtime and link libraries
configure:6061: result: printf %s\n
configure:6078: checking for mips-linux-ar
configure:6105: result: rsdk-linux-ar
configure:6186: checking for archiver @FILE support
configure:6203: rsdk-linux-gcc -c -fPIC  conftest.c >&5
configure:6203: $? = 0
configure:6206: rsdk-linux-ar cru libconftest.a @conftest.lst >&5
configure:6209: $? = 0
configure:6214: rsdk-linux-ar cru libconftest.a @conftest.lst >&5
rsdk-linux-ar: conftest.o: No such file or directory
configure:6217: $? = 1
configure:6229: result: @
configure:6247: checking for mips-linux-strip
configure:6274: result: rsdk-linux-strip
configure:6346: checking for mips-linux-ranlib
configure:6373: result: rsdk-linux-ranlib
configure:6515: checking command to parse /home/hf_shi/release-rtl819x-sdk-v3.4.6.4-23202-20140402/toolchain/rsdk-4.4.7-4181-EB-2.6.30-0.9.30-m32u-140129/bin/mips-linux-nm -B output from rsdk-linux-gcc object
configure:6635: rsdk-linux-gcc -c -fPIC  conftest.c >&5
configure:6638: $? = 0
configure:6642: /home/hf_shi/release-rtl819x-sdk-v3.4.6.4-23202-20140402/toolchain/rsdk-4.4.7-4181-EB-2.6.30-0.9.30-m32u-140129/bin/mips-linux-nm -B conftest.o \| sed -n -e 's/^.*[ ]\([ABCDGIRSTW][ABCDGIRSTW]*\)[ ][ ]*\([_A-Za-z][_A-Za-z0-9]*\)$/\1 \2 \2/p' | sed '/ __gnu_lto/d' \> conftest.nm
configure:6645: $? = 0
configure:6711: rsdk-linux-gcc -o conftest -fPIC   conftest.c conftstm.o >&5
configure:6714: $? = 0
configure:6752: result: ok
configure:6789: checking for sysroot
configure:6819: result: no
configure:7042: checking for mips-linux-mt
configure:7072: result: no
configure:7082: checking for mt
configure:7112: result: no
configure:7132: checking if : is a manifest tool
configure:7138: : '-?'
configure:7146: result: no
configure:7788: checking how to run the C preprocessor
configure:7819: rsdk-linux-gcc -E  conftest.c
configure:7819: $? = 0
configure:7833: rsdk-linux-gcc -E  conftest.c
conftest.c:11:28: error: ac_nonexistent.h: No such file or directory
configure:7833: $? = 1
configure: failed program was:
| /* confdefs.h */
| #define PACKAGE_NAME "libffi"
| #define PACKAGE_TARNAME "libffi"
| #define PACKAGE_VERSION "3.0.13"
| #define PACKAGE_STRING "libffi 3.0.13"
| #define PACKAGE_BUGREPORT "http://github.com/atgreen/libffi/issues"
| #define PACKAGE_URL ""
| #define PACKAGE "libffi"
| #define VERSION "3.0.13"
| /* end confdefs.h.  */
| #include <ac_nonexistent.h>
configure:7858: result: rsdk-linux-gcc -E
configure:7878: rsdk-linux-gcc -E  conftest.c
configure:7878: $? = 0
configure:7892: rsdk-linux-gcc -E  conftest.c
conftest.c:11:28: error: ac_nonexistent.h: No such file or directory
configure:7892: $? = 1
configure: failed program was:
| /* confdefs.h */
| #define PACKAGE_NAME "libffi"
| #define PACKAGE_TARNAME "libffi"
| #define PACKAGE_VERSION "3.0.13"
| #define PACKAGE_STRING "libffi 3.0.13"
| #define PACKAGE_BUGREPORT "http://github.com/atgreen/libffi/issues"
| #define PACKAGE_URL ""
| #define PACKAGE "libffi"
| #define VERSION "3.0.13"
| /* end confdefs.h.  */
| #include <ac_nonexistent.h>
configure:7921: checking for ANSI C header files
configure:7941: rsdk-linux-gcc -c -fPIC  conftest.c >&5
configure:7941: $? = 0
configure:8025: result: yes
configure:8038: checking for sys/types.h
configure:8038: rsdk-linux-gcc -c -fPIC  conftest.c >&5
configure:8038: $? = 0
configure:8038: result: yes
configure:8038: checking for sys/stat.h
configure:8038: rsdk-linux-gcc -c -fPIC  conftest.c >&5
configure:8038: $? = 0
configure:8038: result: yes
configure:8038: checking for stdlib.h
configure:8038: rsdk-linux-gcc -c -fPIC  conftest.c >&5
configure:8038: $? = 0
configure:8038: result: yes
configure:8038: checking for string.h
configure:8038: rsdk-linux-gcc -c -fPIC  conftest.c >&5
configure:8038: $? = 0
configure:8038: result: yes
configure:8038: checking for memory.h
configure:8038: rsdk-linux-gcc -c -fPIC  conftest.c >&5
configure:8038: $? = 0
configure:8038: result: yes
configure:8038: checking for strings.h
configure:8038: rsdk-linux-gcc -c -fPIC  conftest.c >&5
configure:8038: $? = 0
configure:8038: result: yes
configure:8038: checking for inttypes.h
configure:8038: rsdk-linux-gcc -c -fPIC  conftest.c >&5
configure:8038: $? = 0
configure:8038: result: yes
configure:8038: checking for stdint.h
configure:8038: rsdk-linux-gcc -c -fPIC  conftest.c >&5
configure:8038: $? = 0
configure:8038: result: yes
configure:8038: checking for unistd.h
configure:8038: rsdk-linux-gcc -c -fPIC  conftest.c >&5
configure:8038: $? = 0
configure:8038: result: yes
configure:8052: checking for dlfcn.h
configure:8052: rsdk-linux-gcc -c -fPIC  conftest.c >&5
configure:8052: $? = 0
configure:8052: result: yes
configure:8258: checking for objdir
configure:8273: result: .libs
configure:8544: checking if rsdk-linux-gcc supports -fno-rtti -fno-exceptions
configure:8562: rsdk-linux-gcc -c -fPIC  -fno-rtti -fno-exceptions conftest.c >&5
cc1: warning: command line option "-fno-rtti" is valid for C++/ObjC++ but not for C
configure:8566: $? = 0
configure:8579: result: no
configure:8906: checking for rsdk-linux-gcc option to produce PIC
configure:8913: result: -fPIC -DPIC
configure:8921: checking if rsdk-linux-gcc PIC flag -fPIC -DPIC works
configure:8939: rsdk-linux-gcc -c -fPIC  -fPIC -DPIC -DPIC conftest.c >&5
configure:8943: $? = 0
configure:8956: result: yes
configure:8985: checking if rsdk-linux-gcc static flag -static works
configure:9013: result: yes
configure:9028: checking if rsdk-linux-gcc supports -c -o file.o
configure:9049: rsdk-linux-gcc -c -fPIC  -o out/conftest2.o conftest.c >&5
configure:9053: $? = 0
configure:9075: result: yes
configure:9083: checking if rsdk-linux-gcc supports -c -o file.o
configure:9130: result: yes
configure:9163: checking whether the rsdk-linux-gcc linker (rsdk-linux-gcc) supports shared libraries
configure:10316: result: no
configure:10556: checking dynamic linker characteristics
configure:11067: rsdk-linux-gcc -o conftest -fPIC    conftest.c  >&5
configure:11067: $? = 0
configure:11293: result: GNU/Linux ld.so
configure:11400: checking how to hardcode library paths into programs
configure:11425: result: unsupported
configure:11965: checking whether stripping libraries is possible
configure:11970: result: yes
configure:12005: checking if libtool supports shared libraries
configure:12007: result: no
configure:12010: checking whether to build shared libraries
configure:12031: result: no
configure:12034: checking whether to build static libraries
configure:12038: result: yes
configure:12082: checking size of size_t
configure:12087: rsdk-linux-gcc -c -fPIC  conftest.c >&5
configure:12087: $? = 0
configure:12087: rsdk-linux-gcc -c -fPIC  conftest.c >&5
conftest.c: In function 'main':
conftest.c:59: error: size of array 'test_array' is negative
configure:12087: $? = 1
configure: failed program was:
| /* confdefs.h */
| #define PACKAGE_NAME "libffi"
| #define PACKAGE_TARNAME "libffi"
| #define PACKAGE_VERSION "3.0.13"
| #define PACKAGE_STRING "libffi 3.0.13"
| #define PACKAGE_BUGREPORT "http://github.com/atgreen/libffi/issues"
| #define PACKAGE_URL ""
| #define PACKAGE "libffi"
| #define VERSION "3.0.13"
| #define STDC_HEADERS 1
| #define HAVE_SYS_TYPES_H 1
| #define HAVE_SYS_STAT_H 1
| #define HAVE_STDLIB_H 1
| #define HAVE_STRING_H 1
| #define HAVE_MEMORY_H 1
| #define HAVE_STRINGS_H 1
| #define HAVE_INTTYPES_H 1
| #define HAVE_STDINT_H 1
| #define HAVE_UNISTD_H 1
| #define HAVE_DLFCN_H 1
| #define LT_OBJDIR ".libs/"
| /* end confdefs.h.  */
| #include <stdio.h>
| #ifdef HAVE_SYS_TYPES_H
| # include <sys/types.h>
| #endif
| #ifdef HAVE_SYS_STAT_H
| # include <sys/stat.h>
| #endif
| #ifdef STDC_HEADERS
| # include <stdlib.h>
| # include <stddef.h>
| #else
| # ifdef HAVE_STDLIB_H
| #  include <stdlib.h>
| # endif
| #endif
| #ifdef HAVE_STRING_H
| # if !defined STDC_HEADERS && defined HAVE_MEMORY_H
| #  include <memory.h>
| # endif
| # include <string.h>
| #endif
| #ifdef HAVE_STRINGS_H
| # include <strings.h>
| #endif
| #ifdef HAVE_INTTYPES_H
| # include <inttypes.h>
| #endif
| #ifdef HAVE_STDINT_H
| # include <stdint.h>
| #endif
| #ifdef HAVE_UNISTD_H
| # include <unistd.h>
| #endif
| int
| main ()
| {
| static int test_array [1 - 2 * !(((long int) (sizeof (size_t))) <= 0)];
| test_array [0] = 0;
| return test_array [0];
| 
|   ;
|   return 0;
| }
configure:12087: rsdk-linux-gcc -c -fPIC  conftest.c >&5
conftest.c: In function 'main':
conftest.c:59: error: size of array 'test_array' is negative
configure:12087: $? = 1
configure: failed program was:
| /* confdefs.h */
| #define PACKAGE_NAME "libffi"
| #define PACKAGE_TARNAME "libffi"
| #define PACKAGE_VERSION "3.0.13"
| #define PACKAGE_STRING "libffi 3.0.13"
| #define PACKAGE_BUGREPORT "http://github.com/atgreen/libffi/issues"
| #define PACKAGE_URL ""
| #define PACKAGE "libffi"
| #define VERSION "3.0.13"
| #define STDC_HEADERS 1
| #define HAVE_SYS_TYPES_H 1
| #define HAVE_SYS_STAT_H 1
| #define HAVE_STDLIB_H 1
| #define HAVE_STRING_H 1
| #define HAVE_MEMORY_H 1
| #define HAVE_STRINGS_H 1
| #define HAVE_INTTYPES_H 1
| #define HAVE_STDINT_H 1
| #define HAVE_UNISTD_H 1
| #define HAVE_DLFCN_H 1
| #define LT_OBJDIR ".libs/"
| /* end confdefs.h.  */
| #include <stdio.h>
| #ifdef HAVE_SYS_TYPES_H
| # include <sys/types.h>
| #endif
| #ifdef HAVE_SYS_STAT_H
| # include <sys/stat.h>
| #endif
| #ifdef STDC_HEADERS
| # include <stdlib.h>
| # include <stddef.h>
| #else
| # ifdef HAVE_STDLIB_H
| #  include <stdlib.h>
| # endif
| #endif
| #ifdef HAVE_STRING_H
| # if !defined STDC_HEADERS && defined HAVE_MEMORY_H
| #  include <memory.h>
| # endif
| # include <string.h>
| #endif
| #ifdef HAVE_STRINGS_H
| # include <strings.h>
| #endif
| #ifdef HAVE_INTTYPES_H
| # include <inttypes.h>
| #endif
| #ifdef HAVE_STDINT_H
| # include <stdint.h>
| #endif
| #ifdef HAVE_UNISTD_H
| # include <unistd.h>
| #endif
| int
| main ()
| {
| static int test_array [1 - 2 * !(((long int) (sizeof (size_t))) <= 1)];
| test_array [0] = 0;
| return test_array [0];
| 
|   ;
|   return 0;
| }
configure:12087: rsdk-linux-gcc -c -fPIC  conftest.c >&5
conftest.c: In function 'main':
conftest.c:59: error: size of array 'test_array' is negative
configure:12087: $? = 1
configure: failed program was:
| /* confdefs.h */
| #define PACKAGE_NAME "libffi"
| #define PACKAGE_TARNAME "libffi"
| #define PACKAGE_VERSION "3.0.13"
| #define PACKAGE_STRING "libffi 3.0.13"
| #define PACKAGE_BUGREPORT "http://github.com/atgreen/libffi/issues"
| #define PACKAGE_URL ""
| #define PACKAGE "libffi"
| #define VERSION "3.0.13"
| #define STDC_HEADERS 1
| #define HAVE_SYS_TYPES_H 1
| #define HAVE_SYS_STAT_H 1
| #define HAVE_STDLIB_H 1
| #define HAVE_STRING_H 1
| #define HAVE_MEMORY_H 1
| #define HAVE_STRINGS_H 1
| #define HAVE_INTTYPES_H 1
| #define HAVE_STDINT_H 1
| #define HAVE_UNISTD_H 1
| #define HAVE_DLFCN_H 1
| #define LT_OBJDIR ".libs/"
| /* end confdefs.h.  */
| #include <stdio.h>
| #ifdef HAVE_SYS_TYPES_H
| # include <sys/types.h>
| #endif
| #ifdef HAVE_SYS_STAT_H
| # include <sys/stat.h>
| #endif
| #ifdef STDC_HEADERS
| # include <stdlib.h>
| # include <stddef.h>
| #else
| # ifdef HAVE_STDLIB_H
| #  include <stdlib.h>
| # endif
| #endif
| #ifdef HAVE_STRING_H
| # if !defined STDC_HEADERS && defined HAVE_MEMORY_H
| #  include <memory.h>
| # endif
| # include <string.h>
| #endif
| #ifdef HAVE_STRINGS_H
| # include <strings.h>
| #endif
| #ifdef HAVE_INTTYPES_H
| # include <inttypes.h>
| #endif
| #ifdef HAVE_STDINT_H
| # include <stdint.h>
| #endif
| #ifdef HAVE_UNISTD_H
| # include <unistd.h>
| #endif
| int
| main ()
| {
| static int test_array [1 - 2 * !(((long int) (sizeof (size_t))) <= 3)];
| test_array [0] = 0;
| return test_array [0];
| 
|   ;
|   return 0;
| }
configure:12087: rsdk-linux-gcc -c -fPIC  conftest.c >&5
configure:12087: $? = 0
configure:12087: rsdk-linux-gcc -c -fPIC  conftest.c >&5
configure:12087: $? = 0
configure:12087: rsdk-linux-gcc -c -fPIC  conftest.c >&5
configure:12087: $? = 0
configure:12101: result: 4
configure:12112: checking for C compiler vendor
configure:12157: rsdk-linux-gcc -c -fPIC  conftest.c >&5
conftest.c: In function 'main':
conftest.c:30: error: 'thisisanerror' undeclared (first use in this function)
conftest.c:30: error: (Each undeclared identifier is reported only once
conftest.c:30: error: for each function it appears in.)
configure:12157: $? = 1
configure: failed program was:
| /* confdefs.h */
| #define PACKAGE_NAME "libffi"
| #define PACKAGE_TARNAME "libffi"
| #define PACKAGE_VERSION "3.0.13"
| #define PACKAGE_STRING "libffi 3.0.13"
| #define PACKAGE_BUGREPORT "http://github.com/atgreen/libffi/issues"
| #define PACKAGE_URL ""
| #define PACKAGE "libffi"
| #define VERSION "3.0.13"
| #define STDC_HEADERS 1
| #define HAVE_SYS_TYPES_H 1
| #define HAVE_SYS_STAT_H 1
| #define HAVE_STDLIB_H 1
| #define HAVE_STRING_H 1
| #define HAVE_MEMORY_H 1
| #define HAVE_STRINGS_H 1
| #define HAVE_INTTYPES_H 1
| #define HAVE_STDINT_H 1
| #define HAVE_UNISTD_H 1
| #define HAVE_DLFCN_H 1
| #define LT_OBJDIR ".libs/"
| #define SIZEOF_SIZE_T 4
| /* end confdefs.h.  */
| 
| int
| main ()
| {
| 
|       #if !(defined(__ICC) || defined(__ECC) || defined(__INTEL_COMPILER))
|         thisisanerror;
|       #endif
| 
|   ;
|   return 0;
| }
configure:12157: rsdk-linux-gcc -c -fPIC  conftest.c >&5
conftest.c: In function 'main':
conftest.c:30: error: 'thisisanerror' undeclared (first use in this function)
conftest.c:30: error: (Each undeclared identifier is reported only once
conftest.c:30: error: for each function it appears in.)
configure:12157: $? = 1
configure: failed program was:
| /* confdefs.h */
| #define PACKAGE_NAME "libffi"
| #define PACKAGE_TARNAME "libffi"
| #define PACKAGE_VERSION "3.0.13"
| #define PACKAGE_STRING "libffi 3.0.13"
| #define PACKAGE_BUGREPORT "http://github.com/atgreen/libffi/issues"
| #define PACKAGE_URL ""
| #define PACKAGE "libffi"
| #define VERSION "3.0.13"
| #define STDC_HEADERS 1
| #define HAVE_SYS_TYPES_H 1
| #define HAVE_SYS_STAT_H 1
| #define HAVE_STDLIB_H 1
| #define HAVE_STRING_H 1
| #define HAVE_MEMORY_H 1
| #define HAVE_STRINGS_H 1
| #define HAVE_INTTYPES_H 1
| #define HAVE_STDINT_H 1
| #define HAVE_UNISTD_H 1
| #define HAVE_DLFCN_H 1
| #define LT_OBJDIR ".libs/"
| #define SIZEOF_SIZE_T 4
| /* end confdefs.h.  */
| 
| int
| main ()
| {
| 
|       #if !(defined(__xlc__) || defined(__xlC__) || defined(__IBMC__) || defined(__IBMCPP__))
|         thisisanerror;
|       #endif
| 
|   ;
|   return 0;
| }
configure:12157: rsdk-linux-gcc -c -fPIC  conftest.c >&5
conftest.c: In function 'main':
conftest.c:30: error: 'thisisanerror' undeclared (first use in this function)
conftest.c:30: error: (Each undeclared identifier is reported only once
conftest.c:30: error: for each function it appears in.)
configure:12157: $? = 1
configure: failed program was:
| /* confdefs.h */
| #define PACKAGE_NAME "libffi"
| #define PACKAGE_TARNAME "libffi"
| #define PACKAGE_VERSION "3.0.13"
| #define PACKAGE_STRING "libffi 3.0.13"
| #define PACKAGE_BUGREPORT "http://github.com/atgreen/libffi/issues"
| #define PACKAGE_URL ""
| #define PACKAGE "libffi"
| #define VERSION "3.0.13"
| #define STDC_HEADERS 1
| #define HAVE_SYS_TYPES_H 1
| #define HAVE_SYS_STAT_H 1
| #define HAVE_STDLIB_H 1
| #define HAVE_STRING_H 1
| #define HAVE_MEMORY_H 1
| #define HAVE_STRINGS_H 1
| #define HAVE_INTTYPES_H 1
| #define HAVE_STDINT_H 1
| #define HAVE_UNISTD_H 1
| #define HAVE_DLFCN_H 1
| #define LT_OBJDIR ".libs/"
| #define SIZEOF_SIZE_T 4
| /* end confdefs.h.  */
| 
| int
| main ()
| {
| 
|       #if !(defined(__PATHCC__) || defined(__PATHSCALE__))
|         thisisanerror;
|       #endif
| 
|   ;
|   return 0;
| }
configure:12157: rsdk-linux-gcc -c -fPIC  conftest.c >&5
conftest.c: In function 'main':
conftest.c:30: error: 'thisisanerror' undeclared (first use in this function)
conftest.c:30: error: (Each undeclared identifier is reported only once
conftest.c:30: error: for each function it appears in.)
configure:12157: $? = 1
configure: failed program was:
| /* confdefs.h */
| #define PACKAGE_NAME "libffi"
| #define PACKAGE_TARNAME "libffi"
| #define PACKAGE_VERSION "3.0.13"
| #define PACKAGE_STRING "libffi 3.0.13"
| #define PACKAGE_BUGREPORT "http://github.com/atgreen/libffi/issues"
| #define PACKAGE_URL ""
| #define PACKAGE "libffi"
| #define VERSION "3.0.13"
| #define STDC_HEADERS 1
| #define HAVE_SYS_TYPES_H 1
| #define HAVE_SYS_STAT_H 1
| #define HAVE_STDLIB_H 1
| #define HAVE_STRING_H 1
| #define HAVE_MEMORY_H 1
| #define HAVE_STRINGS_H 1
| #define HAVE_INTTYPES_H 1
| #define HAVE_STDINT_H 1
| #define HAVE_UNISTD_H 1
| #define HAVE_DLFCN_H 1
| #define LT_OBJDIR ".libs/"
| #define SIZEOF_SIZE_T 4
| /* end confdefs.h.  */
| 
| int
| main ()
| {
| 
|       #if !(defined(__clang__))
|         thisisanerror;
|       #endif
| 
|   ;
|   return 0;
| }
configure:12157: rsdk-linux-gcc -c -fPIC  conftest.c >&5
configure:12157: $? = 0
configure:12165: result: gnu
configure:12998: : CFLAGS="$CFLAGS "
configure:13001: $? = 0
configure:13016: checking CFLAGS for maximum warnings
configure:13036: rsdk-linux-gcc -c -fPIC  -warn all  -warn all  conftest.c >&5
mips-linux-xgcc: all: No such file or directory
mips-linux-xgcc: all: No such file or directory
mips-linux-xgcc: unrecognized option '-warn'
mips-linux-xgcc: unrecognized option '-warn'
configure:13036: $? = 1
configure: failed program was:
| /* confdefs.h */
| #define PACKAGE_NAME "libffi"
| #define PACKAGE_TARNAME "libffi"
| #define PACKAGE_VERSION "3.0.13"
| #define PACKAGE_STRING "libffi 3.0.13"
| #define PACKAGE_BUGREPORT "http://github.com/atgreen/libffi/issues"
| #define PACKAGE_URL ""
| #define PACKAGE "libffi"
| #define VERSION "3.0.13"
| #define STDC_HEADERS 1
| #define HAVE_SYS_TYPES_H 1
| #define HAVE_SYS_STAT_H 1
| #define HAVE_STDLIB_H 1
| #define HAVE_STRING_H 1
| #define HAVE_MEMORY_H 1
| #define HAVE_STRINGS_H 1
| #define HAVE_INTTYPES_H 1
| #define HAVE_STDINT_H 1
| #define HAVE_UNISTD_H 1
| #define HAVE_DLFCN_H 1
| #define LT_OBJDIR ".libs/"
| #define SIZEOF_SIZE_T 4
| /* end confdefs.h.  */
| 
| int
| main ()
| {
| 
|   ;
|   return 0;
| }
configure:13036: rsdk-linux-gcc -c -fPIC  -pedantic  -Wall  conftest.c >&5
configure:13036: $? = 0
configure:13044: result: -Wall
configure:13060: : CFLAGS="$CFLAGS $ac_cv_cflags_warn_all"
configure:13063: $? = 0
configure:13093: checking whether to enable maintainer-specific portions of Makefiles
configure:13102: result: no
configure:13118: checking sys/mman.h usability
configure:13118: rsdk-linux-gcc -c -fPIC  -Wall -fexceptions  conftest.c >&5
configure:13118: $? = 0
configure:13118: result: yes
configure:13118: checking sys/mman.h presence
configure:13118: rsdk-linux-gcc -E  conftest.c
configure:13118: $? = 0
configure:13118: result: yes
configure:13118: checking for sys/mman.h
configure:13118: result: yes
configure:13130: checking for mmap
configure:13130: rsdk-linux-gcc -o conftest -fPIC  -Wall -fexceptions   conftest.c  >&5
configure:13130: $? = 0
configure:13130: result: yes
configure:13140: checking for sys/mman.h
configure:13140: result: yes
configure:13148: checking for mmap
configure:13148: result: yes
configure:13161: checking whether read-only mmap of a plain file works
configure:13178: result: yes
configure:13180: checking whether mmap from /dev/zero works
configure:13202: result: yes
configure:13206: checking for MAP_ANON(YMOUS)
configure:13229: rsdk-linux-gcc -c -fPIC  -Wall -fexceptions  conftest.c >&5
conftest.c: In function 'main':
conftest.c:37: warning: unused variable 'n'
configure:13229: $? = 0
configure:13236: result: yes
configure:13242: checking whether mmap with MAP_ANON(YMOUS) works
configure:13259: result: yes
configure:13759: checking for ANSI C header files
configure:13863: result: yes
configure:13873: checking for memcpy
configure:13873: rsdk-linux-gcc -o conftest -fPIC  -Wall -fexceptions   conftest.c  >&5
conftest.c:53: warning: conflicting types for built-in function 'memcpy'
configure:13873: $? = 0
configure:13873: result: yes
configure:13882: checking for size_t
configure:13882: rsdk-linux-gcc -c -fPIC  -Wall -fexceptions  conftest.c >&5
configure:13882: $? = 0
configure:13882: rsdk-linux-gcc -c -fPIC  -Wall -fexceptions  conftest.c >&5
conftest.c: In function 'main':
conftest.c:67: error: expected expression before ')' token
configure:13882: $? = 1
configure: failed program was:
| /* confdefs.h */
| #define PACKAGE_NAME "libffi"
| #define PACKAGE_TARNAME "libffi"
| #define PACKAGE_VERSION "3.0.13"
| #define PACKAGE_STRING "libffi 3.0.13"
| #define PACKAGE_BUGREPORT "http://github.com/atgreen/libffi/issues"
| #define PACKAGE_URL ""
| #define PACKAGE "libffi"
| #define VERSION "3.0.13"
| #define STDC_HEADERS 1
| #define HAVE_SYS_TYPES_H 1
| #define HAVE_SYS_STAT_H 1
| #define HAVE_STDLIB_H 1
| #define HAVE_STRING_H 1
| #define HAVE_MEMORY_H 1
| #define HAVE_STRINGS_H 1
| #define HAVE_INTTYPES_H 1
| #define HAVE_STDINT_H 1
| #define HAVE_UNISTD_H 1
| #define HAVE_DLFCN_H 1
| #define LT_OBJDIR ".libs/"
| #define SIZEOF_SIZE_T 4
| #define HAVE_SYS_MMAN_H 1
| #define HAVE_MMAP 1
| #define HAVE_MMAP_FILE 1
| #define HAVE_MMAP_DEV_ZERO 1
| #define HAVE_MMAP_ANON 1
| #define STDC_HEADERS 1
| #define HAVE_MEMCPY 1
| /* end confdefs.h.  */
| #include <stdio.h>
| #ifdef HAVE_SYS_TYPES_H
| # include <sys/types.h>
| #endif
| #ifdef HAVE_SYS_STAT_H
| # include <sys/stat.h>
| #endif
| #ifdef STDC_HEADERS
| # include <stdlib.h>
| # include <stddef.h>
| #else
| # ifdef HAVE_STDLIB_H
| #  include <stdlib.h>
| # endif
| #endif
| #ifdef HAVE_STRING_H
| # if !defined STDC_HEADERS && defined HAVE_MEMORY_H
| #  include <memory.h>
| # endif
| # include <string.h>
| #endif
| #ifdef HAVE_STRINGS_H
| # include <strings.h>
| #endif
| #ifdef HAVE_INTTYPES_H
| # include <inttypes.h>
| #endif
| #ifdef HAVE_STDINT_H
| # include <stdint.h>
| #endif
| #ifdef HAVE_UNISTD_H
| # include <unistd.h>
| #endif
| int
| main ()
| {
| if (sizeof ((size_t)))
| 	    return 0;
|   ;
|   return 0;
| }
configure:13882: result: yes
configure:13895: checking for working alloca.h
configure:13912: rsdk-linux-gcc -o conftest -fPIC  -Wall -fexceptions   conftest.c  >&5
configure:13912: $? = 0
configure:13920: result: yes
configure:13928: checking for alloca
configure:13965: rsdk-linux-gcc -o conftest -fPIC  -Wall -fexceptions   conftest.c  >&5
configure:13965: $? = 0
configure:13973: result: yes
configure:14084: checking size of double
configure:14089: rsdk-linux-gcc -c -fPIC  -Wall -fexceptions  conftest.c >&5
configure:14089: $? = 0
configure:14089: rsdk-linux-gcc -c -fPIC  -Wall -fexceptions  conftest.c >&5
conftest.c: In function 'main':
conftest.c:69: error: size of array 'test_array' is negative
configure:14089: $? = 1
configure: failed program was:
| /* confdefs.h */
| #define PACKAGE_NAME "libffi"
| #define PACKAGE_TARNAME "libffi"
| #define PACKAGE_VERSION "3.0.13"
| #define PACKAGE_STRING "libffi 3.0.13"
| #define PACKAGE_BUGREPORT "http://github.com/atgreen/libffi/issues"
| #define PACKAGE_URL ""
| #define PACKAGE "libffi"
| #define VERSION "3.0.13"
| #define STDC_HEADERS 1
| #define HAVE_SYS_TYPES_H 1
| #define HAVE_SYS_STAT_H 1
| #define HAVE_STDLIB_H 1
| #define HAVE_STRING_H 1
| #define HAVE_MEMORY_H 1
| #define HAVE_STRINGS_H 1
| #define HAVE_INTTYPES_H 1
| #define HAVE_STDINT_H 1
| #define HAVE_UNISTD_H 1
| #define HAVE_DLFCN_H 1
| #define LT_OBJDIR ".libs/"
| #define SIZEOF_SIZE_T 4
| #define HAVE_SYS_MMAN_H 1
| #define HAVE_MMAP 1
| #define HAVE_MMAP_FILE 1
| #define HAVE_MMAP_DEV_ZERO 1
| #define HAVE_MMAP_ANON 1
| #define STDC_HEADERS 1
| #define HAVE_MEMCPY 1
| #define HAVE_ALLOCA_H 1
| #define HAVE_ALLOCA 1
| /* end confdefs.h.  */
| #include <stdio.h>
| #ifdef HAVE_SYS_TYPES_H
| # include <sys/types.h>
| #endif
| #ifdef HAVE_SYS_STAT_H
| # include <sys/stat.h>
| #endif
| #ifdef STDC_HEADERS
| # include <stdlib.h>
| # include <stddef.h>
| #else
| # ifdef HAVE_STDLIB_H
| #  include <stdlib.h>
| # endif
| #endif
| #ifdef HAVE_STRING_H
| # if !defined STDC_HEADERS && defined HAVE_MEMORY_H
| #  include <memory.h>
| # endif
| # include <string.h>
| #endif
| #ifdef HAVE_STRINGS_H
| # include <strings.h>
| #endif
| #ifdef HAVE_INTTYPES_H
| # include <inttypes.h>
| #endif
| #ifdef HAVE_STDINT_H
| # include <stdint.h>
| #endif
| #ifdef HAVE_UNISTD_H
| # include <unistd.h>
| #endif
| int
| main ()
| {
| static int test_array [1 - 2 * !(((long int) (sizeof (double))) <= 0)];
| test_array [0] = 0;
| return test_array [0];
| 
|   ;
|   return 0;
| }
configure:14089: rsdk-linux-gcc -c -fPIC  -Wall -fexceptions  conftest.c >&5
conftest.c: In function 'main':
conftest.c:69: error: size of array 'test_array' is negative
configure:14089: $? = 1
configure: failed program was:
| /* confdefs.h */
| #define PACKAGE_NAME "libffi"
| #define PACKAGE_TARNAME "libffi"
| #define PACKAGE_VERSION "3.0.13"
| #define PACKAGE_STRING "libffi 3.0.13"
| #define PACKAGE_BUGREPORT "http://github.com/atgreen/libffi/issues"
| #define PACKAGE_URL ""
| #define PACKAGE "libffi"
| #define VERSION "3.0.13"
| #define STDC_HEADERS 1
| #define HAVE_SYS_TYPES_H 1
| #define HAVE_SYS_STAT_H 1
| #define HAVE_STDLIB_H 1
| #define HAVE_STRING_H 1
| #define HAVE_MEMORY_H 1
| #define HAVE_STRINGS_H 1
| #define HAVE_INTTYPES_H 1
| #define HAVE_STDINT_H 1
| #define HAVE_UNISTD_H 1
| #define HAVE_DLFCN_H 1
| #define LT_OBJDIR ".libs/"
| #define SIZEOF_SIZE_T 4
| #define HAVE_SYS_MMAN_H 1
| #define HAVE_MMAP 1
| #define HAVE_MMAP_FILE 1
| #define HAVE_MMAP_DEV_ZERO 1
| #define HAVE_MMAP_ANON 1
| #define STDC_HEADERS 1
| #define HAVE_MEMCPY 1
| #define HAVE_ALLOCA_H 1
| #define HAVE_ALLOCA 1
| /* end confdefs.h.  */
| #include <stdio.h>
| #ifdef HAVE_SYS_TYPES_H
| # include <sys/types.h>
| #endif
| #ifdef HAVE_SYS_STAT_H
| # include <sys/stat.h>
| #endif
| #ifdef STDC_HEADERS
| # include <stdlib.h>
| # include <stddef.h>
| #else
| # ifdef HAVE_STDLIB_H
| #  include <stdlib.h>
| # endif
| #endif
| #ifdef HAVE_STRING_H
| # if !defined STDC_HEADERS && defined HAVE_MEMORY_H
| #  include <memory.h>
| # endif
| # include <string.h>
| #endif
| #ifdef HAVE_STRINGS_H
| # include <strings.h>
| #endif
| #ifdef HAVE_INTTYPES_H
| # include <inttypes.h>
| #endif
| #ifdef HAVE_STDINT_H
| # include <stdint.h>
| #endif
| #ifdef HAVE_UNISTD_H
| # include <unistd.h>
| #endif
| int
| main ()
| {
| static int test_array [1 - 2 * !(((long int) (sizeof (double))) <= 1)];
| test_array [0] = 0;
| return test_array [0];
| 
|   ;
|   return 0;
| }
configure:14089: rsdk-linux-gcc -c -fPIC  -Wall -fexceptions  conftest.c >&5
conftest.c: In function 'main':
conftest.c:69: error: size of array 'test_array' is negative
configure:14089: $? = 1
configure: failed program was:
| /* confdefs.h */
| #define PACKAGE_NAME "libffi"
| #define PACKAGE_TARNAME "libffi"
| #define PACKAGE_VERSION "3.0.13"
| #define PACKAGE_STRING "libffi 3.0.13"
| #define PACKAGE_BUGREPORT "http://github.com/atgreen/libffi/issues"
| #define PACKAGE_URL ""
| #define PACKAGE "libffi"
| #define VERSION "3.0.13"
| #define STDC_HEADERS 1
| #define HAVE_SYS_TYPES_H 1
| #define HAVE_SYS_STAT_H 1
| #define HAVE_STDLIB_H 1
| #define HAVE_STRING_H 1
| #define HAVE_MEMORY_H 1
| #define HAVE_STRINGS_H 1
| #define HAVE_INTTYPES_H 1
| #define HAVE_STDINT_H 1
| #define HAVE_UNISTD_H 1
| #define HAVE_DLFCN_H 1
| #define LT_OBJDIR ".libs/"
| #define SIZEOF_SIZE_T 4
| #define HAVE_SYS_MMAN_H 1
| #define HAVE_MMAP 1
| #define HAVE_MMAP_FILE 1
| #define HAVE_MMAP_DEV_ZERO 1
| #define HAVE_MMAP_ANON 1
| #define STDC_HEADERS 1
| #define HAVE_MEMCPY 1
| #define HAVE_ALLOCA_H 1
| #define HAVE_ALLOCA 1
| /* end confdefs.h.  */
| #include <stdio.h>
| #ifdef HAVE_SYS_TYPES_H
| # include <sys/types.h>
| #endif
| #ifdef HAVE_SYS_STAT_H
| # include <sys/stat.h>
| #endif
| #ifdef STDC_HEADERS
| # include <stdlib.h>
| # include <stddef.h>
| #else
| # ifdef HAVE_STDLIB_H
| #  include <stdlib.h>
| # endif
| #endif
| #ifdef HAVE_STRING_H
| # if !defined STDC_HEADERS && defined HAVE_MEMORY_H
| #  include <memory.h>
| # endif
| # include <string.h>
| #endif
| #ifdef HAVE_STRINGS_H
| # include <strings.h>
| #endif
| #ifdef HAVE_INTTYPES_H
| # include <inttypes.h>
| #endif
| #ifdef HAVE_STDINT_H
| # include <stdint.h>
| #endif
| #ifdef HAVE_UNISTD_H
| # include <unistd.h>
| #endif
| int
| main ()
| {
| static int test_array [1 - 2 * !(((long int) (sizeof (double))) <= 3)];
| test_array [0] = 0;
| return test_array [0];
| 
|   ;
|   return 0;
| }
configure:14089: rsdk-linux-gcc -c -fPIC  -Wall -fexceptions  conftest.c >&5
conftest.c: In function 'main':
conftest.c:69: error: size of array 'test_array' is negative
configure:14089: $? = 1
configure: failed program was:
| /* confdefs.h */
| #define PACKAGE_NAME "libffi"
| #define PACKAGE_TARNAME "libffi"
| #define PACKAGE_VERSION "3.0.13"
| #define PACKAGE_STRING "libffi 3.0.13"
| #define PACKAGE_BUGREPORT "http://github.com/atgreen/libffi/issues"
| #define PACKAGE_URL ""
| #define PACKAGE "libffi"
| #define VERSION "3.0.13"
| #define STDC_HEADERS 1
| #define HAVE_SYS_TYPES_H 1
| #define HAVE_SYS_STAT_H 1
| #define HAVE_STDLIB_H 1
| #define HAVE_STRING_H 1
| #define HAVE_MEMORY_H 1
| #define HAVE_STRINGS_H 1
| #define HAVE_INTTYPES_H 1
| #define HAVE_STDINT_H 1
| #define HAVE_UNISTD_H 1
| #define HAVE_DLFCN_H 1
| #define LT_OBJDIR ".libs/"
| #define SIZEOF_SIZE_T 4
| #define HAVE_SYS_MMAN_H 1
| #define HAVE_MMAP 1
| #define HAVE_MMAP_FILE 1
| #define HAVE_MMAP_DEV_ZERO 1
| #define HAVE_MMAP_ANON 1
| #define STDC_HEADERS 1
| #define HAVE_MEMCPY 1
| #define HAVE_ALLOCA_H 1
| #define HAVE_ALLOCA 1
| /* end confdefs.h.  */
| #include <stdio.h>
| #ifdef HAVE_SYS_TYPES_H
| # include <sys/types.h>
| #endif
| #ifdef HAVE_SYS_STAT_H
| # include <sys/stat.h>
| #endif
| #ifdef STDC_HEADERS
| # include <stdlib.h>
| # include <stddef.h>
| #else
| # ifdef HAVE_STDLIB_H
| #  include <stdlib.h>
| # endif
| #endif
| #ifdef HAVE_STRING_H
| # if !defined STDC_HEADERS && defined HAVE_MEMORY_H
| #  include <memory.h>
| # endif
| # include <string.h>
| #endif
| #ifdef HAVE_STRINGS_H
| # include <strings.h>
| #endif
| #ifdef HAVE_INTTYPES_H
| # include <inttypes.h>
| #endif
| #ifdef HAVE_STDINT_H
| # include <stdint.h>
| #endif
| #ifdef HAVE_UNISTD_H
| # include <unistd.h>
| #endif
| int
| main ()
| {
| static int test_array [1 - 2 * !(((long int) (sizeof (double))) <= 7)];
| test_array [0] = 0;
| return test_array [0];
| 
|   ;
|   return 0;
| }
configure:14089: rsdk-linux-gcc -c -fPIC  -Wall -fexceptions  conftest.c >&5
configure:14089: $? = 0
configure:14089: rsdk-linux-gcc -c -fPIC  -Wall -fexceptions  conftest.c >&5
configure:14089: $? = 0
configure:14089: rsdk-linux-gcc -c -fPIC  -Wall -fexceptions  conftest.c >&5
configure:14089: $? = 0
configure:14089: rsdk-linux-gcc -c -fPIC  -Wall -fexceptions  conftest.c >&5
configure:14089: $? = 0
configure:14103: result: 8
configure:14117: checking size of long double
configure:14122: rsdk-linux-gcc -c -fPIC  -Wall -fexceptions  conftest.c >&5
configure:14122: $? = 0
configure:14122: rsdk-linux-gcc -c -fPIC  -Wall -fexceptions  conftest.c >&5
conftest.c: In function 'main':
conftest.c:70: error: size of array 'test_array' is negative
configure:14122: $? = 1
configure: failed program was:
| /* confdefs.h */
| #define PACKAGE_NAME "libffi"
| #define PACKAGE_TARNAME "libffi"
| #define PACKAGE_VERSION "3.0.13"
| #define PACKAGE_STRING "libffi 3.0.13"
| #define PACKAGE_BUGREPORT "http://github.com/atgreen/libffi/issues"
| #define PACKAGE_URL ""
| #define PACKAGE "libffi"
| #define VERSION "3.0.13"
| #define STDC_HEADERS 1
| #define HAVE_SYS_TYPES_H 1
| #define HAVE_SYS_STAT_H 1
| #define HAVE_STDLIB_H 1
| #define HAVE_STRING_H 1
| #define HAVE_MEMORY_H 1
| #define HAVE_STRINGS_H 1
| #define HAVE_INTTYPES_H 1
| #define HAVE_STDINT_H 1
| #define HAVE_UNISTD_H 1
| #define HAVE_DLFCN_H 1
| #define LT_OBJDIR ".libs/"
| #define SIZEOF_SIZE_T 4
| #define HAVE_SYS_MMAN_H 1
| #define HAVE_MMAP 1
| #define HAVE_MMAP_FILE 1
| #define HAVE_MMAP_DEV_ZERO 1
| #define HAVE_MMAP_ANON 1
| #define STDC_HEADERS 1
| #define HAVE_MEMCPY 1
| #define HAVE_ALLOCA_H 1
| #define HAVE_ALLOCA 1
| #define SIZEOF_DOUBLE 8
| /* end confdefs.h.  */
| #include <stdio.h>
| #ifdef HAVE_SYS_TYPES_H
| # include <sys/types.h>
| #endif
| #ifdef HAVE_SYS_STAT_H
| # include <sys/stat.h>
| #endif
| #ifdef STDC_HEADERS
| # include <stdlib.h>
| # include <stddef.h>
| #else
| # ifdef HAVE_STDLIB_H
| #  include <stdlib.h>
| # endif
| #endif
| #ifdef HAVE_STRING_H
| # if !defined STDC_HEADERS && defined HAVE_MEMORY_H
| #  include <memory.h>
| # endif
| # include <string.h>
| #endif
| #ifdef HAVE_STRINGS_H
| # include <strings.h>
| #endif
| #ifdef HAVE_INTTYPES_H
| # include <inttypes.h>
| #endif
| #ifdef HAVE_STDINT_H
| # include <stdint.h>
| #endif
| #ifdef HAVE_UNISTD_H
| # include <unistd.h>
| #endif
| int
| main ()
| {
| static int test_array [1 - 2 * !(((long int) (sizeof (long double))) <= 0)];
| test_array [0] = 0;
| return test_array [0];
| 
|   ;
|   return 0;
| }
configure:14122: rsdk-linux-gcc -c -fPIC  -Wall -fexceptions  conftest.c >&5
conftest.c: In function 'main':
conftest.c:70: error: size of array 'test_array' is negative
configure:14122: $? = 1
configure: failed program was:
| /* confdefs.h */
| #define PACKAGE_NAME "libffi"
| #define PACKAGE_TARNAME "libffi"
| #define PACKAGE_VERSION "3.0.13"
| #define PACKAGE_STRING "libffi 3.0.13"
| #define PACKAGE_BUGREPORT "http://github.com/atgreen/libffi/issues"
| #define PACKAGE_URL ""
| #define PACKAGE "libffi"
| #define VERSION "3.0.13"
| #define STDC_HEADERS 1
| #define HAVE_SYS_TYPES_H 1
| #define HAVE_SYS_STAT_H 1
| #define HAVE_STDLIB_H 1
| #define HAVE_STRING_H 1
| #define HAVE_MEMORY_H 1
| #define HAVE_STRINGS_H 1
| #define HAVE_INTTYPES_H 1
| #define HAVE_STDINT_H 1
| #define HAVE_UNISTD_H 1
| #define HAVE_DLFCN_H 1
| #define LT_OBJDIR ".libs/"
| #define SIZEOF_SIZE_T 4
| #define HAVE_SYS_MMAN_H 1
| #define HAVE_MMAP 1
| #define HAVE_MMAP_FILE 1
| #define HAVE_MMAP_DEV_ZERO 1
| #define HAVE_MMAP_ANON 1
| #define STDC_HEADERS 1
| #define HAVE_MEMCPY 1
| #define HAVE_ALLOCA_H 1
| #define HAVE_ALLOCA 1
| #define SIZEOF_DOUBLE 8
| /* end confdefs.h.  */
| #include <stdio.h>
| #ifdef HAVE_SYS_TYPES_H
| # include <sys/types.h>
| #endif
| #ifdef HAVE_SYS_STAT_H
| # include <sys/stat.h>
| #endif
| #ifdef STDC_HEADERS
| # include <stdlib.h>
| # include <stddef.h>
| #else
| # ifdef HAVE_STDLIB_H
| #  include <stdlib.h>
| # endif
| #endif
| #ifdef HAVE_STRING_H
| # if !defined STDC_HEADERS && defined HAVE_MEMORY_H
| #  include <memory.h>
| # endif
| # include <string.h>
| #endif
| #ifdef HAVE_STRINGS_H
| # include <strings.h>
| #endif
| #ifdef HAVE_INTTYPES_H
| # include <inttypes.h>
| #endif
| #ifdef HAVE_STDINT_H
| # include <stdint.h>
| #endif
| #ifdef HAVE_UNISTD_H
| # include <unistd.h>
| #endif
| int
| main ()
| {
| static int test_array [1 - 2 * !(((long int) (sizeof (long double))) <= 1)];
| test_array [0] = 0;
| return test_array [0];
| 
|   ;
|   return 0;
| }
configure:14122: rsdk-linux-gcc -c -fPIC  -Wall -fexceptions  conftest.c >&5
conftest.c: In function 'main':
conftest.c:70: error: size of array 'test_array' is negative
configure:14122: $? = 1
configure: failed program was:
| /* confdefs.h */
| #define PACKAGE_NAME "libffi"
| #define PACKAGE_TARNAME "libffi"
| #define PACKAGE_VERSION "3.0.13"
| #define PACKAGE_STRING "libffi 3.0.13"
| #define PACKAGE_BUGREPORT "http://github.com/atgreen/libffi/issues"
| #define PACKAGE_URL ""
| #define PACKAGE "libffi"
| #define VERSION "3.0.13"
| #define STDC_HEADERS 1
| #define HAVE_SYS_TYPES_H 1
| #define HAVE_SYS_STAT_H 1
| #define HAVE_STDLIB_H 1
| #define HAVE_STRING_H 1
| #define HAVE_MEMORY_H 1
| #define HAVE_STRINGS_H 1
| #define HAVE_INTTYPES_H 1
| #define HAVE_STDINT_H 1
| #define HAVE_UNISTD_H 1
| #define HAVE_DLFCN_H 1
| #define LT_OBJDIR ".libs/"
| #define SIZEOF_SIZE_T 4
| #define HAVE_SYS_MMAN_H 1
| #define HAVE_MMAP 1
| #define HAVE_MMAP_FILE 1
| #define HAVE_MMAP_DEV_ZERO 1
| #define HAVE_MMAP_ANON 1
| #define STDC_HEADERS 1
| #define HAVE_MEMCPY 1
| #define HAVE_ALLOCA_H 1
| #define HAVE_ALLOCA 1
| #define SIZEOF_DOUBLE 8
| /* end confdefs.h.  */
| #include <stdio.h>
| #ifdef HAVE_SYS_TYPES_H
| # include <sys/types.h>
| #endif
| #ifdef HAVE_SYS_STAT_H
| # include <sys/stat.h>
| #endif
| #ifdef STDC_HEADERS
| # include <stdlib.h>
| # include <stddef.h>
| #else
| # ifdef HAVE_STDLIB_H
| #  include <stdlib.h>
| # endif
| #endif
| #ifdef HAVE_STRING_H
| # if !defined STDC_HEADERS && defined HAVE_MEMORY_H
| #  include <memory.h>
| # endif
| # include <string.h>
| #endif
| #ifdef HAVE_STRINGS_H
| # include <strings.h>
| #endif
| #ifdef HAVE_INTTYPES_H
| # include <inttypes.h>
| #endif
| #ifdef HAVE_STDINT_H
| # include <stdint.h>
| #endif
| #ifdef HAVE_UNISTD_H
| # include <unistd.h>
| #endif
| int
| main ()
| {
| static int test_array [1 - 2 * !(((long int) (sizeof (long double))) <= 3)];
| test_array [0] = 0;
| return test_array [0];
| 
|   ;
|   return 0;
| }
configure:14122: rsdk-linux-gcc -c -fPIC  -Wall -fexceptions  conftest.c >&5
conftest.c: In function 'main':
conftest.c:70: error: size of array 'test_array' is negative
configure:14122: $? = 1
configure: failed program was:
| /* confdefs.h */
| #define PACKAGE_NAME "libffi"
| #define PACKAGE_TARNAME "libffi"
| #define PACKAGE_VERSION "3.0.13"
| #define PACKAGE_STRING "libffi 3.0.13"
| #define PACKAGE_BUGREPORT "http://github.com/atgreen/libffi/issues"
| #define PACKAGE_URL ""
| #define PACKAGE "libffi"
| #define VERSION "3.0.13"
| #define STDC_HEADERS 1
| #define HAVE_SYS_TYPES_H 1
| #define HAVE_SYS_STAT_H 1
| #define HAVE_STDLIB_H 1
| #define HAVE_STRING_H 1
| #define HAVE_MEMORY_H 1
| #define HAVE_STRINGS_H 1
| #define HAVE_INTTYPES_H 1
| #define HAVE_STDINT_H 1
| #define HAVE_UNISTD_H 1
| #define HAVE_DLFCN_H 1
| #define LT_OBJDIR ".libs/"
| #define SIZEOF_SIZE_T 4
| #define HAVE_SYS_MMAN_H 1
| #define HAVE_MMAP 1
| #define HAVE_MMAP_FILE 1
| #define HAVE_MMAP_DEV_ZERO 1
| #define HAVE_MMAP_ANON 1
| #define STDC_HEADERS 1
| #define HAVE_MEMCPY 1
| #define HAVE_ALLOCA_H 1
| #define HAVE_ALLOCA 1
| #define SIZEOF_DOUBLE 8
| /* end confdefs.h.  */
| #include <stdio.h>
| #ifdef HAVE_SYS_TYPES_H
| # include <sys/types.h>
| #endif
| #ifdef HAVE_SYS_STAT_H
| # include <sys/stat.h>
| #endif
| #ifdef STDC_HEADERS
| # include <stdlib.h>
| # include <stddef.h>
| #else
| # ifdef HAVE_STDLIB_H
| #  include <stdlib.h>
| # endif
| #endif
| #ifdef HAVE_STRING_H
| # if !defined STDC_HEADERS && defined HAVE_MEMORY_H
| #  include <memory.h>
| # endif
| # include <string.h>
| #endif
| #ifdef HAVE_STRINGS_H
| # include <strings.h>
| #endif
| #ifdef HAVE_INTTYPES_H
| # include <inttypes.h>
| #endif
| #ifdef HAVE_STDINT_H
| # include <stdint.h>
| #endif
| #ifdef HAVE_UNISTD_H
| # include <unistd.h>
| #endif
| int
| main ()
| {
| static int test_array [1 - 2 * !(((long int) (sizeof (long double))) <= 7)];
| test_array [0] = 0;
| return test_array [0];
| 
|   ;
|   return 0;
| }
configure:14122: rsdk-linux-gcc -c -fPIC  -Wall -fexceptions  conftest.c >&5
configure:14122: $? = 0
configure:14122: rsdk-linux-gcc -c -fPIC  -Wall -fexceptions  conftest.c >&5
configure:14122: $? = 0
configure:14122: rsdk-linux-gcc -c -fPIC  -Wall -fexceptions  conftest.c >&5
configure:14122: $? = 0
configure:14122: rsdk-linux-gcc -c -fPIC  -Wall -fexceptions  conftest.c >&5
configure:14122: $? = 0
configure:14136: result: 8
configure:14161: checking whether byte ordering is bigendian
configure:14176: rsdk-linux-gcc -c -fPIC  -Wall -fexceptions  conftest.c >&5
conftest.c:36: error: expected '=', ',', ';', 'asm' or '__attribute__' before 'a'
configure:14176: $? = 1
configure: failed program was:
| /* confdefs.h */
| #define PACKAGE_NAME "libffi"
| #define PACKAGE_TARNAME "libffi"
| #define PACKAGE_VERSION "3.0.13"
| #define PACKAGE_STRING "libffi 3.0.13"
| #define PACKAGE_BUGREPORT "http://github.com/atgreen/libffi/issues"
| #define PACKAGE_URL ""
| #define PACKAGE "libffi"
| #define VERSION "3.0.13"
| #define STDC_HEADERS 1
| #define HAVE_SYS_TYPES_H 1
| #define HAVE_SYS_STAT_H 1
| #define HAVE_STDLIB_H 1
| #define HAVE_STRING_H 1
| #define HAVE_MEMORY_H 1
| #define HAVE_STRINGS_H 1
| #define HAVE_INTTYPES_H 1
| #define HAVE_STDINT_H 1
| #define HAVE_UNISTD_H 1
| #define HAVE_DLFCN_H 1
| #define LT_OBJDIR ".libs/"
| #define SIZEOF_SIZE_T 4
| #define HAVE_SYS_MMAN_H 1
| #define HAVE_MMAP 1
| #define HAVE_MMAP_FILE 1
| #define HAVE_MMAP_DEV_ZERO 1
| #define HAVE_MMAP_ANON 1
| #define STDC_HEADERS 1
| #define HAVE_MEMCPY 1
| #define HAVE_ALLOCA_H 1
| #define HAVE_ALLOCA 1
| #define SIZEOF_DOUBLE 8
| #define SIZEOF_LONG_DOUBLE 8
| /* end confdefs.h.  */
| #ifndef __APPLE_CC__
| 	       not a universal capable compiler
| 	     #endif
| 	     typedef int dummy;
| 
configure:14221: rsdk-linux-gcc -c -fPIC  -Wall -fexceptions  conftest.c >&5
configure:14221: $? = 0
configure:14239: rsdk-linux-gcc -c -fPIC  -Wall -fexceptions  conftest.c >&5
configure:14239: $? = 0
configure:14367: result: yes
configure:14386: checking assembler .cfi pseudo-op support
configure:14404: rsdk-linux-gcc -c -fPIC  -Wall -fexceptions  conftest.c >&5
configure:14404: $? = 0
configure:14412: result: yes
configure:14704: checking whether .eh_frame section should be read-only
configure:14724: result: no
configure:14739: checking for __attribute__((visibility("hidden")))
configure:14748: rsdk-linux-gcc -Werror -S conftest.c -o conftest.s 1>&5
configure:14751: $? = 0
configure:14760: result: yes
configure:14974: checking that generated files are newer than configure
configure:14980: result: done
configure:15160: creating ./config.status

## ---------------------- ##
## Running config.status. ##
## ---------------------- ##

This file was extended by libffi config.status 3.0.13, which was
generated by GNU Autoconf 2.69.  Invocation command line was

  CONFIG_FILES    = 
  CONFIG_HEADERS  = 
  CONFIG_LINKS    = 
  CONFIG_COMMANDS = 
  $ ./config.status 

on 196Server

config.status:1208: creating include/Makefile
config.status:1208: creating include/ffi.h
config.status:1208: creating Makefile
config.status:1208: creating testsuite/Makefile
config.status:1208: creating man/Makefile
config.status:1208: creating libffi.pc
config.status:1208: creating fficonfig.h
config.status:1374: fficonfig.h is unchanged
config.status:1434: linking ../src/mips/ffitarget.h to include/ffitarget.h
config.status:1453: executing buildir commands
config.status:1483: create top_srcdir/Makefile guessed from local Makefile
config.status:1598: build in mips-unknown-linux-gnu (HOST=)
config.status:1453: executing depfiles commands
config.status:1453: executing libtool commands
config.status:1453: executing include commands
config.status:1453: executing src commands

## ---------------- ##
## Cache variables. ##
## ---------------- ##

ac_cv_build=x86_64-unknown-linux-gnu
ac_cv_c_bigendian=yes
ac_cv_c_compiler_gnu=yes
ac_cv_cflags_warn_all=-Wall
ac_cv_decl_map_anon=yes
ac_cv_env_CCASFLAGS_set=
ac_cv_env_CCASFLAGS_value=
ac_cv_env_CCAS_set=
ac_cv_env_CCAS_value=
ac_cv_env_CPPFLAGS_set=
ac_cv_env_CPPFLAGS_value=
ac_cv_env_CPP_set=
ac_cv_env_CPP_value=
ac_cv_env_build_alias_set=
ac_cv_env_build_alias_value=
ac_cv_env_host_alias_set=set
ac_cv_env_host_alias_value=mips-linux
ac_cv_env_target_alias_set=
ac_cv_env_target_alias_value=
ac_cv_func_alloca_works=yes
ac_cv_func_memcpy=yes
ac_cv_func_mmap=yes
ac_cv_func_mmap_anon=yes
ac_cv_func_mmap_dev_zero=yes
ac_cv_func_mmap_file=yes
ac_cv_header_dlfcn_h=yes
ac_cv_header_inttypes_h=yes
ac_cv_header_memory_h=yes
ac_cv_header_stdc=yes
ac_cv_header_stdint_h=yes
ac_cv_header_stdlib_h=yes
ac_cv_header_string_h=yes
ac_cv_header_strings_h=yes
ac_cv_header_sys_mman_h=yes
ac_cv_header_sys_stat_h=yes
ac_cv_header_sys_types_h=yes
ac_cv_header_unistd_h=yes
ac_cv_host=mips-unknown-linux-gnu
ac_cv_objext=o
ac_cv_path_EGREP='/bin/grep -E'
ac_cv_path_FGREP='/bin/grep -F'
ac_cv_path_GREP=/bin/grep
ac_cv_path_SED=/bin/sed
ac_cv_path_ax_enable_builddir_sed=sed
ac_cv_path_install='/usr/bin/install -c'
ac_cv_path_mkdir=/bin/mkdir
ac_cv_prog_AR=rsdk-linux-ar
ac_cv_prog_AWK=gawk
ac_cv_prog_CC=rsdk-linux-gcc
ac_cv_prog_CPP='rsdk-linux-gcc -E'
ac_cv_prog_OBJDUMP=mips-linux-objdump
ac_cv_prog_RANLIB=rsdk-linux-ranlib
ac_cv_prog_STRIP=rsdk-linux-strip
ac_cv_prog_cc_c89=
ac_cv_prog_cc_g=yes
ac_cv_prog_cc_rsdk_linux_gcc_c_o=yes
ac_cv_prog_make_make_set=yes
ac_cv_sizeof_double=8
ac_cv_sizeof_long_double=8
ac_cv_sizeof_size_t=4
ac_cv_target=mips-unknown-linux-gnu
ac_cv_type_size_t=yes
ac_cv_working_alloca_h=yes
am_cv_CCAS_dependencies_compiler_type=gcc3
am_cv_CC_dependencies_compiler_type=gcc3
ax_cv_c_compiler_vendor=gnu
gcc_cv_as_cfi_pseudo_op=yes
libffi_cv_hidden_visibility_attribute=yes
libffi_cv_ro_eh_frame=no
lt_cv_ar_at_file=@
lt_cv_deplibs_check_method=pass_all
lt_cv_file_magic_cmd='$MAGIC_CMD'
lt_cv_file_magic_test_file=
lt_cv_ld_reload_flag=-r
lt_cv_nm_interface='BSD nm'
lt_cv_objdir=.libs
lt_cv_path_LD=rsdk-linux-gcc
lt_cv_path_NM='/home/hf_shi/release-rtl819x-sdk-v3.4.6.4-23202-20140402/toolchain/rsdk-4.4.7-4181-EB-2.6.30-0.9.30-m32u-140129/bin/mips-linux-nm -B'
lt_cv_path_mainfest_tool=no
lt_cv_prog_compiler_c_o=yes
lt_cv_prog_compiler_pic='-fPIC -DPIC'
lt_cv_prog_compiler_pic_works=yes
lt_cv_prog_compiler_rtti_exceptions=no
lt_cv_prog_compiler_static_works=yes
lt_cv_prog_gnu_ld=no
lt_cv_sharedlib_from_linklib_cmd='printf %s\n'
lt_cv_shlibpath_overrides_runpath=no
lt_cv_sys_global_symbol_pipe='sed -n -e '\''s/^.*[	 ]\([ABCDGIRSTW][ABCDGIRSTW]*\)[	 ][	 ]*\([_A-Za-z][_A-Za-z0-9]*\)$/\1 \2 \2/p'\'' | sed '\''/ __gnu_lto/d'\'''
lt_cv_sys_global_symbol_to_c_name_address='sed -n -e '\''s/^: \([^ ]*\)[ ]*$/  {\"\1\", (void *) 0},/p'\'' -e '\''s/^[ABCDGIRSTW]* \([^ ]*\) \([^ ]*\)$/  {"\2", (void *) \&\2},/p'\'''
lt_cv_sys_global_symbol_to_c_name_address_lib_prefix='sed -n -e '\''s/^: \([^ ]*\)[ ]*$/  {\"\1\", (void *) 0},/p'\'' -e '\''s/^[ABCDGIRSTW]* \([^ ]*\) \(lib[^ ]*\)$/  {"\2", (void *) \&\2},/p'\'' -e '\''s/^[ABCDGIRSTW]* \([^ ]*\) \([^ ]*\)$/  {"lib\2", (void *) \&\2},/p'\'''
lt_cv_sys_global_symbol_to_cdecl='sed -n -e '\''s/^T .* \(.*\)$/extern int \1();/p'\'' -e '\''s/^[ABCDGIRSTW]* .* \(.*\)$/extern char \1;/p'\'''
lt_cv_sys_max_cmd_len=1966080
lt_cv_to_host_file_cmd=func_convert_file_noop
lt_cv_to_tool_file_cmd=func_convert_file_noop

## ----------------- ##
## Output variables. ##
## ----------------- ##

AARCH64_FALSE=''
AARCH64_TRUE='#'
ACLOCAL='${SHELL} /home/hf_shi/release-rtl819x-sdk-v3.4.6.4-23202-20140402/users/libffi-3.0.13/missing --run aclocal-1.12'
ALLOCA=''
ALPHA_FALSE=''
ALPHA_TRUE='#'
AMDEPBACKSLASH='\'
AMDEP_FALSE='#'
AMDEP_TRUE=''
AMTAR='$${TAR-tar}'
AM_LTLDFLAGS=''
AM_RUNTESTFLAGS=''
AR='rsdk-linux-ar'
ARM_FALSE=''
ARM_TRUE='#'
AUTOCONF='${SHELL} /home/hf_shi/release-rtl819x-sdk-v3.4.6.4-23202-20140402/users/libffi-3.0.13/missing --run autoconf'
AUTOHEADER='${SHELL} /home/hf_shi/release-rtl819x-sdk-v3.4.6.4-23202-20140402/users/libffi-3.0.13/missing --run autoheader'
AUTOMAKE='${SHELL} /home/hf_shi/release-rtl819x-sdk-v3.4.6.4-23202-20140402/users/libffi-3.0.13/missing --run automake-1.12'
AVR32_FALSE=''
AVR32_TRUE='#'
AWK='gawk'
BFIN_FALSE=''
BFIN_TRUE='#'
CC='rsdk-linux-gcc'
CCAS='rsdk-linux-gcc'
CCASDEPMODE='depmode=gcc3'
CCASFLAGS='-fPIC'
CCDEPMODE='depmode=gcc3'
CFLAGS='-fPIC  -Wall -fexceptions'
CPP='rsdk-linux-gcc -E'
CPPFLAGS=''
CYGPATH_W='echo'
DEFS='-DHAVE_CONFIG_H'
DEPDIR='.deps'
DLLTOOL='false'
DSYMUTIL=''
DUMPBIN=''
ECHO_C=''
ECHO_N='-n'
ECHO_T=''
EGREP='/bin/grep -E'
EXEEXT=''
FFI_DEBUG_FALSE=''
FFI_DEBUG_TRUE='#'
FFI_EXEC_TRAMPOLINE_TABLE='0'
FFI_EXEC_TRAMPOLINE_TABLE_FALSE=''
FFI_EXEC_TRAMPOLINE_TABLE_TRUE='#'
FGREP='/bin/grep -F'
FRV_FALSE=''
FRV_TRUE='#'
GREP='/bin/grep'
HAVE_LONG_DOUBLE='defined(__mips64)'
IA64_FALSE=''
IA64_TRUE='#'
INSTALL_DATA='${INSTALL} -m 644'
INSTALL_PROGRAM='${INSTALL}'
INSTALL_SCRIPT='${INSTALL}'
INSTALL_STRIP_PROGRAM='$(install_sh) -c -s'
LD='rsdk-linux-gcc'
LDFLAGS=''
LIBFFI_CRIS_FALSE=''
LIBFFI_CRIS_TRUE='#'
LIBOBJS=''
LIBS=''
LIBTOOL='$(SHELL) $(top_builddir)/libtool'
LIPO=''
LN_S='ln -s'
LTLIBOBJS=''
M32R_FALSE=''
M32R_TRUE='#'
M68K_FALSE=''
M68K_TRUE='#'
MAINT='#'
MAINTAINER_MODE_FALSE=''
MAINTAINER_MODE_TRUE='#'
MAKEINFO='${SHELL} /home/hf_shi/release-rtl819x-sdk-v3.4.6.4-23202-20140402/users/libffi-3.0.13/missing --run makeinfo'
MANIFEST_TOOL=':'
METAG_FALSE=''
METAG_TRUE='#'
MICROBLAZE_FALSE=''
MICROBLAZE_TRUE='#'
MIPS_FALSE='#'
MIPS_TRUE=''
MKDIR_P='/bin/mkdir -p'
MOXIE_FALSE=''
MOXIE_TRUE='#'
NM='/home/hf_shi/release-rtl819x-sdk-v3.4.6.4-23202-20140402/toolchain/rsdk-4.4.7-4181-EB-2.6.30-0.9.30-m32u-140129/bin/mips-linux-nm -B'
NMEDIT=''
OBJDUMP='mips-linux-objdump'
OBJEXT='o'
OTOOL64=''
OTOOL=''
PA64_HPUX_FALSE=''
PA64_HPUX_TRUE='#'
PACKAGE='libffi'
PACKAGE_BUGREPORT='http://github.com/atgreen/libffi/issues'
PACKAGE_NAME='libffi'
PACKAGE_STRING='libffi 3.0.13'
PACKAGE_TARNAME='libffi'
PACKAGE_URL=''
PACKAGE_VERSION='3.0.13'
PATH_SEPARATOR=':'
PA_HPUX_FALSE=''
PA_HPUX_TRUE='#'
PA_LINUX_FALSE=''
PA_LINUX_TRUE='#'
POWERPC_AIX_FALSE=''
POWERPC_AIX_TRUE='#'
POWERPC_DARWIN_FALSE=''
POWERPC_DARWIN_TRUE='#'
POWERPC_FALSE=''
POWERPC_FREEBSD_FALSE=''
POWERPC_FREEBSD_TRUE='#'
POWERPC_TRUE='#'
PRTDIAG=''
RANLIB='rsdk-linux-ranlib'
S390_FALSE=''
S390_TRUE='#'
SED='/bin/sed'
SET_MAKE=''
SH64_FALSE=''
SH64_TRUE='#'
SHELL='/bin/sh'
SH_FALSE=''
SH_TRUE='#'
SPARC_FALSE=''
SPARC_TRUE='#'
STRIP='rsdk-linux-strip'
TARGET='MIPS'
TARGETDIR='mips'
TESTSUBDIR_FALSE='#'
TESTSUBDIR_TRUE=''
TILE_FALSE=''
TILE_TRUE='#'
VERSION='3.0.13'
X86_64_FALSE=''
X86_64_TRUE='#'
X86_DARWIN_FALSE=''
X86_DARWIN_TRUE='#'
X86_FALSE=''
X86_FREEBSD_FALSE=''
X86_FREEBSD_TRUE='#'
X86_TRUE='#'
X86_WIN32_FALSE=''
X86_WIN32_TRUE='#'
X86_WIN64_FALSE=''
X86_WIN64_TRUE='#'
XTENSA_FALSE=''
XTENSA_TRUE='#'
ac_ct_AR=''
ac_ct_CC=''
ac_ct_DUMPBIN=''
am__EXEEXT_FALSE=''
am__EXEEXT_TRUE='#'
am__fastdepCCAS_FALSE='#'
am__fastdepCCAS_TRUE=''
am__fastdepCC_FALSE='#'
am__fastdepCC_TRUE=''
am__include='include'
am__isrc=' -I$(srcdir)'
am__leading_dot='.'
am__nodep='_no'
am__quote=''
am__tar='$${TAR-tar} chof - "$$tardir"'
am__untar='$${TAR-tar} xf -'
ax_enable_builddir_sed='sed'
bindir='${exec_prefix}/bin'
build='x86_64-unknown-linux-gnu'
build_alias=''
build_cpu='x86_64'
build_os='linux-gnu'
build_vendor='unknown'
datadir='${datarootdir}'
datarootdir='${prefix}/share'
docdir='${datarootdir}/doc/${PACKAGE_TARNAME}'
dvidir='${docdir}'
exec_prefix='${prefix}'
host='mips-unknown-linux-gnu'
host_alias='mips-linux'
host_cpu='mips'
host_os='linux-gnu'
host_vendor='unknown'
htmldir='${docdir}'
includedir='${prefix}/include'
infodir='${datarootdir}/info'
install_sh='${SHELL} /home/hf_shi/release-rtl819x-sdk-v3.4.6.4-23202-20140402/users/libffi-3.0.13/install-sh'
libdir='${exec_prefix}/lib'
libexecdir='${exec_prefix}/libexec'
localedir='${datarootdir}/locale'
localstatedir='${prefix}/var'
mandir='${datarootdir}/man'
mkdir_p='$(MKDIR_P)'
oldincludedir='/usr/include'
pdfdir='${docdir}'
prefix='/home/hf_shi/release-rtl819x-sdk-v3.4.6.4-23202-20140402/users/lib'
program_transform_name='s,x,x,'
psdir='${docdir}'
sbindir='${exec_prefix}/sbin'
sharedstatedir='${prefix}/com'
sys_symbol_underscore=''
sysconfdir='${prefix}/etc'
target='mips-unknown-linux-gnu'
target_alias='mips-linux'
target_cpu='mips'
target_os='linux-gnu'
target_vendor='unknown'
toolexecdir='$(libdir)/gcc-lib/$(target_alias)'
toolexeclibdir='$(libdir)'

## ----------- ##
## confdefs.h. ##
## ----------- ##

/* confdefs.h */
#define PACKAGE_NAME "libffi"
#define PACKAGE_TARNAME "libffi"
#define PACKAGE_VERSION "3.0.13"
#define PACKAGE_STRING "libffi 3.0.13"
#define PACKAGE_BUGREPORT "http://github.com/atgreen/libffi/issues"
#define PACKAGE_URL ""
#define PACKAGE "libffi"
#define VERSION "3.0.13"
#define STDC_HEADERS 1
#define HAVE_SYS_TYPES_H 1
#define HAVE_SYS_STAT_H 1
#define HAVE_STDLIB_H 1
#define HAVE_STRING_H 1
#define HAVE_MEMORY_H 1
#define HAVE_STRINGS_H 1
#define HAVE_INTTYPES_H 1
#define HAVE_STDINT_H 1
#define HAVE_UNISTD_H 1
#define HAVE_DLFCN_H 1
#define LT_OBJDIR ".libs/"
#define SIZEOF_SIZE_T 4
#define HAVE_SYS_MMAN_H 1
#define HAVE_MMAP 1
#define HAVE_MMAP_FILE 1
#define HAVE_MMAP_DEV_ZERO 1
#define HAVE_MMAP_ANON 1
#define STDC_HEADERS 1
#define HAVE_MEMCPY 1
#define HAVE_ALLOCA_H 1
#define HAVE_ALLOCA 1
#define SIZEOF_DOUBLE 8
#define SIZEOF_LONG_DOUBLE 8
#define WORDS_BIGENDIAN 1
#define HAVE_AS_CFI_PSEUDO_OP 1
#define EH_FRAME_FLAGS "aw"
#define HAVE_HIDDEN_VISIBILITY_ATTRIBUTE 1

configure: exit 0

## ---------------- ##
## Cache variables. ##
## ---------------- ##

ac_cv_build=x86_64-unknown-linux-gnu
ac_cv_env_CCASFLAGS_set=
ac_cv_env_CCASFLAGS_value=
ac_cv_env_CCAS_set=
ac_cv_env_CCAS_value=
ac_cv_env_CPPFLAGS_set=
ac_cv_env_CPPFLAGS_value=
ac_cv_env_CPP_set=
ac_cv_env_CPP_value=
ac_cv_env_build_alias_set=
ac_cv_env_build_alias_value=
ac_cv_env_host_alias_set=set
ac_cv_env_host_alias_value=mips-linux
ac_cv_env_target_alias_set=
ac_cv_env_target_alias_value=
ac_cv_host=mips-unknown-linux-gnu
ac_cv_target=mips-unknown-linux-gnu

## ----------------- ##
## Output variables. ##
## ----------------- ##

AARCH64_FALSE=''
AARCH64_TRUE=''
ACLOCAL=''
ALLOCA=''
ALPHA_FALSE=''
ALPHA_TRUE=''
AMDEPBACKSLASH=''
AMDEP_FALSE=''
AMDEP_TRUE=''
AMTAR=''
AM_LTLDFLAGS=''
AM_RUNTESTFLAGS=''
AR='rsdk-linux-ar'
ARM_FALSE=''
ARM_TRUE=''
AUTOCONF=''
AUTOHEADER=''
AUTOMAKE=''
AVR32_FALSE=''
AVR32_TRUE=''
AWK=''
BFIN_FALSE=''
BFIN_TRUE=''
CC='rsdk-linux-gcc'
CCAS=''
CCASDEPMODE=''
CCASFLAGS=''
CCDEPMODE=''
CFLAGS='-fPIC'
CPP=''
CPPFLAGS=''
CYGPATH_W=''
DEFS=''
DEPDIR=''
DLLTOOL=''
DSYMUTIL=''
DUMPBIN=''
ECHO_C=''
ECHO_N='-n'
ECHO_T=''
EGREP=''
EXEEXT=''
FFI_DEBUG_FALSE=''
FFI_DEBUG_TRUE=''
FFI_EXEC_TRAMPOLINE_TABLE=''
FFI_EXEC_TRAMPOLINE_TABLE_FALSE=''
FFI_EXEC_TRAMPOLINE_TABLE_TRUE=''
FGREP=''
FRV_FALSE=''
FRV_TRUE=''
GREP=''
HAVE_LONG_DOUBLE=''
IA64_FALSE=''
IA64_TRUE=''
INSTALL_DATA=''
INSTALL_PROGRAM=''
INSTALL_SCRIPT=''
INSTALL_STRIP_PROGRAM=''
LD='rsdk-linux-gcc'
LDFLAGS=''
LIBFFI_CRIS_FALSE=''
LIBFFI_CRIS_TRUE=''
LIBOBJS=''
LIBS=''
LIBTOOL=''
LIPO=''
LN_S=''
LTLIBOBJS=''
M32R_FALSE=''
M32R_TRUE=''
M68K_FALSE=''
M68K_TRUE=''
MAINT=''
MAINTAINER_MODE_FALSE=''
MAINTAINER_MODE_TRUE=''
MAKEINFO=''
MANIFEST_TOOL=''
METAG_FALSE=''
METAG_TRUE=''
MICROBLAZE_FALSE=''
MICROBLAZE_TRUE=''
MIPS_FALSE=''
MIPS_TRUE=''
MKDIR_P=''
MOXIE_FALSE=''
MOXIE_TRUE=''
NM=''
NMEDIT=''
OBJDUMP=''
OBJEXT=''
OTOOL64=''
OTOOL=''
PA64_HPUX_FALSE=''
PA64_HPUX_TRUE=''
PACKAGE=''
PACKAGE_BUGREPORT='http://github.com/atgreen/libffi/issues'
PACKAGE_NAME='libffi'
PACKAGE_STRING='libffi 3.0.13'
PACKAGE_TARNAME='libffi'
PACKAGE_URL=''
PACKAGE_VERSION='3.0.13'
PATH_SEPARATOR=':'
PA_HPUX_FALSE=''
PA_HPUX_TRUE=''
PA_LINUX_FALSE=''
PA_LINUX_TRUE=''
POWERPC_AIX_FALSE=''
POWERPC_AIX_TRUE=''
POWERPC_DARWIN_FALSE=''
POWERPC_DARWIN_TRUE=''
POWERPC_FALSE=''
POWERPC_FREEBSD_FALSE=''
POWERPC_FREEBSD_TRUE=''
POWERPC_TRUE=''
PRTDIAG=''
RANLIB='rsdk-linux-ranlib'
S390_FALSE=''
S390_TRUE=''
SED=''
SET_MAKE=''
SH64_FALSE=''
SH64_TRUE=''
SHELL='/bin/sh'
SH_FALSE=''
SH_TRUE=''
SPARC_FALSE=''
SPARC_TRUE=''
STRIP='rsdk-linux-strip'
TARGET='mips-unknown-linux-gnu'
TARGETDIR=''
TESTSUBDIR_FALSE=''
TESTSUBDIR_TRUE=''
TILE_FALSE=''
TILE_TRUE=''
VERSION=''
X86_64_FALSE=''
X86_64_TRUE=''
X86_DARWIN_FALSE=''
X86_DARWIN_TRUE=''
X86_FALSE=''
X86_FREEBSD_FALSE=''
X86_FREEBSD_TRUE=''
X86_TRUE=''
X86_WIN32_FALSE=''
X86_WIN32_TRUE=''
X86_WIN64_FALSE=''
X86_WIN64_TRUE=''
XTENSA_FALSE=''
XTENSA_TRUE=''
ac_ct_AR=''
ac_ct_CC=''
ac_ct_DUMPBIN=''
am__EXEEXT_FALSE=''
am__EXEEXT_TRUE=''
am__fastdepCCAS_FALSE=''
am__fastdepCCAS_TRUE=''
am__fastdepCC_FALSE=''
am__fastdepCC_TRUE=''
am__include=''
am__isrc=''
am__leading_dot=''
am__nodep=''
am__quote=''
am__tar=''
am__untar=''
ax_enable_builddir_sed=''
bindir='${exec_prefix}/bin'
build='x86_64-unknown-linux-gnu'
build_alias=''
build_cpu='x86_64'
build_os='linux-gnu'
build_vendor='unknown'
datadir='${datarootdir}'
datarootdir='${prefix}/share'
docdir='${datarootdir}/doc/${PACKAGE_TARNAME}'
dvidir='${docdir}'
exec_prefix='NONE'
host='mips-unknown-linux-gnu'
host_alias='mips-linux'
host_cpu='mips'
host_os='linux-gnu'
host_vendor='unknown'
htmldir='${docdir}'
includedir='${prefix}/include'
infodir='${datarootdir}/info'
install_sh=''
libdir='${exec_prefix}/lib'
libexecdir='${exec_prefix}/libexec'
localedir='${datarootdir}/locale'
localstatedir='${prefix}/var'
mandir='${datarootdir}/man'
mkdir_p=''
oldincludedir='/usr/include'
pdfdir='${docdir}'
prefix='/home/hf_shi/release-rtl819x-sdk-v3.4.6.4-23202-20140402/users/lib'
program_transform_name='s,x,x,'
psdir='${docdir}'
sbindir='${exec_prefix}/sbin'
sharedstatedir='${prefix}/com'
sys_symbol_underscore=''
sysconfdir='${prefix}/etc'
target='mips-unknown-linux-gnu'
target_alias='mips-linux'
target_cpu='mips'
target_os='linux-gnu'
target_vendor='unknown'
toolexecdir=''
toolexeclibdir=''

configure: exit 0
