This file contains any messages produced by compilers while
running configure, to aid debugging if configure makes a mistake.

It was created by CUnit configure 2.1-2, which was
generated by GNU Autoconf 2.69.  Invocation command line was

  $ ./configure --host=mips-linux

## --------- ##
## Platform. ##
## --------- ##

hostname = 196Server
uname -m = x86_64
uname -r = 2.6.32-279.19.1.el6.x86_64
uname -s = Linux
uname -v = #1 SMP Wed Dec 19 07:05:20 UTC 2012

/usr/bin/uname -p = unknown
/bin/uname -X     = unknown

/bin/arch              = x86_64
/usr/bin/arch -k       = unknown
/usr/convex/getsysinfo = unknown
/usr/bin/hostinfo      = unknown
/bin/machine           = unknown
/usr/bin/oslevel       = unknown
/bin/universe          = unknown

PATH: /home/ann_an/branch-rtl819x-sdk-v3.4.6/toolchain/rsdk-1.5.5-4181-EB-2.6.30-0.9.30.3-110225/bin
PATH: /opt/hisi-linux/x86-arm/arm-hisiv200-linux/target/bin
PATH: /opt/hisi-linux-nptl/arm-hisiv100-linux/target/bin
PATH: /usr/lib64/qt-3.3/bin
PATH: /usr/local/bin
PATH: /bin
PATH: /usr/bin
PATH: /usr/local/sbin
PATH: /usr/sbin
PATH: /sbin
PATH: /home/ann_an/bin


## ----------- ##
## Core tests. ##
## ----------- ##

configure:2424: checking for a BSD-compatible install
configure:2492: result: /usr/bin/install -c
configure:2503: checking whether build environment is sane
configure:2558: result: yes
configure:2596: WARNING: 'missing' script is too old or missing
configure:2617: checking for mips-linux-strip
configure:2644: result: rsdk-linux-strip
configure:2709: checking for a thread-safe mkdir -p
configure:2748: result: /bin/mkdir -p
configure:2755: checking for gawk
configure:2771: found /bin/gawk
configure:2782: result: gawk
configure:2793: checking whether make sets $(MAKE)
configure:2815: result: yes
configure:2844: checking whether make supports nested variables
configure:2861: result: yes
configure:3200: checking for mips-linux-gcc
configure:3227: result: rsdk-linux-gcc
configure:3496: checking for C compiler version
configure:3505: rsdk-linux-gcc --version >&5
mips-linux-xgcc (GCC) 4.4.5-1.5.5p2
Copyright (C) 2010 Free Software Foundation, Inc.
This is free software; see the source for copying conditions.  There is NO
warranty; not even for MERCHANTABILITY or FITNESS FOR A PARTICULAR PURPOSE.

configure:3516: $? = 0
configure:3505: rsdk-linux-gcc -v >&5
Using built-in specs.
Target: mips-linux
Configured with: RSDK Builder release 1.5
Thread model: posix
gcc version 4.4.5-1.5.5p2 (GCC) 
configure:3516: $? = 0
configure:3505: rsdk-linux-gcc -V >&5
mips-linux-xgcc: '-V' must come at the start of the command line
configure:3516: $? = 1
configure:3505: rsdk-linux-gcc -qversion >&5
mips-linux-xgcc: unrecognized option '-qversion'
mips-linux-xgcc: no input files
configure:3516: $? = 1
configure:3536: checking whether the C compiler works
configure:3558: rsdk-linux-gcc -I/home/ann_an/branch-rtl819x-sdk-v3.4.6/target/tmpfs/include -I/home/ann_an/branch-rtl819x-sdk-v3.4.6/target/tmpfs/include -DRELEASE=@RELEASE@ -Wall -W -pedantic -Wshadow -ansi -I/home/ann_an/branch-rtl819x-sdk-v3.4.6/users/CUnit-2.1-2/CUnit/Headers   -L/home/ann_an/branch-rtl819x-sdk-v3.4.6/users/CUnit-2.1-2/CUnit/Sources conftest.c  >&5
configure:3562: $? = 0
configure:3610: result: yes
configure:3613: checking for C compiler default output file name
configure:3615: result: a.out
configure:3621: checking for suffix of executables
configure:3628: rsdk-linux-gcc -o conftest -I/home/ann_an/branch-rtl819x-sdk-v3.4.6/target/tmpfs/include -I/home/ann_an/branch-rtl819x-sdk-v3.4.6/target/tmpfs/include -DRELEASE=@RELEASE@ -Wall -W -pedantic -Wshadow -ansi -I/home/ann_an/branch-rtl819x-sdk-v3.4.6/users/CUnit-2.1-2/CUnit/Headers   -L/home/ann_an/branch-rtl819x-sdk-v3.4.6/users/CUnit-2.1-2/CUnit/Sources conftest.c  >&5
configure:3632: $? = 0
configure:3654: result: 
configure:3676: checking whether we are cross compiling
configure:3684: rsdk-linux-gcc -o conftest -I/home/ann_an/branch-rtl819x-sdk-v3.4.6/target/tmpfs/include -I/home/ann_an/branch-rtl819x-sdk-v3.4.6/target/tmpfs/include -DRELEASE=@RELEASE@ -Wall -W -pedantic -Wshadow -ansi -I/home/ann_an/branch-rtl819x-sdk-v3.4.6/users/CUnit-2.1-2/CUnit/Headers   -L/home/ann_an/branch-rtl819x-sdk-v3.4.6/users/CUnit-2.1-2/CUnit/Sources conftest.c  >&5
configure:3688: $? = 0
configure:3695: ./conftest
./configure: line 3697: ./conftest: cannot execute binary file
configure:3699: $? = 126
configure:3714: result: yes
configure:3719: checking for suffix of object files
configure:3741: rsdk-linux-gcc -c -I/home/ann_an/branch-rtl819x-sdk-v3.4.6/target/tmpfs/include -I/home/ann_an/branch-rtl819x-sdk-v3.4.6/target/tmpfs/include -DRELEASE=@RELEASE@ -Wall -W -pedantic -Wshadow -ansi -I/home/ann_an/branch-rtl819x-sdk-v3.4.6/users/CUnit-2.1-2/CUnit/Headers  conftest.c >&5
configure:3745: $? = 0
configure:3766: result: o
configure:3770: checking whether we are using the GNU C compiler
configure:3789: rsdk-linux-gcc -c -I/home/ann_an/branch-rtl819x-sdk-v3.4.6/target/tmpfs/include -I/home/ann_an/branch-rtl819x-sdk-v3.4.6/target/tmpfs/include -DRELEASE=@RELEASE@ -Wall -W -pedantic -Wshadow -ansi -I/home/ann_an/branch-rtl819x-sdk-v3.4.6/users/CUnit-2.1-2/CUnit/Headers  conftest.c >&5
configure:3789: $? = 0
configure:3798: result: yes
configure:3807: checking whether rsdk-linux-gcc accepts -g
configure:3827: rsdk-linux-gcc -c -g  conftest.c >&5
configure:3827: $? = 0
configure:3868: result: yes
configure:3885: checking for rsdk-linux-gcc option to accept ISO C89
configure:3948: rsdk-linux-gcc  -c -I/home/ann_an/branch-rtl819x-sdk-v3.4.6/target/tmpfs/include -I/home/ann_an/branch-rtl819x-sdk-v3.4.6/target/tmpfs/include -DRELEASE=@RELEASE@ -Wall -W -pedantic -Wshadow -ansi -I/home/ann_an/branch-rtl819x-sdk-v3.4.6/users/CUnit-2.1-2/CUnit/Headers  conftest.c >&5
configure:3948: $? = 0
configure:3961: result: none needed
configure:3986: checking whether rsdk-linux-gcc understands -c and -o together
configure:4008: rsdk-linux-gcc -c conftest.c -o conftest2.o
configure:4011: $? = 0
configure:4008: rsdk-linux-gcc -c conftest.c -o conftest2.o
configure:4011: $? = 0
configure:4023: result: yes
configure:4051: checking for style of include used by make
configure:4079: result: GNU
configure:4105: checking dependency style of rsdk-linux-gcc
configure:4216: result: gcc3
configure:4232: checking whether make sets $(MAKE)
configure:4254: result: yes
configure:4292: checking build system type
configure:4306: result: x86_64-unknown-linux-gnu
configure:4326: checking host system type
configure:4339: result: mips-unknown-linux-gnu
configure:4359: checking for a sed that does not truncate output
configure:4423: result: /bin/sed
configure:4441: checking for grep that handles long lines and -e
configure:4499: result: /bin/grep
configure:4504: checking for egrep
configure:4566: result: /bin/grep -E
configure:4571: checking for fgrep
configure:4633: result: /bin/grep -F
configure:4668: checking for ld used by rsdk-linux-gcc
configure:4735: result: rsdk-linux-gcc
configure:4742: checking if the linker (rsdk-linux-gcc) is GNU ld
configure:4757: result: no
configure:4769: checking for BSD- or MS-compatible name lister (nm)
configure:4818: result: /home/ann_an/branch-rtl819x-sdk-v3.4.6/toolchain/rsdk-1.5.5-4181-EB-2.6.30-0.9.30.3-110225/bin/mips-linux-nm -B
configure:4936: checking the name lister (/home/ann_an/branch-rtl819x-sdk-v3.4.6/toolchain/rsdk-1.5.5-4181-EB-2.6.30-0.9.30.3-110225/bin/mips-linux-nm -B) interface
configure:4943: rsdk-linux-gcc -c -I/home/ann_an/branch-rtl819x-sdk-v3.4.6/target/tmpfs/include -I/home/ann_an/branch-rtl819x-sdk-v3.4.6/target/tmpfs/include -DRELEASE=@RELEASE@ -Wall -W -pedantic -Wshadow -ansi -I/home/ann_an/branch-rtl819x-sdk-v3.4.6/users/CUnit-2.1-2/CUnit/Headers  conftest.c >&5
configure:4946: /home/ann_an/branch-rtl819x-sdk-v3.4.6/toolchain/rsdk-1.5.5-4181-EB-2.6.30-0.9.30.3-110225/bin/mips-linux-nm -B "conftest.o"
configure:4949: output
00000000 B some_variable
configure:4956: result: BSD nm
configure:4959: checking whether ln -s works
configure:4963: result: yes
configure:4971: checking the maximum length of command line arguments
configure:5091: result: 1966080
configure:5108: checking whether the shell understands some XSI constructs
configure:5118: result: yes
configure:5122: checking whether the shell understands "+="
configure:5128: result: yes
configure:5163: checking for rsdk-linux-gcc option to reload object files
configure:5170: result: -r
configure:5199: checking for mips-linux-objdump
configure:5215: found /home/ann_an/branch-rtl819x-sdk-v3.4.6/toolchain/rsdk-1.5.5-4181-EB-2.6.30-0.9.30.3-110225/bin/mips-linux-objdump
configure:5226: result: mips-linux-objdump
configure:5298: checking how to recognize dependent libraries
configure:5494: result: pass_all
configure:5514: checking for mips-linux-ar
configure:5541: result: rsdk-linux-ar
configure:5619: checking for mips-linux-strip
configure:5646: result: rsdk-linux-strip
configure:5718: checking for mips-linux-ranlib
configure:5745: result: rsdk-linux-ranlib
configure:5875: checking command to parse /home/ann_an/branch-rtl819x-sdk-v3.4.6/toolchain/rsdk-1.5.5-4181-EB-2.6.30-0.9.30.3-110225/bin/mips-linux-nm -B output from rsdk-linux-gcc object
configure:5993: rsdk-linux-gcc -c -I/home/ann_an/branch-rtl819x-sdk-v3.4.6/target/tmpfs/include -I/home/ann_an/branch-rtl819x-sdk-v3.4.6/target/tmpfs/include -DRELEASE=@RELEASE@ -Wall -W -pedantic -Wshadow -ansi -I/home/ann_an/branch-rtl819x-sdk-v3.4.6/users/CUnit-2.1-2/CUnit/Headers  conftest.c >&5
configure:5996: $? = 0
configure:6000: /home/ann_an/branch-rtl819x-sdk-v3.4.6/toolchain/rsdk-1.5.5-4181-EB-2.6.30-0.9.30.3-110225/bin/mips-linux-nm -B conftest.o \| sed -n -e 's/^.*[	 ]\([ABCDGIRSTW][ABCDGIRSTW]*\)[	 ][	 ]*\([_A-Za-z][_A-Za-z0-9]*\)$/\1 \2 \2/p' \> conftest.nm
configure:6003: $? = 0
configure:6057: rsdk-linux-gcc -o conftest -I/home/ann_an/branch-rtl819x-sdk-v3.4.6/target/tmpfs/include -I/home/ann_an/branch-rtl819x-sdk-v3.4.6/target/tmpfs/include -DRELEASE=@RELEASE@ -Wall -W -pedantic -Wshadow -ansi -I/home/ann_an/branch-rtl819x-sdk-v3.4.6/users/CUnit-2.1-2/CUnit/Headers   -L/home/ann_an/branch-rtl819x-sdk-v3.4.6/users/CUnit-2.1-2/CUnit/Sources conftest.c conftstm.o >&5
conftest.c:17: warning: ISO C forbids conversion of function pointer to object pointer type
configure:6060: $? = 0
configure:6098: result: ok
configure:6907: checking how to run the C preprocessor
configure:6938: rsdk-linux-gcc -E  conftest.c
configure:6938: $? = 0
configure:6952: rsdk-linux-gcc -E  conftest.c
conftest.c:11:28: error: ac_nonexistent.h: No such file or directory
configure:6952: $? = 1
configure: failed program was:
| /* confdefs.h */
| #define PACKAGE_NAME "CUnit"
| #define PACKAGE_TARNAME "cunit"
| #define PACKAGE_VERSION "2.1-2"
| #define PACKAGE_STRING "CUnit 2.1-2"
| #define PACKAGE_BUGREPORT ""
| #define PACKAGE_URL ""
| #define PACKAGE "CUnit"
| #define VERSION "2.1-2"
| /* end confdefs.h.  */
| #include <ac_nonexistent.h>
configure:6977: result: rsdk-linux-gcc -E
configure:6997: rsdk-linux-gcc -E  conftest.c
configure:6997: $? = 0
configure:7011: rsdk-linux-gcc -E  conftest.c
conftest.c:11:28: error: ac_nonexistent.h: No such file or directory
configure:7011: $? = 1
configure: failed program was:
| /* confdefs.h */
| #define PACKAGE_NAME "CUnit"
| #define PACKAGE_TARNAME "cunit"
| #define PACKAGE_VERSION "2.1-2"
| #define PACKAGE_STRING "CUnit 2.1-2"
| #define PACKAGE_BUGREPORT ""
| #define PACKAGE_URL ""
| #define PACKAGE "CUnit"
| #define VERSION "2.1-2"
| /* end confdefs.h.  */
| #include <ac_nonexistent.h>
configure:7040: checking for ANSI C header files
configure:7060: rsdk-linux-gcc -c -I/home/ann_an/branch-rtl819x-sdk-v3.4.6/target/tmpfs/include -I/home/ann_an/branch-rtl819x-sdk-v3.4.6/target/tmpfs/include -DRELEASE=@RELEASE@ -Wall -W -pedantic -Wshadow -ansi -I/home/ann_an/branch-rtl819x-sdk-v3.4.6/users/CUnit-2.1-2/CUnit/Headers  conftest.c >&5
configure:7060: $? = 0
configure:7144: result: yes
configure:7157: checking for sys/types.h
configure:7157: rsdk-linux-gcc -c -I/home/ann_an/branch-rtl819x-sdk-v3.4.6/target/tmpfs/include -I/home/ann_an/branch-rtl819x-sdk-v3.4.6/target/tmpfs/include -DRELEASE=@RELEASE@ -Wall -W -pedantic -Wshadow -ansi -I/home/ann_an/branch-rtl819x-sdk-v3.4.6/users/CUnit-2.1-2/CUnit/Headers  conftest.c >&5
configure:7157: $? = 0
configure:7157: result: yes
configure:7157: checking for sys/stat.h
configure:7157: rsdk-linux-gcc -c -I/home/ann_an/branch-rtl819x-sdk-v3.4.6/target/tmpfs/include -I/home/ann_an/branch-rtl819x-sdk-v3.4.6/target/tmpfs/include -DRELEASE=@RELEASE@ -Wall -W -pedantic -Wshadow -ansi -I/home/ann_an/branch-rtl819x-sdk-v3.4.6/users/CUnit-2.1-2/CUnit/Headers  conftest.c >&5
configure:7157: $? = 0
configure:7157: result: yes
configure:7157: checking for stdlib.h
configure:7157: rsdk-linux-gcc -c -I/home/ann_an/branch-rtl819x-sdk-v3.4.6/target/tmpfs/include -I/home/ann_an/branch-rtl819x-sdk-v3.4.6/target/tmpfs/include -DRELEASE=@RELEASE@ -Wall -W -pedantic -Wshadow -ansi -I/home/ann_an/branch-rtl819x-sdk-v3.4.6/users/CUnit-2.1-2/CUnit/Headers  conftest.c >&5
configure:7157: $? = 0
configure:7157: result: yes
configure:7157: checking for string.h
configure:7157: rsdk-linux-gcc -c -I/home/ann_an/branch-rtl819x-sdk-v3.4.6/target/tmpfs/include -I/home/ann_an/branch-rtl819x-sdk-v3.4.6/target/tmpfs/include -DRELEASE=@RELEASE@ -Wall -W -pedantic -Wshadow -ansi -I/home/ann_an/branch-rtl819x-sdk-v3.4.6/users/CUnit-2.1-2/CUnit/Headers  conftest.c >&5
configure:7157: $? = 0
configure:7157: result: yes
configure:7157: checking for memory.h
configure:7157: rsdk-linux-gcc -c -I/home/ann_an/branch-rtl819x-sdk-v3.4.6/target/tmpfs/include -I/home/ann_an/branch-rtl819x-sdk-v3.4.6/target/tmpfs/include -DRELEASE=@RELEASE@ -Wall -W -pedantic -Wshadow -ansi -I/home/ann_an/branch-rtl819x-sdk-v3.4.6/users/CUnit-2.1-2/CUnit/Headers  conftest.c >&5
configure:7157: $? = 0
configure:7157: result: yes
configure:7157: checking for strings.h
configure:7157: rsdk-linux-gcc -c -I/home/ann_an/branch-rtl819x-sdk-v3.4.6/target/tmpfs/include -I/home/ann_an/branch-rtl819x-sdk-v3.4.6/target/tmpfs/include -DRELEASE=@RELEASE@ -Wall -W -pedantic -Wshadow -ansi -I/home/ann_an/branch-rtl819x-sdk-v3.4.6/users/CUnit-2.1-2/CUnit/Headers  conftest.c >&5
configure:7157: $? = 0
configure:7157: result: yes
configure:7157: checking for inttypes.h
configure:7157: rsdk-linux-gcc -c -I/home/ann_an/branch-rtl819x-sdk-v3.4.6/target/tmpfs/include -I/home/ann_an/branch-rtl819x-sdk-v3.4.6/target/tmpfs/include -DRELEASE=@RELEASE@ -Wall -W -pedantic -Wshadow -ansi -I/home/ann_an/branch-rtl819x-sdk-v3.4.6/users/CUnit-2.1-2/CUnit/Headers  conftest.c >&5
configure:7157: $? = 0
configure:7157: result: yes
configure:7157: checking for stdint.h
configure:7157: rsdk-linux-gcc -c -I/home/ann_an/branch-rtl819x-sdk-v3.4.6/target/tmpfs/include -I/home/ann_an/branch-rtl819x-sdk-v3.4.6/target/tmpfs/include -DRELEASE=@RELEASE@ -Wall -W -pedantic -Wshadow -ansi -I/home/ann_an/branch-rtl819x-sdk-v3.4.6/users/CUnit-2.1-2/CUnit/Headers  conftest.c >&5
configure:7157: $? = 0
configure:7157: result: yes
configure:7157: checking for unistd.h
configure:7157: rsdk-linux-gcc -c -I/home/ann_an/branch-rtl819x-sdk-v3.4.6/target/tmpfs/include -I/home/ann_an/branch-rtl819x-sdk-v3.4.6/target/tmpfs/include -DRELEASE=@RELEASE@ -Wall -W -pedantic -Wshadow -ansi -I/home/ann_an/branch-rtl819x-sdk-v3.4.6/users/CUnit-2.1-2/CUnit/Headers  conftest.c >&5
configure:7157: $? = 0
configure:7157: result: yes
configure:7171: checking for dlfcn.h
configure:7171: rsdk-linux-gcc -c -I/home/ann_an/branch-rtl819x-sdk-v3.4.6/target/tmpfs/include -I/home/ann_an/branch-rtl819x-sdk-v3.4.6/target/tmpfs/include -DRELEASE=@RELEASE@ -Wall -W -pedantic -Wshadow -ansi -I/home/ann_an/branch-rtl819x-sdk-v3.4.6/users/CUnit-2.1-2/CUnit/Headers  conftest.c >&5
configure:7171: $? = 0
configure:7171: result: yes
configure:7355: checking for objdir
configure:7370: result: .libs
configure:7662: checking if rsdk-linux-gcc supports -fno-rtti -fno-exceptions
configure:7680: rsdk-linux-gcc -c -I/home/ann_an/branch-rtl819x-sdk-v3.4.6/target/tmpfs/include -I/home/ann_an/branch-rtl819x-sdk-v3.4.6/target/tmpfs/include -DRELEASE=@RELEASE@ -Wall -W -pedantic -Wshadow -ansi -I/home/ann_an/branch-rtl819x-sdk-v3.4.6/users/CUnit-2.1-2/CUnit/Headers  -fno-rtti -fno-exceptions conftest.c >&5
cc1: warning: command line option "-fno-rtti" is valid for C++/ObjC++ but not for C
configure:7684: $? = 0
configure:7697: result: no
configure:7717: checking for rsdk-linux-gcc option to produce PIC
configure:7989: result: -fPIC -DPIC
configure:8001: checking if rsdk-linux-gcc PIC flag -fPIC -DPIC works
configure:8019: rsdk-linux-gcc -c -I/home/ann_an/branch-rtl819x-sdk-v3.4.6/target/tmpfs/include -I/home/ann_an/branch-rtl819x-sdk-v3.4.6/target/tmpfs/include -DRELEASE=@RELEASE@ -Wall -W -pedantic -Wshadow -ansi -I/home/ann_an/branch-rtl819x-sdk-v3.4.6/users/CUnit-2.1-2/CUnit/Headers  -fPIC -DPIC -DPIC conftest.c >&5
configure:8023: $? = 0
configure:8036: result: yes
configure:8060: checking if rsdk-linux-gcc static flag -static works
configure:8088: result: yes
configure:8103: checking if rsdk-linux-gcc supports -c -o file.o
configure:8124: rsdk-linux-gcc -c -I/home/ann_an/branch-rtl819x-sdk-v3.4.6/target/tmpfs/include -I/home/ann_an/branch-rtl819x-sdk-v3.4.6/target/tmpfs/include -DRELEASE=@RELEASE@ -Wall -W -pedantic -Wshadow -ansi -I/home/ann_an/branch-rtl819x-sdk-v3.4.6/users/CUnit-2.1-2/CUnit/Headers  -o out/conftest2.o conftest.c >&5
configure:8128: $? = 0
configure:8150: result: yes
configure:8158: checking if rsdk-linux-gcc supports -c -o file.o
configure:8205: result: yes
configure:8238: checking whether the rsdk-linux-gcc linker (rsdk-linux-gcc) supports shared libraries
configure:9224: result: no
configure:9463: checking dynamic linker characteristics
configure:9896: rsdk-linux-gcc -o conftest -I/home/ann_an/branch-rtl819x-sdk-v3.4.6/target/tmpfs/include -I/home/ann_an/branch-rtl819x-sdk-v3.4.6/target/tmpfs/include -DRELEASE=@RELEASE@ -Wall -W -pedantic -Wshadow -ansi -I/home/ann_an/branch-rtl819x-sdk-v3.4.6/users/CUnit-2.1-2/CUnit/Headers   -L/home/ann_an/branch-rtl819x-sdk-v3.4.6/users/CUnit-2.1-2/CUnit/Sources  conftest.c  >&5
configure:9896: $? = 0
configure:10117: result: GNU/Linux ld.so
configure:10219: checking how to hardcode library paths into programs
configure:10244: result: unsupported
configure:10764: checking whether stripping libraries is possible
configure:10769: result: yes
configure:10804: checking if libtool supports shared libraries
configure:10806: result: no
configure:10809: checking whether to build shared libraries
configure:10830: result: no
configure:10833: checking whether to build static libraries
configure:10837: result: yes
configure:10873: checking for main in -lc
configure:10892: rsdk-linux-gcc -o conftest -I/home/ann_an/branch-rtl819x-sdk-v3.4.6/target/tmpfs/include -I/home/ann_an/branch-rtl819x-sdk-v3.4.6/target/tmpfs/include -DRELEASE=@RELEASE@ -Wall -W -pedantic -Wshadow -ansi -I/home/ann_an/branch-rtl819x-sdk-v3.4.6/users/CUnit-2.1-2/CUnit/Headers   -L/home/ann_an/branch-rtl819x-sdk-v3.4.6/users/CUnit-2.1-2/CUnit/Sources conftest.c -lc   >&5
configure:10892: $? = 0
configure:10901: result: yes
configure:11018: checking for malloc
configure:11018: rsdk-linux-gcc -o conftest -I/home/ann_an/branch-rtl819x-sdk-v3.4.6/target/tmpfs/include -I/home/ann_an/branch-rtl819x-sdk-v3.4.6/target/tmpfs/include -DRELEASE=@RELEASE@ -Wall -W -pedantic -Wshadow -ansi -I/home/ann_an/branch-rtl819x-sdk-v3.4.6/users/CUnit-2.1-2/CUnit/Headers   -L/home/ann_an/branch-rtl819x-sdk-v3.4.6/users/CUnit-2.1-2/CUnit/Sources conftest.c -lc  >&5
conftest.c:47: warning: conflicting types for built-in function 'malloc'
configure:11018: $? = 0
configure:11018: result: yes
configure:11025: checking for free
configure:11025: rsdk-linux-gcc -o conftest -I/home/ann_an/branch-rtl819x-sdk-v3.4.6/target/tmpfs/include -I/home/ann_an/branch-rtl819x-sdk-v3.4.6/target/tmpfs/include -DRELEASE=@RELEASE@ -Wall -W -pedantic -Wshadow -ansi -I/home/ann_an/branch-rtl819x-sdk-v3.4.6/users/CUnit-2.1-2/CUnit/Headers   -L/home/ann_an/branch-rtl819x-sdk-v3.4.6/users/CUnit-2.1-2/CUnit/Sources conftest.c -lc  >&5
conftest.c:47: warning: conflicting types for built-in function 'free'
configure:11025: $? = 0
configure:11025: result: yes
configure:11032: checking for calloc
configure:11032: rsdk-linux-gcc -o conftest -I/home/ann_an/branch-rtl819x-sdk-v3.4.6/target/tmpfs/include -I/home/ann_an/branch-rtl819x-sdk-v3.4.6/target/tmpfs/include -DRELEASE=@RELEASE@ -Wall -W -pedantic -Wshadow -ansi -I/home/ann_an/branch-rtl819x-sdk-v3.4.6/users/CUnit-2.1-2/CUnit/Headers   -L/home/ann_an/branch-rtl819x-sdk-v3.4.6/users/CUnit-2.1-2/CUnit/Sources conftest.c -lc  >&5
conftest.c:47: warning: conflicting types for built-in function 'calloc'
configure:11032: $? = 0
configure:11032: result: yes
configure:11039: checking for realloc
configure:11039: rsdk-linux-gcc -o conftest -I/home/ann_an/branch-rtl819x-sdk-v3.4.6/target/tmpfs/include -I/home/ann_an/branch-rtl819x-sdk-v3.4.6/target/tmpfs/include -DRELEASE=@RELEASE@ -Wall -W -pedantic -Wshadow -ansi -I/home/ann_an/branch-rtl819x-sdk-v3.4.6/users/CUnit-2.1-2/CUnit/Headers   -L/home/ann_an/branch-rtl819x-sdk-v3.4.6/users/CUnit-2.1-2/CUnit/Sources conftest.c -lc  >&5
conftest.c:47: warning: conflicting types for built-in function 'realloc'
configure:11039: $? = 0
configure:11039: result: yes
configure:11047: checking for strcpy
configure:11047: rsdk-linux-gcc -o conftest -I/home/ann_an/branch-rtl819x-sdk-v3.4.6/target/tmpfs/include -I/home/ann_an/branch-rtl819x-sdk-v3.4.6/target/tmpfs/include -DRELEASE=@RELEASE@ -Wall -W -pedantic -Wshadow -ansi -I/home/ann_an/branch-rtl819x-sdk-v3.4.6/users/CUnit-2.1-2/CUnit/Headers   -L/home/ann_an/branch-rtl819x-sdk-v3.4.6/users/CUnit-2.1-2/CUnit/Sources conftest.c -lc  >&5
conftest.c:47: warning: conflicting types for built-in function 'strcpy'
configure:11047: $? = 0
configure:11047: result: yes
configure:11054: checking for strerror
configure:11054: rsdk-linux-gcc -o conftest -I/home/ann_an/branch-rtl819x-sdk-v3.4.6/target/tmpfs/include -I/home/ann_an/branch-rtl819x-sdk-v3.4.6/target/tmpfs/include -DRELEASE=@RELEASE@ -Wall -W -pedantic -Wshadow -ansi -I/home/ann_an/branch-rtl819x-sdk-v3.4.6/users/CUnit-2.1-2/CUnit/Headers   -L/home/ann_an/branch-rtl819x-sdk-v3.4.6/users/CUnit-2.1-2/CUnit/Sources conftest.c -lc  >&5
configure:11054: $? = 0
configure:11054: result: yes
configure:11062: checking for fopen
configure:11062: rsdk-linux-gcc -o conftest -I/home/ann_an/branch-rtl819x-sdk-v3.4.6/target/tmpfs/include -I/home/ann_an/branch-rtl819x-sdk-v3.4.6/target/tmpfs/include -DRELEASE=@RELEASE@ -Wall -W -pedantic -Wshadow -ansi -I/home/ann_an/branch-rtl819x-sdk-v3.4.6/users/CUnit-2.1-2/CUnit/Headers   -L/home/ann_an/branch-rtl819x-sdk-v3.4.6/users/CUnit-2.1-2/CUnit/Sources conftest.c -lc  >&5
configure:11062: $? = 0
configure:11062: result: yes
configure:11069: checking for fclose
configure:11069: rsdk-linux-gcc -o conftest -I/home/ann_an/branch-rtl819x-sdk-v3.4.6/target/tmpfs/include -I/home/ann_an/branch-rtl819x-sdk-v3.4.6/target/tmpfs/include -DRELEASE=@RELEASE@ -Wall -W -pedantic -Wshadow -ansi -I/home/ann_an/branch-rtl819x-sdk-v3.4.6/users/CUnit-2.1-2/CUnit/Headers   -L/home/ann_an/branch-rtl819x-sdk-v3.4.6/users/CUnit-2.1-2/CUnit/Sources conftest.c -lc  >&5
configure:11069: $? = 0
configure:11069: result: yes
configure:11076: checking for fprintf
configure:11076: rsdk-linux-gcc -o conftest -I/home/ann_an/branch-rtl819x-sdk-v3.4.6/target/tmpfs/include -I/home/ann_an/branch-rtl819x-sdk-v3.4.6/target/tmpfs/include -DRELEASE=@RELEASE@ -Wall -W -pedantic -Wshadow -ansi -I/home/ann_an/branch-rtl819x-sdk-v3.4.6/users/CUnit-2.1-2/CUnit/Headers   -L/home/ann_an/branch-rtl819x-sdk-v3.4.6/users/CUnit-2.1-2/CUnit/Sources conftest.c -lc  >&5
conftest.c:47: warning: conflicting types for built-in function 'fprintf'
configure:11076: $? = 0
configure:11076: result: yes
configure:11083: checking for setvbuf
configure:11083: rsdk-linux-gcc -o conftest -I/home/ann_an/branch-rtl819x-sdk-v3.4.6/target/tmpfs/include -I/home/ann_an/branch-rtl819x-sdk-v3.4.6/target/tmpfs/include -DRELEASE=@RELEASE@ -Wall -W -pedantic -Wshadow -ansi -I/home/ann_an/branch-rtl819x-sdk-v3.4.6/users/CUnit-2.1-2/CUnit/Headers   -L/home/ann_an/branch-rtl819x-sdk-v3.4.6/users/CUnit-2.1-2/CUnit/Sources conftest.c -lc  >&5
configure:11083: $? = 0
configure:11083: result: yes
configure:11091: checking for time
configure:11091: rsdk-linux-gcc -o conftest -I/home/ann_an/branch-rtl819x-sdk-v3.4.6/target/tmpfs/include -I/home/ann_an/branch-rtl819x-sdk-v3.4.6/target/tmpfs/include -DRELEASE=@RELEASE@ -Wall -W -pedantic -Wshadow -ansi -I/home/ann_an/branch-rtl819x-sdk-v3.4.6/users/CUnit-2.1-2/CUnit/Headers   -L/home/ann_an/branch-rtl819x-sdk-v3.4.6/users/CUnit-2.1-2/CUnit/Sources conftest.c -lc  >&5
configure:11091: $? = 0
configure:11091: result: yes
configure:11098: checking for ctime
configure:11098: rsdk-linux-gcc -o conftest -I/home/ann_an/branch-rtl819x-sdk-v3.4.6/target/tmpfs/include -I/home/ann_an/branch-rtl819x-sdk-v3.4.6/target/tmpfs/include -DRELEASE=@RELEASE@ -Wall -W -pedantic -Wshadow -ansi -I/home/ann_an/branch-rtl819x-sdk-v3.4.6/users/CUnit-2.1-2/CUnit/Headers   -L/home/ann_an/branch-rtl819x-sdk-v3.4.6/users/CUnit-2.1-2/CUnit/Sources conftest.c -lc  >&5
configure:11098: $? = 0
configure:11098: result: yes
configure:11106: checking for ANSI C header files
configure:11210: result: yes
configure:11220: checking assert.h usability
configure:11220: rsdk-linux-gcc -c -I/home/ann_an/branch-rtl819x-sdk-v3.4.6/target/tmpfs/include -I/home/ann_an/branch-rtl819x-sdk-v3.4.6/target/tmpfs/include -DRELEASE=@RELEASE@ -Wall -W -pedantic -Wshadow -ansi -I/home/ann_an/branch-rtl819x-sdk-v3.4.6/users/CUnit-2.1-2/CUnit/Headers  conftest.c >&5
configure:11220: $? = 0
configure:11220: result: yes
configure:11220: checking assert.h presence
configure:11220: rsdk-linux-gcc -E  conftest.c
configure:11220: $? = 0
configure:11220: result: yes
configure:11220: checking for assert.h
configure:11220: result: yes
configure:11232: checking ctype.h usability
configure:11232: rsdk-linux-gcc -c -I/home/ann_an/branch-rtl819x-sdk-v3.4.6/target/tmpfs/include -I/home/ann_an/branch-rtl819x-sdk-v3.4.6/target/tmpfs/include -DRELEASE=@RELEASE@ -Wall -W -pedantic -Wshadow -ansi -I/home/ann_an/branch-rtl819x-sdk-v3.4.6/users/CUnit-2.1-2/CUnit/Headers  conftest.c >&5
configure:11232: $? = 0
configure:11232: result: yes
configure:11232: checking ctype.h presence
configure:11232: rsdk-linux-gcc -E  conftest.c
configure:11232: $? = 0
configure:11232: result: yes
configure:11232: checking for ctype.h
configure:11232: result: yes
configure:11244: checking math.h usability
configure:11244: rsdk-linux-gcc -c -I/home/ann_an/branch-rtl819x-sdk-v3.4.6/target/tmpfs/include -I/home/ann_an/branch-rtl819x-sdk-v3.4.6/target/tmpfs/include -DRELEASE=@RELEASE@ -Wall -W -pedantic -Wshadow -ansi -I/home/ann_an/branch-rtl819x-sdk-v3.4.6/users/CUnit-2.1-2/CUnit/Headers  conftest.c >&5
configure:11244: $? = 0
configure:11244: result: yes
configure:11244: checking math.h presence
configure:11244: rsdk-linux-gcc -E  conftest.c
configure:11244: $? = 0
configure:11244: result: yes
configure:11244: checking for math.h
configure:11244: result: yes
configure:11256: checking file.h usability
configure:11256: rsdk-linux-gcc -c -I/home/ann_an/branch-rtl819x-sdk-v3.4.6/target/tmpfs/include -I/home/ann_an/branch-rtl819x-sdk-v3.4.6/target/tmpfs/include -DRELEASE=@RELEASE@ -Wall -W -pedantic -Wshadow -ansi -I/home/ann_an/branch-rtl819x-sdk-v3.4.6/users/CUnit-2.1-2/CUnit/Headers  conftest.c >&5
conftest.c:61:18: error: file.h: No such file or directory
configure:11256: $? = 1
configure: failed program was:
| /* confdefs.h */
| #define PACKAGE_NAME "CUnit"
| #define PACKAGE_TARNAME "cunit"
| #define PACKAGE_VERSION "2.1-2"
| #define PACKAGE_STRING "CUnit 2.1-2"
| #define PACKAGE_BUGREPORT ""
| #define PACKAGE_URL ""
| #define PACKAGE "CUnit"
| #define VERSION "2.1-2"
| #define STDC_HEADERS 1
| #define HAVE_SYS_TYPES_H 1
| #define HAVE_SYS_STAT_H 1
| #define HAVE_STDLIB_H 1
| #define HAVE_STRING_H 1
| #define HAVE_MEMORY_H 1
| #define HAVE_STRINGS_H 1
| #define HAVE_INTTYPES_H 1
| #define HAVE_STDINT_H 1
| #define HAVE_UNISTD_H 1
| #define HAVE_DLFCN_H 1
| #define LT_OBJDIR ".libs/"
| #define HAVE_LIBC 1
| #define STDC_HEADERS 1
| #define HAVE_ASSERT_H 1
| #define HAVE_CTYPE_H 1
| #define HAVE_MATH_H 1
| /* end confdefs.h.  */
| #include <stdio.h>
| #ifdef HAVE_SYS_TYPES_H
| # include <sys/types.h>
| #endif
| #ifdef HAVE_SYS_STAT_H
| # include <sys/stat.h>
| #endif
| #ifdef STDC_HEADERS
| # include <stdlib.h>
| # include <stddef.h>
| #else
| # ifdef HAVE_STDLIB_H
| #  include <stdlib.h>
| # endif
| #endif
| #ifdef HAVE_STRING_H
| # if !defined STDC_HEADERS && defined HAVE_MEMORY_H
| #  include <memory.h>
| # endif
| # include <string.h>
| #endif
| #ifdef HAVE_STRINGS_H
| # include <strings.h>
| #endif
| #ifdef HAVE_INTTYPES_H
| # include <inttypes.h>
| #endif
| #ifdef HAVE_STDINT_H
| # include <stdint.h>
| #endif
| #ifdef HAVE_UNISTD_H
| # include <unistd.h>
| #endif
| #include <file.h>
configure:11256: result: no
configure:11256: checking file.h presence
configure:11256: rsdk-linux-gcc -E  conftest.c
conftest.c:28:18: error: file.h: No such file or directory
configure:11256: $? = 1
configure: failed program was:
| /* confdefs.h */
| #define PACKAGE_NAME "CUnit"
| #define PACKAGE_TARNAME "cunit"
| #define PACKAGE_VERSION "2.1-2"
| #define PACKAGE_STRING "CUnit 2.1-2"
| #define PACKAGE_BUGREPORT ""
| #define PACKAGE_URL ""
| #define PACKAGE "CUnit"
| #define VERSION "2.1-2"
| #define STDC_HEADERS 1
| #define HAVE_SYS_TYPES_H 1
| #define HAVE_SYS_STAT_H 1
| #define HAVE_STDLIB_H 1
| #define HAVE_STRING_H 1
| #define HAVE_MEMORY_H 1
| #define HAVE_STRINGS_H 1
| #define HAVE_INTTYPES_H 1
| #define HAVE_STDINT_H 1
| #define HAVE_UNISTD_H 1
| #define HAVE_DLFCN_H 1
| #define LT_OBJDIR ".libs/"
| #define HAVE_LIBC 1
| #define STDC_HEADERS 1
| #define HAVE_ASSERT_H 1
| #define HAVE_CTYPE_H 1
| #define HAVE_MATH_H 1
| /* end confdefs.h.  */
| #include <file.h>
configure:11256: result: no
configure:11256: checking for file.h
configure:11256: result: no
configure:11268: checking stdio.h usability
configure:11268: rsdk-linux-gcc -c -I/home/ann_an/branch-rtl819x-sdk-v3.4.6/target/tmpfs/include -I/home/ann_an/branch-rtl819x-sdk-v3.4.6/target/tmpfs/include -DRELEASE=@RELEASE@ -Wall -W -pedantic -Wshadow -ansi -I/home/ann_an/branch-rtl819x-sdk-v3.4.6/users/CUnit-2.1-2/CUnit/Headers  conftest.c >&5
configure:11268: $? = 0
configure:11268: result: yes
configure:11268: checking stdio.h presence
configure:11268: rsdk-linux-gcc -E  conftest.c
configure:11268: $? = 0
configure:11268: result: yes
configure:11268: checking for stdio.h
configure:11268: result: yes
configure:11280: checking for stdlib.h
configure:11280: result: yes
configure:11292: checking for string.h
configure:11292: result: yes
configure:11306: checking for an ANSI C-conforming const
configure:11372: rsdk-linux-gcc -c -I/home/ann_an/branch-rtl819x-sdk-v3.4.6/target/tmpfs/include -I/home/ann_an/branch-rtl819x-sdk-v3.4.6/target/tmpfs/include -DRELEASE=@RELEASE@ -Wall -W -pedantic -Wshadow -ansi -I/home/ann_an/branch-rtl819x-sdk-v3.4.6/users/CUnit-2.1-2/CUnit/Headers  conftest.c >&5
configure:11372: $? = 0
configure:11379: result: yes
configure:11523: checking that generated files are newer than configure
configure:11529: result: done
configure:11576: creating ./config.status

## ---------------------- ##
## Running config.status. ##
## ---------------------- ##

This file was extended by CUnit config.status 2.1-2, which was
generated by GNU Autoconf 2.69.  Invocation command line was

  CONFIG_FILES    = 
  CONFIG_HEADERS  = 
  CONFIG_LINKS    = 
  CONFIG_COMMANDS = 
  $ ./config.status 

on 196Server

config.status:1123: creating Jamrules
config.status:1123: creating Makefile
config.status:1123: creating CUnit.spec
config.status:1123: creating cunit.pc
config.status:1123: creating CUnit/Makefile
config.status:1123: creating CUnit/Headers/Makefile
config.status:1123: creating CUnit/Headers/CUnit.h
config.status:1123: creating CUnit/Sources/Makefile
config.status:1123: creating CUnit/Sources/Framework/Makefile
config.status:1123: creating CUnit/Sources/Automated/Makefile
config.status:1123: creating CUnit/Sources/Basic/Makefile
config.status:1123: creating CUnit/Sources/Console/Makefile
config.status:1123: creating CUnit/Sources/Curses/Makefile
config.status:1123: creating CUnit/Sources/Test/Makefile
config.status:1123: creating doc/Makefile
config.status:1123: creating doc/headers/Makefile
config.status:1123: creating Examples/Makefile
config.status:1123: creating Examples/AutomatedTest/Makefile
config.status:1123: creating Examples/BasicTest/Makefile
config.status:1123: creating Examples/ConsoleTest/Makefile
config.status:1123: creating Examples/CursesTest/Makefile
config.status:1123: creating Man/Makefile
config.status:1123: creating Man/man3/Makefile
config.status:1123: creating Share/Makefile
config.status:1123: creating config.h
config.status:1304: config.h is unchanged
config.status:1352: executing depfiles commands
config.status:1352: executing libtool commands

## ---------------- ##
## Cache variables. ##
## ---------------- ##

ac_cv_build=x86_64-unknown-linux-gnu
ac_cv_c_compiler_gnu=yes
ac_cv_c_const=yes
ac_cv_env_CC_set=set
ac_cv_env_CC_value=rsdk-linux-gcc
ac_cv_env_CFLAGS_set=set
ac_cv_env_CFLAGS_value='-I/home/ann_an/branch-rtl819x-sdk-v3.4.6/target/tmpfs/include -I/home/ann_an/branch-rtl819x-sdk-v3.4.6/target/tmpfs/include'
ac_cv_env_CPPFLAGS_set=
ac_cv_env_CPPFLAGS_value=
ac_cv_env_CPP_set=
ac_cv_env_CPP_value=
ac_cv_env_LDFLAGS_set=
ac_cv_env_LDFLAGS_value=
ac_cv_env_LIBS_set=
ac_cv_env_LIBS_value=
ac_cv_env_build_alias_set=
ac_cv_env_build_alias_value=
ac_cv_env_host_alias_set=set
ac_cv_env_host_alias_value=mips-linux
ac_cv_env_target_alias_set=
ac_cv_env_target_alias_value=
ac_cv_func_calloc=yes
ac_cv_func_ctime=yes
ac_cv_func_fclose=yes
ac_cv_func_fopen=yes
ac_cv_func_fprintf=yes
ac_cv_func_free=yes
ac_cv_func_malloc=yes
ac_cv_func_realloc=yes
ac_cv_func_setvbuf=yes
ac_cv_func_strcpy=yes
ac_cv_func_strerror=yes
ac_cv_func_time=yes
ac_cv_header_assert_h=yes
ac_cv_header_ctype_h=yes
ac_cv_header_dlfcn_h=yes
ac_cv_header_file_h=no
ac_cv_header_inttypes_h=yes
ac_cv_header_math_h=yes
ac_cv_header_memory_h=yes
ac_cv_header_stdc=yes
ac_cv_header_stdint_h=yes
ac_cv_header_stdio_h=yes
ac_cv_header_stdlib_h=yes
ac_cv_header_string_h=yes
ac_cv_header_strings_h=yes
ac_cv_header_sys_stat_h=yes
ac_cv_header_sys_types_h=yes
ac_cv_header_unistd_h=yes
ac_cv_host=mips-unknown-linux-gnu
ac_cv_lib_c_main=yes
ac_cv_objext=o
ac_cv_path_EGREP='/bin/grep -E'
ac_cv_path_FGREP='/bin/grep -F'
ac_cv_path_GREP=/bin/grep
ac_cv_path_SED=/bin/sed
ac_cv_path_install='/usr/bin/install -c'
ac_cv_path_mkdir=/bin/mkdir
ac_cv_prog_AR=rsdk-linux-ar
ac_cv_prog_AWK=gawk
ac_cv_prog_CC=rsdk-linux-gcc
ac_cv_prog_CPP='rsdk-linux-gcc -E'
ac_cv_prog_OBJDUMP=mips-linux-objdump
ac_cv_prog_RANLIB=rsdk-linux-ranlib
ac_cv_prog_STRIP=rsdk-linux-strip
ac_cv_prog_cc_c89=
ac_cv_prog_cc_g=yes
ac_cv_prog_make_make_set=yes
am_cv_CC_dependencies_compiler_type=gcc3
am_cv_make_support_nested_variables=yes
am_cv_prog_cc_c_o=yes
lt_cv_deplibs_check_method=pass_all
lt_cv_file_magic_cmd='$MAGIC_CMD'
lt_cv_file_magic_test_file=
lt_cv_ld_reload_flag=-r
lt_cv_nm_interface='BSD nm'
lt_cv_objdir=.libs
lt_cv_path_LD=rsdk-linux-gcc
lt_cv_path_NM='/home/ann_an/branch-rtl819x-sdk-v3.4.6/toolchain/rsdk-1.5.5-4181-EB-2.6.30-0.9.30.3-110225/bin/mips-linux-nm -B'
lt_cv_prog_compiler_c_o=yes
lt_cv_prog_compiler_pic_works=yes
lt_cv_prog_compiler_rtti_exceptions=no
lt_cv_prog_compiler_static_works=yes
lt_cv_prog_gnu_ld=no
lt_cv_sys_global_symbol_pipe='sed -n -e '\''s/^.*[	 ]\([ABCDGIRSTW][ABCDGIRSTW]*\)[	 ][	 ]*\([_A-Za-z][_A-Za-z0-9]*\)$/\1 \2 \2/p'\'''
lt_cv_sys_global_symbol_to_c_name_address='sed -n -e '\''s/^: \([^ ]*\) $/  {\"\1\", (void *) 0},/p'\'' -e '\''s/^[ABCDGIRSTW]* \([^ ]*\) \([^ ]*\)$/  {"\2", (void *) \&\2},/p'\'''
lt_cv_sys_global_symbol_to_c_name_address_lib_prefix='sed -n -e '\''s/^: \([^ ]*\) $/  {\"\1\", (void *) 0},/p'\'' -e '\''s/^[ABCDGIRSTW]* \([^ ]*\) \(lib[^ ]*\)$/  {"\2", (void *) \&\2},/p'\'' -e '\''s/^[ABCDGIRSTW]* \([^ ]*\) \([^ ]*\)$/  {"lib\2", (void *) \&\2},/p'\'''
lt_cv_sys_global_symbol_to_cdecl='sed -n -e '\''s/^T .* \(.*\)$/extern int \1();/p'\'' -e '\''s/^[ABCDGIRSTW]* .* \(.*\)$/extern char \1;/p'\'''
lt_cv_sys_max_cmd_len=1966080

## ----------------- ##
## Output variables. ##
## ----------------- ##

ACLOCAL='aclocal-1.14'
AMDEPBACKSLASH='\'
AMDEP_FALSE='#'
AMDEP_TRUE=''
AMTAR='$${TAR-tar}'
AM_BACKSLASH='\'
AM_DEFAULT_V='$(AM_DEFAULT_VERBOSITY)'
AM_DEFAULT_VERBOSITY='1'
AM_V='$(V)'
AR='rsdk-linux-ar'
AUTOCONF='autoconf'
AUTOHEADER='autoheader'
AUTOMAKE='automake-1.14'
AWK='gawk'
BUILD_AUTOMATED='TRUE'
BUILD_BASIC='TRUE'
BUILD_CONSOLE='TRUE'
BUILD_CURSES='FALSE'
BUILD_EXAMPLES='FALSE'
BUILD_TEST='FALSE'
CC='rsdk-linux-gcc'
CCDEPMODE='depmode=gcc3'
CFLAGS='-I/home/ann_an/branch-rtl819x-sdk-v3.4.6/target/tmpfs/include -I/home/ann_an/branch-rtl819x-sdk-v3.4.6/target/tmpfs/include -DRELEASE=@RELEASE@ -Wall -W -pedantic -Wshadow -ansi -I/home/ann_an/branch-rtl819x-sdk-v3.4.6/users/CUnit-2.1-2/CUnit/Headers'
CPP='rsdk-linux-gcc -E'
CPPFLAGS=''
CURSES_LIB=''
CYGPATH_W='echo'
DEFS='-DHAVE_CONFIG_H'
DEPDIR='.deps'
DSYMUTIL=''
DUMPBIN=''
ECHO_C=''
ECHO_N='-n'
ECHO_T=''
EGREP='/bin/grep -E'
ENABLE_AUTOMATED_FALSE='#'
ENABLE_AUTOMATED_TRUE=''
ENABLE_BASIC_FALSE='#'
ENABLE_BASIC_TRUE=''
ENABLE_CONSOLE_FALSE='#'
ENABLE_CONSOLE_TRUE=''
ENABLE_CURSES_FALSE=''
ENABLE_CURSES_TRUE='#'
ENABLE_DEBUG='FALSE'
ENABLE_DEPRECATED='FALSE'
ENABLE_EXAMPLES_FALSE=''
ENABLE_EXAMPLES_TRUE='#'
ENABLE_MEMTRACE='FALSE'
ENABLE_TEST_FALSE=''
ENABLE_TEST_TRUE='#'
EXEEXT=''
FGREP='/bin/grep -F'
GREP='/bin/grep'
INSTALL_DATA='${INSTALL} -m 644'
INSTALL_PROGRAM='${INSTALL}'
INSTALL_SCRIPT='${INSTALL}'
INSTALL_STRIP_PROGRAM='$(install_sh) -c -s'
LD='rsdk-linux-gcc'
LDFLAGS=' -L/home/ann_an/branch-rtl819x-sdk-v3.4.6/users/CUnit-2.1-2/CUnit/Sources'
LIBOBJS=''
LIBS='-lc '
LIBTOOL='$(SHELL) $(top_builddir)/libtool'
LIBTOOL_AGE='0'
LIBTOOL_CURRENT='1'
LIBTOOL_REVISION='1'
LIBTOOL_SUFFIX1='1'
LIBTOOL_SUFFIX='1.0.1'
LIPO=''
LN_S='ln -s'
LTLIBOBJS=''
MAKEINFO='makeinfo'
MKDIR_P='/bin/mkdir -p'
NM='/home/ann_an/branch-rtl819x-sdk-v3.4.6/toolchain/rsdk-1.5.5-4181-EB-2.6.30-0.9.30.3-110225/bin/mips-linux-nm -B'
NMEDIT=''
OBJDUMP='mips-linux-objdump'
OBJEXT='o'
OTOOL64=''
OTOOL=''
PACKAGE='CUnit'
PACKAGE_BUGREPORT=''
PACKAGE_NAME='CUnit'
PACKAGE_STRING='CUnit 2.1-2'
PACKAGE_TARNAME='cunit'
PACKAGE_URL=''
PACKAGE_VERSION='2.1-2'
PATH_SEPARATOR=':'
RANLIB='rsdk-linux-ranlib'
RELEASE='2'
SED='/bin/sed'
SET_MAKE=''
SHELL='/bin/sh'
STRIP='rsdk-linux-strip'
VERSION='2.1'
VERSION_MAJOR='2'
VERSION_MINOR='1'
ac_ct_CC=''
ac_ct_DUMPBIN=''
am__EXEEXT_FALSE=''
am__EXEEXT_TRUE='#'
am__fastdepCC_FALSE='#'
am__fastdepCC_TRUE=''
am__include='include'
am__isrc=''
am__leading_dot='.'
am__nodep='_no'
am__quote=''
am__tar='$${TAR-tar} chof - "$$tardir"'
am__untar='$${TAR-tar} xf -'
bindir='${exec_prefix}/bin'
build='x86_64-unknown-linux-gnu'
build_alias=''
build_cpu='x86_64'
build_os='linux-gnu'
build_vendor='unknown'
datadir='${datarootdir}'
datarootdir='${prefix}/share'
docdir='${datarootdir}/doc/${PACKAGE_TARNAME}'
dvidir='${docdir}'
exec_prefix='${prefix}'
host='mips-unknown-linux-gnu'
host_alias='mips-linux'
host_cpu='mips'
host_os='linux-gnu'
host_vendor='unknown'
htmldir='${docdir}'
includedir='${prefix}/include'
infodir='${datarootdir}/info'
install_sh='${SHELL} /home/ann_an/branch-rtl819x-sdk-v3.4.6/users/CUnit-2.1-2/install-sh'
libdir='${exec_prefix}/lib'
libexecdir='${exec_prefix}/libexec'
localedir='${datarootdir}/locale'
localstatedir='${prefix}/var'
lt_ECHO='echo'
mandir='${datarootdir}/man'
mkdir_p='$(MKDIR_P)'
oldincludedir='/usr/include'
pdfdir='${docdir}'
prefix='/usr/local'
program_transform_name='s,x,x,'
psdir='${docdir}'
sbindir='${exec_prefix}/sbin'
sharedstatedir='${prefix}/com'
sysconfdir='${prefix}/etc'
target_alias=''

## ----------- ##
## confdefs.h. ##
## ----------- ##

/* confdefs.h */
#define PACKAGE_NAME "CUnit"
#define PACKAGE_TARNAME "cunit"
#define PACKAGE_VERSION "2.1-2"
#define PACKAGE_STRING "CUnit 2.1-2"
#define PACKAGE_BUGREPORT ""
#define PACKAGE_URL ""
#define PACKAGE "CUnit"
#define VERSION "2.1-2"
#define STDC_HEADERS 1
#define HAVE_SYS_TYPES_H 1
#define HAVE_SYS_STAT_H 1
#define HAVE_STDLIB_H 1
#define HAVE_STRING_H 1
#define HAVE_MEMORY_H 1
#define HAVE_STRINGS_H 1
#define HAVE_INTTYPES_H 1
#define HAVE_STDINT_H 1
#define HAVE_UNISTD_H 1
#define HAVE_DLFCN_H 1
#define LT_OBJDIR ".libs/"
#define HAVE_LIBC 1
#define STDC_HEADERS 1
#define HAVE_ASSERT_H 1
#define HAVE_CTYPE_H 1
#define HAVE_MATH_H 1
#define HAVE_STDIO_H 1
#define HAVE_STDLIB_H 1
#define HAVE_STRING_H 1

configure: exit 0
